
  EPA STORM WATER MANAGEMENT MODEL - VERSION 5.2 (Build 5.2.4)
  ------------------------------------------------------------

  WARNING 04: minimum elevation drop used for Conduit 780
  WARNING 04: minimum elevation drop used for Conduit 781
  WARNING 04: minimum elevation drop used for Conduit 782
  WARNING 04: minimum elevation drop used for Conduit 783
  WARNING 04: minimum elevation drop used for Conduit 784
  WARNING 04: minimum elevation drop used for Conduit 797
  
  ****************
  Analysis Options
  ****************
  Flow Units ............... CFS
  Process Models:
    Rainfall/Runoff ........ NO
    RDII ................... NO
    Snowmelt ............... NO
    Groundwater ............ NO
    Flow Routing ........... YES
    Ponding Allowed ........ YES
    Water Quality .......... NO
  Flow Routing Method ...... DYNWAVE
  Surcharge Method ......... EXTRAN
  Starting Date ............ 07/23/2010 17:40:00
  Ending Date .............. 07/25/2010 20:00:00
  Antecedent Dry Days ...... 5.0
  Report Time Step ......... 00:01:00
  Routing Time Step ........ 1.00 sec
  Variable Time Step ....... YES
  Maximum Trials ........... 8
  Number of Threads ........ 1
  Head Tolerance ........... 0.005000 ft
  
  
  **************************        Volume        Volume
  Flow Routing Continuity        acre-feet      10^6 gal
  **************************     ---------     ---------
  Dry Weather Inflow .......         0.000         0.000
  Wet Weather Inflow .......         0.000         0.000
  Groundwater Inflow .......         0.000         0.000
  RDII Inflow ..............         0.000         0.000
  External Inflow ..........      6699.664      2183.186
  External Outflow .........         0.000         0.000
  Flooding Loss ............         0.000         0.000
  Evaporation Loss .........         0.000         0.000
  Exfiltration Loss ........         0.000         0.000
  Initial Stored Volume ....         0.001         0.000
  Final Stored Volume ......      6609.711      2153.873
  Continuity Error (%) .....         1.343
  
  
  *************************
  Highest Continuity Errors
  *************************
  Node CALUMET_PS (87.32%)
  Node STO-335 (81.26%)
  Node 333 (34.21%)
  Node 298 (26.96%)
  Node 275 (19.04%)
  
  
  ***************************
  Time-Step Critical Elements
  ***************************
  Link 607 (18.25%)
  
  
  ********************************
  Highest Flow Instability Indexes
  ********************************
  Link 290 (80)
  Link 207 (78)
  Link 206 (75)
  Link 733 (65)
  Link 600 (64)
  
  
  *********************************
  Most Frequent Nonconverging Nodes
  *********************************
  Node DUMMY_OUTFALL (48.45%)
  Node 430 (18.97%)
  Node CDS-14 (13.08%)
  Node CDS-10 (12.51%)
  Node CDS-12 (10.59%)
  
  
  *************************
  Routing Time Step Summary
  *************************
  Minimum Time Step           :     0.50 sec
  Average Time Step           :     0.97 sec
  Maximum Time Step           :     1.00 sec
  % of Time in Steady State   :     0.00
  Average Iterations per Step :     5.64
  % of Steps Not Converging   :    48.45
  Time Step Frequencies       :
      1.000 -  0.871 sec      :    89.55 %
      0.871 -  0.758 sec      :     5.53 %
      0.758 -  0.660 sec      :     4.68 %
      0.660 -  0.574 sec      :     0.05 %
      0.574 -  0.500 sec      :     0.19 %
  
  
  ******************
  Node Depth Summary
  ******************
  
  ---------------------------------------------------------------------------------
                                 Average  Maximum  Maximum  Time of Max    Reported
                                   Depth    Depth      HGL   Occurrence   Max Depth
  Node                 Type         Feet     Feet     Feet  days hr:min        Feet
  ---------------------------------------------------------------------------------
  105                  JUNCTION    57.68    90.02  -218.98     2  02:19       90.00
  126                  JUNCTION    59.55    92.33  -218.94     2  02:19       92.28
  137                  JUNCTION     0.00     0.00  -193.85     0  00:00        0.00
  170                  JUNCTION    63.19    99.50  -215.74     0  10:42       96.25
  221                  JUNCTION    32.67    59.49  -218.92     2  02:19       59.44
  230                  JUNCTION    66.41   165.10  -153.45     0  10:42      112.43
  266                  JUNCTION    67.06   100.13  -218.97     2  02:19      100.10
  272                  JUNCTION    67.64   100.66  -218.96     2  02:19      100.65
  275                  JUNCTION    61.65    94.28  -218.95     2  02:19       94.26
  280                  JUNCTION    68.40   101.35  -218.96     2  02:19      101.32
  282                  JUNCTION    61.40    93.99  -218.96     2  02:19       93.98
  288                  JUNCTION    66.58    99.84  -218.94     2  02:19       99.79
  289                  JUNCTION    67.00    99.84  -218.95     2  02:19       99.79
  291                  JUNCTION    66.84    99.67  -218.93     2  02:19       99.63
  293                  JUNCTION    53.80    85.33  -218.94     2  02:19       85.30
  294                  JUNCTION    54.87    86.43  -218.94     2  02:20       86.43
  296                  JUNCTION    68.43   101.43  -218.94     2  02:19      101.40
  298                  JUNCTION    49.74    80.61  -218.94     2  02:19       80.59
  324                  JUNCTION    62.60    94.78  -218.94     2  02:19       94.74
  333                  JUNCTION    48.27    78.89  -218.93     2  02:19       78.85
  353                  JUNCTION    57.71    89.70  -218.92     2  02:19       89.61
  363                  JUNCTION    69.72   102.81  -218.95     2  02:19      102.77
  364                  JUNCTION    58.36    90.43  -218.93     2  02:19       90.36
  374                  JUNCTION   262.06   352.97    55.91     1  21:12      352.97
  394                  JUNCTION     0.00     0.00  -206.12     0  00:00        0.00
  400                  JUNCTION     3.83     7.73  -218.87     2  02:20        7.73
  CRFD_IG_DS           JUNCTION     3.73     7.26  -218.87     2  02:20        7.26
  CRFD_IG_US           JUNCTION    16.32    79.73  -146.27     0  08:05       61.71
  417                  JUNCTION    16.15    79.55  -146.27     0  08:05       61.42
  424                  JUNCTION    15.94    79.28  -146.32     0  08:05       61.06
  430                  JUNCTION    21.32    42.74  -218.86     2  02:19       42.73
  CSRS                 JUNCTION    15.33    78.48  -146.50     0  08:05       59.90
  450                  JUNCTION     6.36    56.90  -143.57     0  08:05       34.40
  463                  JUNCTION   260.94   351.71    55.90     1  19:13      351.70
  497                  JUNCTION   258.96   349.47    55.87     1  20:52      349.46
  514                  JUNCTION    71.43   104.61  -218.95     2  02:19      104.57
  522                  JUNCTION    49.25    87.39  -211.27     0  10:42       79.68
  554                  JUNCTION    72.52   105.77  -218.94     2  02:19      105.75
  558                  JUNCTION    68.48   101.48  -218.95     2  02:19      101.44
  56                   JUNCTION     1.16     5.82  -142.41     1  04:55        5.82
  CALUMET_PS           JUNCTION    72.77   106.01  -218.96     2  02:19      105.99
  61                   JUNCTION     1.07     3.01  -265.85     0  13:55        3.01
  620                  JUNCTION   253.59   343.23    55.82     2  00:12      343.23
  623                  JUNCTION   241.56   329.49    55.90     1  20:13      329.49
  68                   JUNCTION     0.00     0.00  -285.65     0  13:55        0.00
  684                  JUNCTION     3.36    15.25  -169.81     0  09:34       15.24
  685                  JUNCTION     0.79     7.50  -169.16     0  09:43        7.37
  687                  JUNCTION     1.37     7.23  -169.38     0  09:30        7.22
  69                   JUNCTION    55.41    87.80  -218.98     2  02:19       87.74
  700                  JUNCTION     2.71    11.44  -169.74     0  09:35       11.44
  710                  JUNCTION     2.48     8.97  -169.58     0  09:36        8.97
  722                  JUNCTION     2.27     7.02  -168.51     0  07:49        7.02
  731                  JUNCTION     2.23     6.91  -166.67     0  07:46        6.91
  734                  JUNCTION     0.82     2.46  -163.34     0  07:45        2.46
  765                  JUNCTION     2.05     6.73  -166.67     0  07:46        6.73
  769                  JUNCTION   244.64   332.62    55.82     1  21:02      332.62
  771                  JUNCTION   233.01   319.03    55.84     1  21:23      319.03
  84                   JUNCTION    56.49    88.93  -218.98     2  02:19       88.88
  91                   JUNCTION    58.03    90.64  -218.98     2  02:19       90.59
  CDS-10               JUNCTION    32.90    58.02  -218.85     2  02:19       57.97
  CDS-105th            JUNCTION     2.74     8.98  -156.80     0  07:45        8.98
  CDS-107th            JUNCTION     2.27     7.01  -168.44     0  07:49        7.01
  CDS-11               JUNCTION    35.53    61.42  -218.85     2  02:19       61.36
  CDS-110th            JUNCTION     2.47     8.91  -169.57     0  09:36        8.91
  CDS-112th            JUNCTION     2.71    11.37  -169.73     0  09:35       11.37
  CDS-116th            JUNCTION     1.25     4.36  -168.95     0  12:48        4.36
  CDS-117th            JUNCTION     3.38    15.77  -169.68     0  09:35       15.76
  CDS-12               JUNCTION    49.76    79.14  -218.89     2  02:19       79.09
  CDS-127th            JUNCTION     5.35   224.82    28.37     0  08:05       28.67
  CDS-13               JUNCTION    66.92    99.82  -218.94     2  02:19       99.80
  CDS-14               JUNCTION    59.58    91.75  -218.95     2  02:19       91.74
  CDS-15-1             JUNCTION    58.93    90.32  -218.93     2  02:19       90.28
  CDS-15-2             JUNCTION    68.62   101.62  -218.95     2  02:19      101.60
  CDS-16               JUNCTION    58.19    90.27  -218.90     2  02:19       90.22
  CDS-17               JUNCTION    57.04    88.92  -218.92     2  02:19       88.88
  CDS-18               JUNCTION    60.01   289.87   -21.46     0  10:51       92.37
  CDS-19               JUNCTION    56.14    87.93  -218.94     2  02:19       87.91
  CDS-2                JUNCTION     6.16    14.80  -218.87     2  02:20       14.80
  CDS-20               JUNCTION    53.84    85.24  -218.93     2  02:19       85.22
  CDS-21               JUNCTION    39.59    94.27  -192.73     0  11:04       68.05
  CDS-22               JUNCTION    39.02   127.90  -158.42     0  11:04       67.35
  CDS-23               JUNCTION    35.74    81.07  -201.28     0  13:02       63.38
  CDS-24               JUNCTION    31.99    58.60  -218.92     2  02:16       58.57
  CDS-25               JUNCTION    48.88    87.59  -210.63     0  10:42       79.24
  CDS-26               JUNCTION   258.44   348.90    55.89     1  21:33      348.87
  CDS-28               JUNCTION   241.53   329.45    55.92     1  20:13      329.43
  CDS-32               JUNCTION   232.73   318.62    55.86     1  21:22      318.60
  CDS-33               JUNCTION   237.34   324.03    55.89     1  20:03      323.98
  CDS-34               JUNCTION   238.27   325.02    55.89     1  20:04      324.99
  CDS-36               JUNCTION   234.85   321.22    55.87     1  20:03      321.20
  CDS-39               JUNCTION     0.93     3.43  -137.66     1  04:55        3.43
  CDS-4                JUNCTION    11.25    26.90  -218.83     2  02:18       26.85
  CDS-41               JUNCTION     1.21     6.11  -146.77     0  13:42        6.11
  CDS-42               JUNCTION     1.61     7.99  -148.46     0  13:43        7.99
  CDS-43               JUNCTION     1.63     8.06  -152.31     0  13:46        8.06
  CDS-45               JUNCTION     1.74     8.54  -163.14     0  13:55        8.54
  CDS-47               JUNCTION    60.78    93.73  -218.92     2  02:19       93.64
  CDS-48               JUNCTION    58.97    91.66  -218.97     2  02:19       91.60
  CDS-5                JUNCTION    12.53    29.12  -218.84     2  02:18       29.08
  CDS-51               JUNCTION     1.34     6.26  -171.25     1  05:06        6.26
  CDS-52               JUNCTION     1.15     5.73  -157.34     1  05:06        5.73
  CDS-53               JUNCTION     1.15     5.78  -136.82     1  04:53        5.78
  CDS-55               JUNCTION     1.12     5.54  -131.87     1  04:54        5.54
  CDS-57               JUNCTION     0.67     2.51  -263.75     0  13:31        2.51
  CDS-59               JUNCTION    53.27    85.50  -219.00     2  02:19       85.48
  CDS-6                JUNCTION    13.45    30.93  -218.83     2  02:19       30.89
  CDS-7                JUNCTION    20.57    41.58  -218.86     2  02:19       41.56
  CDS-8                JUNCTION    24.31    46.69  -218.80     2  02:20       46.69
  CDS-9                JUNCTION    24.28    46.81  -218.80     2  02:19       46.68
  CDS-C1               JUNCTION    40.52    69.70  -219.01     2  02:20       69.70
  CDS-CentralPark      JUNCTION     2.51     9.22  -151.42     0  07:43        9.22
  CDS-Hamlin           JUNCTION     2.52     9.14  -154.18     0  07:44        9.14
  CDS-Homan            JUNCTION     2.51     9.29  -148.77     0  07:42        9.29
  CDS-Lawndale         JUNCTION     2.51     9.18  -152.80     0  07:44        9.18
  CDS-Spaulding        JUNCTION     2.25     7.54  -146.54     0  07:39        7.54
  CDS-Springfield      JUNCTION     2.55     9.07  -155.57     0  07:45        9.07
  CDWF-27              JUNCTION   255.94   346.02    55.86     1  23:13      345.99
  CDWF-30              JUNCTION   250.25   339.31    55.83     1  21:52      339.30
  DUMMY_OUTFALL        OUTFALL      0.00     0.00     0.00     0  00:00        0.00
  RES                  STORAGE     47.03    78.46  -219.04     2  02:20       78.46
  STO-334              STORAGE     48.25    78.84  -218.96     2  02:19       78.84
  STO-335              STORAGE    262.67   353.67    55.95     1  21:12      353.66
  
  
  *******************
  Node Inflow Summary
  *******************
  
  -------------------------------------------------------------------------------------------------
                                  Maximum  Maximum                  Lateral       Total        Flow
                                  Lateral    Total  Time of Max      Inflow      Inflow     Balance
                                   Inflow   Inflow   Occurrence      Volume      Volume       Error
  Node                 Type           CFS      CFS  days hr:min    10^6 gal    10^6 gal     Percent
  -------------------------------------------------------------------------------------------------
  105                  JUNCTION      0.00  2063.09     0  13:59           0         317       0.548
  126                  JUNCTION      0.00  4157.63     0  13:41           0    1.34e+03       0.179
  137                  JUNCTION      0.00     0.00     0  00:00           0           0       0.000 gal
  170                  JUNCTION      0.00  4111.13     0  13:42           0    1.36e+03       1.291
  221                  JUNCTION      0.00   702.07     1  05:15           0         105       2.604
  230                  JUNCTION      0.00  4111.11     0  13:41           0    1.38e+03       1.354
  266                  JUNCTION      0.00  4111.28     0  13:41           0    1.46e+03       2.348
  272                  JUNCTION      0.00  4026.46     0  08:05           0    1.22e+03       0.105
  275                  JUNCTION      0.00   585.39     0  10:42           0        2.39      23.523
  280                  JUNCTION      0.00  4003.05     0  08:05           0    1.24e+03       0.168
  282                  JUNCTION      0.00   425.53     0  10:42           0        1.91      27.910
  288                  JUNCTION      0.00   129.05     0  10:42           0       0.891      18.752
  289                  JUNCTION      0.00  2888.22     0  08:05           0    1.01e+03       0.079
  291                  JUNCTION      0.00  2888.46     0  08:05           0    1.02e+03       0.238
  293                  JUNCTION      0.00   170.38     0  11:04           0       0.464     186.845
  294                  JUNCTION      0.00   982.01     0  10:37           0         127       8.398
  296                  JUNCTION      0.00  1175.05     0  08:13           0         240       0.592
  298                  JUNCTION      0.00   858.43     0  10:38           0        16.9      36.920
  324                  JUNCTION      0.00  2890.71     0  08:05           0    1.02e+03       0.436
  333                  JUNCTION      0.00   432.78     0  10:45           0        9.93      52.000
  353                  JUNCTION      0.00    78.44     0  07:31           0        8.74       1.362
  363                  JUNCTION      0.00  1171.14     0  08:13           0         241       3.068
  364                  JUNCTION      0.00    97.88     0  07:28           0        10.4       0.715
  374                  JUNCTION      0.00   954.17     0  11:17           0        29.2      13.903
  394                  JUNCTION      0.00     0.00     0  00:00           0           0       0.000 gal
  400                  JUNCTION      0.00   845.96     0  08:05           0         431       0.263
  CRFD_IG_DS           JUNCTION     82.16   887.11     0  08:05        86.4         431       0.017
  CRFD_IG_US           JUNCTION     94.01   819.10     0  08:05        86.5         344       0.015
  417                  JUNCTION      0.00   849.33     0  08:05           0         258       0.025
  424                  JUNCTION      0.00   952.20     0  08:05           0         258       0.050
  430                  JUNCTION      0.00  1304.61     0  14:09           0         671       0.332
  CSRS                 JUNCTION     46.69  1300.98     1  04:54        54.3         259      -0.180
  450                  JUNCTION      0.00   991.94     0  08:05           0         205       0.061
  463                  JUNCTION      0.00   951.28     0  11:17           0        48.6      13.016
  497                  JUNCTION      0.00   942.68     0  11:17           0        52.6       9.002
  514                  JUNCTION      0.00  1106.86     0  08:08           0         231       3.719
  522                  JUNCTION      0.00   105.89     0  07:53           0        11.4       8.512
  554                  JUNCTION      0.00   973.71     0  08:08           0         209       1.956
  558                  JUNCTION      0.00   969.53     0  08:08           0         207       1.182
  56                   JUNCTION      0.00   700.68     1  04:53           0        86.3      -0.111
  CALUMET_PS           JUNCTION      0.00    46.69     0  03:04           0        1.08     688.591
  61                   JUNCTION      0.00    80.43     0  13:32           0        9.47       1.516
  620                  JUNCTION      0.00  1170.79     0  07:20           0         105      18.739
  623                  JUNCTION      0.00   233.48     0  11:18           0        17.5      17.891
  68                   JUNCTION      0.00    59.58     0  13:55           0        9.33      -0.000
  684                  JUNCTION      0.00  1090.92     0  13:05           0         205       0.051
  685                  JUNCTION      0.00   306.70     0  10:44           0        37.8      -0.023
  687                  JUNCTION      0.00   206.14     0  09:03           0        36.9       0.072
  69                   JUNCTION      0.00  6213.33     0  13:52           0    1.64e+03       0.683
  700                  JUNCTION      0.00   826.22     0  07:52           0         168      -0.016
  710                  JUNCTION      0.00   827.31     0  07:50           0         168      -0.009
  722                  JUNCTION      0.00   809.20     0  07:47           0         165      -0.005
  731                  JUNCTION      0.00   778.26     0  07:45           0         161       0.005
  734                  JUNCTION      0.00   778.26     0  07:45           0         161       0.001
  765                  JUNCTION      0.00     2.12     0  00:36           0      0.0847       1.428
  769                  JUNCTION      0.00  1260.97     0  07:30           0         176      19.905
  771                  JUNCTION      0.00   335.20     0  07:29           0        29.5      10.134
  84                   JUNCTION      0.00  6154.12     0  13:52           0    1.64e+03       0.585
  91                   JUNCTION      0.00  6154.05     0  13:52           0    1.66e+03       0.688
  CDS-10               JUNCTION    810.62  2195.81     0  08:02         223         920       0.746
  CDS-105th            JUNCTION      0.00   778.27     0  07:45           0         161       0.005
  CDS-107th            JUNCTION     32.73   809.73     0  07:47        3.71         165       0.020
  CDS-11               JUNCTION    305.37  2497.40     0  08:03          45         958       0.952
  CDS-110th            JUNCTION     19.91   828.02     0  07:49        3.18         168       0.040
  CDS-112th            JUNCTION      0.00   827.18     0  07:51           0         168       0.040
  CDS-116th            JUNCTION    159.83   159.83     0  07:54        36.1        36.1      -0.082
  CDS-117th            JUNCTION      0.00   981.37     0  07:57           0         204      -0.092
  CDS-12               JUNCTION    375.94  2866.24     0  08:04        63.4    1.01e+03       1.303
  CDS-127th            JUNCTION      0.00   976.38     0  08:02           0         204       0.279
  CDS-13               JUNCTION    968.13   968.13     0  08:04         208         208       0.954
  CDS-14               JUNCTION     80.08    80.08     0  07:33        11.3        11.3       3.832
  CDS-15-1             JUNCTION    178.52  2996.39     0  08:03        27.4    1.03e+03       0.714
  CDS-15-2             JUNCTION      0.00  1173.23     0  08:13           0         240       1.411
  CDS-16               JUNCTION     21.30    98.27     0  07:28        1.78        10.4       0.602
  CDS-17               JUNCTION     74.80    74.80     1  04:36         8.8         8.8       0.822
  CDS-18               JUNCTION    309.39  1980.26     0  08:08         165         314      15.150
  CDS-19               JUNCTION      0.00  1140.63     0  08:13           0         132      17.099
  CDS-2                JUNCTION     74.68   803.87     0  13:36        41.2         471       1.323
  CDS-20               JUNCTION     37.91   757.96     1  05:15        3.09         115       4.376
  CDS-21               JUNCTION      0.00   751.54     1  05:15           0         113       1.683
  CDS-22               JUNCTION    160.22   751.50     1  05:15        16.3         116       2.413
  CDS-23               JUNCTION      7.80   702.05     1  05:15       0.419         104       4.576
  CDS-24               JUNCTION    702.03   702.03     1  05:15         105         105       0.477
  CDS-25               JUNCTION     81.63    81.63     0  07:27        11.3        11.3       0.268
  CDS-26               JUNCTION     56.10   933.39     0  11:17        11.2          60      12.067
  CDS-28               JUNCTION     87.03   200.84     0  11:18        7.91        7.97       1.590
  CDS-32               JUNCTION    335.19   335.19     0  07:29        23.4        23.4       1.496
  CDS-33               JUNCTION    160.44   515.04     0  11:16        11.8        37.2      23.464
  CDS-34               JUNCTION    598.28   931.06     0  07:20         139         170      10.143
  CDS-36               JUNCTION    214.18   547.17     0  11:16        21.7        24.3      27.185
  CDS-39               JUNCTION    245.88   245.88     1  04:51        53.5        53.5      -0.208
  CDS-4                JUNCTION    161.59   963.20     0  13:46          81         546       1.241
  CDS-41               JUNCTION    539.14   781.84     0  13:39        51.4         105       0.100
  CDS-42               JUNCTION    476.61  1251.93     0  13:42        76.1         181      -0.009
  CDS-43               JUNCTION     28.47  1275.99     0  13:43        2.22         183      -0.085
  CDS-45               JUNCTION    155.45  1424.38     0  13:46        15.5         199       0.090
  CDS-47               JUNCTION     38.29  4149.28     0  13:42        5.37    1.35e+03       0.649
  CDS-48               JUNCTION     22.69  4167.23     0  13:41        11.7    1.35e+03       0.643
  CDS-5                JUNCTION    197.05  1213.68     1  05:28         118         657       0.267
  CDS-51               JUNCTION    307.47   837.72     1  04:56        23.5         110      -0.047
  CDS-52               JUNCTION      0.00   702.09     1  04:58           0        86.4       0.333
  CDS-53               JUNCTION     52.50   701.57     1  04:51        2.83        86.3      -0.019
  CDS-55               JUNCTION    659.96   659.96     1  04:53        83.5        83.5      -0.012
  CDS-57               JUNCTION     79.66    79.66     0  13:33        9.46        9.46      -0.115
  CDS-59               JUNCTION      0.00  6213.27     0  13:52           0    1.63e+03       0.727
  CDS-6                JUNCTION     13.62  1206.02     1  05:23       0.815         656       0.805
  CDS-7                JUNCTION    171.27  1250.16     0  13:32        25.2         676       0.825
  CDS-8                JUNCTION     90.70  1289.01     0  14:15        14.6         683       0.273
  CDS-9                JUNCTION    148.99  1391.52     0  08:01        20.6         702       0.713
  CDS-C1               JUNCTION     89.09  2062.91     0  13:58        8.98         317       0.089
  CDS-CentralPark      JUNCTION      0.36   778.45     0  07:41     0.00905         161       0.017
  CDS-Hamlin           JUNCTION      0.16   776.91     0  07:43    0.000708         161       0.010
  CDS-Homan            JUNCTION    200.35   782.02     0  07:37        33.5         161       0.030
  CDS-Lawndale         JUNCTION      0.00   777.31     0  07:42           0         161       0.011
  CDS-Spaulding        JUNCTION    590.92   590.92     0  07:32         128         128       0.012
  CDS-Springfield      JUNCTION      2.11   778.32     0  07:44      0.0911         161       0.011
  CDWF-27              JUNCTION      0.00   895.09     0  11:17           0        62.2      20.159
  CDWF-30              JUNCTION      0.00  1245.70     0  07:39           0         112      21.806
  DUMMY_OUTFALL        OUTFALL       0.00     0.00     0  00:00           0           0       0.000 gal
  RES                  STORAGE       0.00  6213.26     0  13:52           0    1.62e+03       0.904
  STO-334              STORAGE       0.00   294.57     0  10:46           0        2.56       7.683
  STO-335              STORAGE       0.00   955.66     0  11:17           0        9.61     433.657
  
  
  **********************
  Node Surcharge Summary
  **********************
  
  Surcharging occurs when water rises above the top of the highest conduit.
  ---------------------------------------------------------------------
                                               Max. Height   Min. Depth
                                   Hours       Above Crown    Below Rim
  Node                 Type      Surcharged           Feet         Feet
  ---------------------------------------------------------------------
  105                  JUNCTION       42.20         74.019      218.981
  126                  JUNCTION       41.19         62.165      218.942
  170                  JUNCTION       41.39         66.744      215.739
  221                  JUNCTION       37.30         44.323      218.920
  230                  JUNCTION       41.70        131.627      153.446
  266                  JUNCTION       41.96         69.417      218.966
  272                  JUNCTION       42.68         79.413      218.957
  275                  JUNCTION       42.25         73.035      218.945
  280                  JUNCTION       42.70         79.206      218.955
  282                  JUNCTION       42.24         72.736      218.964
  288                  JUNCTION       42.62         78.595      218.939
  289                  JUNCTION       42.66         78.588      218.946
  291                  JUNCTION       42.64         78.417      218.933
  293                  JUNCTION       41.23         60.329      218.935
  294                  JUNCTION       39.98         56.223      218.945
  296                  JUNCTION       42.77         80.175      218.945
  298                  JUNCTION       39.87         55.613      218.937
  324                  JUNCTION       42.39         73.527      218.943
  333                  JUNCTION       39.39         53.885      218.933
  353                  JUNCTION       42.81         80.699      218.921
  363                  JUNCTION       42.88         81.561      218.947
  364                  JUNCTION       42.87         81.434      218.926
  374                  JUNCTION       42.61        327.975        0.000
  CRFD_IG_US           JUNCTION       12.34         58.484      146.266
  417                  JUNCTION       12.33         58.296      146.272
  424                  JUNCTION       12.32         58.032      146.324
  430                  JUNCTION       22.13         21.495      218.855
  CSRS                 JUNCTION        7.50         37.312      146.505
  450                  JUNCTION        7.40         40.070      143.567
  463                  JUNCTION       42.53        326.709        0.000
  497                  JUNCTION       42.37        324.472        0.000
  514                  JUNCTION       42.77         79.678      218.952
  522                  JUNCTION       42.11         78.394      211.266
  554                  JUNCTION       43.10         84.417      218.939
  558                  JUNCTION       42.81         80.142      218.948
  CALUMET_PS           JUNCTION       43.14         84.761      218.959
  620                  JUNCTION       41.63        318.234        0.000
  623                  JUNCTION       40.73        314.493        0.000
  69                   JUNCTION       39.48         56.503      218.980
  769                  JUNCTION       39.60        307.611        0.000
  771                  JUNCTION       39.35        304.032        0.000
  84                   JUNCTION       39.87         57.635      218.978
  91                   JUNCTION       40.31         59.457      218.985
  CDS-10               JUNCTION       37.13         36.772      214.852
  CDS-11               JUNCTION       37.46         40.169      216.101
  CDS-12               JUNCTION       41.31         57.889      207.893
  CDS-127th            JUNCTION        5.98        207.985       31.631
  CDS-13               JUNCTION       42.68         78.568      278.942
  CDS-14               JUNCTION       42.99         82.748      218.052
  CDS-15-1             JUNCTION       42.16         69.073      216.817
  CDS-15-2             JUNCTION       42.78         80.375      218.643
  CDS-16               JUNCTION       42.86         81.271      214.047
  CDS-17               JUNCTION       42.77         79.920      219.360
  CDS-18               JUNCTION       41.35        259.706       19.467
  CDS-19               JUNCTION       40.29         57.764      278.939
  CDS-20               JUNCTION       39.65         55.069      215.434
  CDS-21               JUNCTION       39.23         79.104      179.229
  CDS-22               JUNCTION       39.07        112.730      156.523
  CDS-23               JUNCTION       37.74         65.902      197.761
  CDS-24               JUNCTION       37.23         43.434      205.489
  CDS-25               JUNCTION       42.06         78.593      270.627
  CDS-26               JUNCTION       42.32        323.905        4.105
  CDS-28               JUNCTION       40.71        314.455        4.075
  CDS-32               JUNCTION       39.30        303.624        4.136
  CDS-33               JUNCTION       39.08        299.027        4.113
  CDS-34               JUNCTION       39.10        300.025        4.105
  CDS-36               JUNCTION       39.03        296.220        4.130
  CDS-4                JUNCTION       12.18          5.646      213.734
  CDS-47               JUNCTION       41.20         62.282      278.921
  CDS-48               JUNCTION       40.78         60.480      226.223
  CDS-5                JUNCTION       16.32          7.874      212.336
  CDS-59               JUNCTION       38.85         54.049      279.000
  CDS-6                JUNCTION       17.38          9.675      216.985
  CDS-7                JUNCTION       22.04         20.333      218.257
  CDS-8                JUNCTION       25.22         25.437      216.563
  CDS-9                JUNCTION       25.48         25.562      217.898
  CDWF-27              JUNCTION       41.92        321.016        4.139
  CDWF-30              JUNCTION       40.76        314.310        4.170
  STO-334              STORAGE        39.38         53.839      218.961
  STO-335              STORAGE        42.67        328.668        0.000
  
  
  *********************
  Node Flooding Summary
  *********************
  
  Flooding refers to all water that overflows a node, whether it ponds or not.
  --------------------------------------------------------------------------
                                                             Total   Maximum
                                 Maximum   Time of Max       Flood    Ponded
                        Hours       Rate    Occurrence      Volume     Depth
  Node                 Flooded       CFS   days hr:min    10^6 gal      Feet
  --------------------------------------------------------------------------
  374                    38.47    281.95      0  11:52      14.808    55.915
  463                    38.47    273.94      0  12:13      21.142    55.899
  497                    38.47    252.88      0  12:12      14.045    55.872
  620                    38.47    236.60      0  11:55      21.261    55.824
  623                    38.47    124.31      0  12:51       9.134    55.903
  769                    38.47    331.90      0  13:21      36.396    55.816
  771                    38.47     63.20      0  12:02       5.863    55.842
  
  
  **********************
  Storage Volume Summary
  **********************
  
  ------------------------------------------------------------------------------------------------
                         Average    Avg   Evap  Exfil     Maximum    Max    Time of Max    Maximum
                          Volume   Pcnt   Pcnt   Pcnt      Volume   Pcnt     Occurrence    Outflow
  Storage Unit          1000 ftł   Full   Loss   Loss    1000 ftł   Full    days hr:min        CFS
  ------------------------------------------------------------------------------------------------
  RES                 119977.415   13.0    0.0    0.0  214753.084   23.3       2  02:20       0.00
  STO-334                 24.174   16.2    0.0    0.0      39.498   26.5       2  02:19     261.90
  STO-335                 46.229   77.3    0.0    0.0      59.842  100.0       0  11:52     139.39
  
  
  ***********************
  Outfall Loading Summary
  ***********************
  
  -----------------------------------------------------------
                         Flow       Avg       Max       Total
                         Freq      Flow      Flow      Volume
  Outfall Node           Pcnt       CFS       CFS    10^6 gal
  -----------------------------------------------------------
  DUMMY_OUTFALL          0.00      0.00      0.00       0.000
  -----------------------------------------------------------
  System                 0.00      0.00      0.00       0.000
  
  
  ********************
  Link Flow Summary
  ********************
  
  -----------------------------------------------------------------------------
                                 Maximum  Time of Max   Maximum    Max/    Max/
                                  |Flow|   Occurrence   |Veloc|    Full    Full
  Link                 Type          CFS  days hr:min    ft/sec    Flow   Depth
  -----------------------------------------------------------------------------
  197                  CONDUIT    951.28     0  11:17      4.26    0.16    1.00
  206                  CONDUIT    335.20     0  07:29      8.25    0.27    1.00
  207                  CONDUIT    197.51     0  11:17      5.69    0.24    1.00
  208                  CONDUIT    954.17     0  11:17      3.67    0.18    1.00
  217                  CONDUIT   1064.33     1  05:28     11.50    0.18    1.00
  218                  CONDUIT   1205.05     1  05:23     12.81    0.21    1.00
  219                  CONDUIT   1304.61     0  14:09     12.73    0.24    1.00
  220                  CONDUIT   1277.87     0  14:23     11.97    0.36    1.00
  221                  CONDUIT   2890.71     0  08:05     12.58    0.52    1.00
  222                  CONDUIT   2888.46     0  08:05      8.14    0.49    1.00
  234                  CONDUIT    942.68     0  11:17      4.21    0.18    1.00
  240                  CONDUIT   1175.05     0  08:13      4.26    0.47    1.00
  244                  CONDUIT      0.00     0  00:00      0.00    0.00    0.00
  247                  CONDUIT   6213.27     0  13:52      8.69    0.79    1.00
  249                  CONDUIT    751.54     1  05:15      5.56    0.50    1.00
  250                  CONDUIT    969.53     0  08:08      2.73    0.28    1.00
  251                  CONDUIT   6154.12     0  13:52      8.61    0.78    1.00
  256                  CONDUIT   4149.46     0  13:41      5.81    0.52    1.00
  259                  CONDUIT   2193.59     0  08:03     14.53    0.38    1.00
  261                  CONDUIT     80.43     0  13:32      5.30    0.14    0.26
  271                  CONDUIT   4157.63     0  13:41      5.82    0.53    1.00
  285                  CONDUIT   1266.62     0  14:15     12.00    0.21    1.00
  287                  CONDUIT   1173.23     0  08:13      4.12    0.47    1.00
  289                  CONDUIT   4003.27     0  08:05     11.29    0.96    1.00
  290                  CONDUIT    955.66     0  11:17      1.95    0.18    1.00
  294                  CONDUIT    971.67     0  08:08      2.74    0.08    1.00
  295                  CONDUIT     97.61     0  07:28      5.25    0.15    1.00
  296                  CONDUIT     78.44     0  07:31      4.67    0.14    1.00
  297                  CONDUIT   4026.78     0  08:05     11.35    0.96    1.00
  302                  CONDUIT    505.67     0  11:16      3.59    0.10    1.00
  305                  CONDUIT    585.39     0  10:42      1.65    0.02    1.00
  306                  CONDUIT    425.53     0  10:42      2.25    0.11    1.00
  307                  CONDUIT    129.05     0  10:42      2.04    0.00    1.00
  309                  CONDUIT   1108.00     0  08:08      4.03    0.44    1.00
  320                  CONDUIT    776.09     0  13:42      9.10    0.31    0.44
  321                  CONDUIT   1250.63     0  13:43     12.41    0.50    0.50
  329                  CONDUIT    981.37     0  07:57     10.03    0.46    0.92
  331                  CONDUIT    758.04     1  05:15      4.84    0.09    1.00
  343                  CONDUIT     46.69     0  03:04      1.17    0.02    1.00
  352                  CONDUIT   1176.93     0  08:13      4.81    0.29    1.00
  353                  CONDUIT   2888.22     0  08:05      8.14    0.71    1.00
  354                  CONDUIT   2888.43     0  08:05      8.14    0.72    1.00
  373                  CONDUIT     99.71     0  10:42      6.80    0.15    1.00
  418                  CONDUIT   1259.33     0  07:45      8.77    0.76    1.00
  426                  CONDUIT      2.12     0  00:36      0.61    0.00    0.41
  433                  CONDUIT    952.20     0  08:05      5.66    0.16    1.00
  482                  CONDUIT    849.33     0  08:05      4.85    0.14    1.00
  507                  CONDUIT    429.78     0  10:45      2.52    0.08    1.00
  577                  CONDUIT    778.26     0  07:45     20.85    0.12    0.45
  594                  CONDUIT    845.96     0  08:05     11.80    0.14    0.35
  597                  CONDUIT     77.07     0  07:28      4.07    0.13    1.00
  598                  CONDUIT     97.88     0  07:28      5.53    0.17    1.00
  599                  CONDUIT    565.43     0  10:38      1.87    0.04    1.00
  600                  CONDUIT    170.38     0  11:04      0.35    0.01    1.00
  601                  CONDUIT    857.78     0  11:00      4.69    0.11    1.00
  602                  CONDUIT    159.80     0  07:56      5.71    0.51    0.65
  603                  CONDUIT    438.81     0  13:05     11.86    0.14    0.94
  604                  CONDUIT    306.70     0  10:44     10.52    1.09    0.86
  607                  CONDUIT    778.26     0  07:45     16.14    1.09    0.54
  608                  CONDUIT    809.20     0  07:47      9.22    0.36    0.42
  609                  CONDUIT    827.31     0  07:50      9.27    0.37    0.53
  610                  CONDUIT    826.22     0  07:52      9.32    0.37    0.68
  613                  CONDUIT    751.51     1  05:15      6.50    0.51    1.00
  639                  CONDUIT   2063.09     0  13:59     10.26    0.11    1.00
  685                  CONDUIT   2063.06     0  13:59     10.26    2.41    1.00
  731                  CONDUIT    756.22     0  08:05      4.48    0.15    1.00
  733                  CONDUIT    294.57     0  10:46      2.08    0.09    1.00
  734                  DUMMY       59.58     0  13:55
  754                  CONDUIT      0.00     0  00:00      0.00    0.00    0.00
  756                  CONDUIT    991.94     0  08:05      8.12    0.45    1.00
  758                  CONDUIT    976.38     0  08:02      9.28    0.44    0.97
  759                  CONDUIT    825.68     0  07:54      8.75    0.37    0.79
  760                  CONDUIT    827.18     0  07:51      9.30    0.37    0.60
  761                  CONDUIT    808.89     0  07:49      9.14    0.36    0.45
  762                  CONDUIT    778.08     0  07:46      8.96    0.35    0.41
  763                  CONDUIT    778.27     0  07:45      9.83    1.07    0.86
  764                  CONDUIT    776.73     0  07:44      9.74    1.06    0.87
  765                  CONDUIT    776.91     0  07:43      9.70    1.06    0.87
  766                  CONDUIT    777.31     0  07:42      9.73    1.06    0.88
  768                  CONDUIT    778.27     0  07:40      9.81    1.07    0.88
  770                  CONDUIT    586.54     0  07:33      8.53    0.80    0.80
  771                  CONDUIT    739.45     0  09:23     11.03    0.13    0.53
  772                  CONDUIT    803.66     0  13:40     11.02    0.14    0.85
  773                  CONDUIT   1165.77     0  13:46     12.12    0.20    1.00
  774                  CONDUIT   1390.70     0  07:54     11.51    0.24    1.00
  775                  CONDUIT   2495.09     0  08:05     15.14    0.42    1.00
  776                  CONDUIT   2858.25     0  08:04     14.87    0.48    1.00
  777                  CONDUIT    244.26     1  04:55      7.67    0.10    0.30
  778                  CONDUIT   1271.68     0  13:46     12.52    0.51    0.52
  779                  CONDUIT   1374.05     0  13:55     13.27    0.54    0.51
  780                  CONDUIT   4111.11     0  13:41      5.75   26.31    1.00
  781                  CONDUIT   4111.13     0  13:42      5.75   26.79    1.00
  782                  CONDUIT   4111.17     0  13:42      5.75   26.23    1.00
  783                  CONDUIT   4167.14     0  13:42      5.83   23.73    1.00
  784                  CONDUIT   6154.08     0  13:52      8.61   37.12    1.00
  785                  CONDUIT   6213.26     0  13:52      9.85    0.52    1.00
  786                  CONDUIT     59.58     0  13:55      8.76    0.11    0.14
  787                  CONDUIT    811.73     1  05:06     11.52    0.32    0.38
  788                  CONDUIT    689.84     1  05:06     10.02    0.27    0.37
  789                  CONDUIT    702.09     1  04:58     11.04    0.28    0.36
  790                  CONDUIT    700.68     1  04:53     10.67    0.28    0.36
  791                  CONDUIT    659.67     1  04:54     10.37    0.26    0.35
  792                  CONDUIT   1774.37     0  08:08      2.95    0.22    1.00
  793                  CONDUIT   1140.63     0  08:13      2.77    0.14    1.00
  794                  CONDUIT    134.82     0  10:42      6.15    0.24    1.00
  796                  CONDUIT    984.08     0  08:13      3.50    0.40    1.00
  797                  CONDUIT     98.60     0  07:21      3.35   10.82    1.00
  798                  CONDUIT    702.05     1  05:15      5.14    0.47    1.00
  799                  CONDUIT    702.05     1  05:15      6.24    0.47    1.00
  800                  CONDUIT    702.07     1  05:15      6.11    0.46    1.00
  801                  CONDUIT    901.32     0  11:17      4.69    0.17    1.00
  802                  CONDUIT    895.09     0  11:17      7.57    0.17    1.00
  803                  CONDUIT    285.72     0  11:17      1.62    0.11    1.00
  804                  CONDUIT   1116.54     0  07:19      8.27    0.21    1.00
  805                  CONDUIT   1245.70     0  07:39      8.70    0.24    1.00
  806                  CONDUIT    334.06     0  07:31      5.10    0.13    1.00
  807                  CONDUIT    927.45     0  07:27      7.33    0.18    1.00
  808                  CONDUIT    491.87     0  11:16      3.71    0.09    1.00
  TorrenceGate         ORIFICE      0.01     0  01:53                      0.00
  Crawford             ORIFICE    808.38     0  08:05                      1.00
  
  
  ***************************
  Flow Classification Summary
  ***************************
  
  -------------------------------------------------------------------------------------
                      Adjusted    ---------- Fraction of Time in Flow Class ---------- 
                       /Actual         Up    Down  Sub   Sup   Up    Down  Norm  Inlet 
  Conduit               Length    Dry  Dry   Dry   Crit  Crit  Crit  Crit  Ltd   Ctrl  
  -------------------------------------------------------------------------------------
  197                     1.00   0.03  0.00  0.00  0.97  0.00  0.00  0.00  0.06  0.00
  206                     1.00   0.11  0.00  0.00  0.88  0.00  0.00  0.00  0.00  0.00
  207                     1.00   0.13  0.00  0.00  0.87  0.00  0.00  0.00  0.00  0.00
  208                     1.00   0.03  0.00  0.00  0.97  0.00  0.00  0.00  0.01  0.00
  217                     1.00   0.00  0.00  0.00  0.98  0.02  0.00  0.00  0.54  0.00
  218                     1.00   0.00  0.00  0.00  0.64  0.35  0.00  0.00  0.07  0.00
  219                     1.00   0.00  0.00  0.00  0.86  0.14  0.00  0.00  0.00  0.00
  220                     1.00   0.00  0.00  0.00  0.99  0.00  0.00  0.00  0.00  0.00
  221                     1.00   0.00  0.00  0.00  0.98  0.02  0.00  0.00  0.01  0.00
  222                     1.00   0.00  0.00  0.00  1.00  0.00  0.00  0.00  0.11  0.00
  234                     1.00   0.03  0.00  0.00  0.97  0.00  0.00  0.00  0.00  0.00
  240                     1.00   0.03  0.00  0.00  0.97  0.00  0.00  0.00  0.00  0.00
  244                     1.00   1.00  0.00  0.00  0.00  0.00  0.00  0.00  0.00  0.00
  247                     1.00   0.09  0.05  0.00  0.85  0.00  0.00  0.00  0.00  0.00
  249                     1.00   0.00  0.00  0.00  1.00  0.00  0.00  0.00  0.09  0.00
  250                     1.00   0.06  0.00  0.00  0.93  0.00  0.00  0.00  0.00  0.00
  251                     1.00   0.02  0.00  0.00  0.89  0.00  0.00  0.09  0.00  0.00
  256                     1.00   0.01  0.00  0.00  0.99  0.00  0.00  0.00  0.09  0.00
  259                     1.00   0.00  0.00  0.00  0.95  0.05  0.00  0.00  0.06  0.00
  261                     1.00   0.01  0.00  0.00  0.99  0.00  0.00  0.00  0.93  0.00
  271                     1.00   0.01  0.00  0.00  0.87  0.00  0.00  0.12  0.00  0.00
  285                     1.00   0.00  0.00  0.00  0.99  0.00  0.00  0.00  0.26  0.00
  287                     1.00   0.03  0.00  0.00  0.97  0.00  0.00  0.00  0.00  0.00
  289                     1.00   0.00  0.01  0.00  0.99  0.00  0.00  0.00  0.01  0.00
  290                     1.00   0.03  0.00  0.00  0.97  0.00  0.00  0.00  0.06  0.00
  294                     1.00   0.03  0.03  0.00  0.94  0.00  0.00  0.00  0.00  0.00
  295                     1.00   0.12  0.00  0.00  0.87  0.00  0.00  0.01  0.00  0.00
  296                     1.00   0.13  0.00  0.00  0.87  0.00  0.00  0.00  0.00  0.00
  297                     1.00   0.01  0.00  0.00  0.99  0.00  0.00  0.00  0.01  0.00
  302                     1.00   0.02  0.00  0.00  0.98  0.00  0.00  0.00  0.02  0.00
  305                     2.12   0.01  0.10  0.00  0.89  0.00  0.00  0.00  0.00  0.00
  306                     1.00   0.11  0.00  0.00  0.89  0.00  0.00  0.00  0.00  0.00
  307                     1.16   0.11  0.00  0.00  0.89  0.00  0.00  0.00  0.01  0.00
  309                     1.00   0.03  0.00  0.00  0.96  0.00  0.00  0.01  0.00  0.00
  320                     1.00   0.12  0.00  0.00  0.88  0.00  0.00  0.00  0.84  0.00
  321                     1.00   0.12  0.00  0.00  0.87  0.01  0.00  0.00  0.72  0.00
  329                     1.00   0.01  0.00  0.00  0.99  0.00  0.00  0.00  0.03  0.00
  331                     1.00   0.00  0.00  0.00  0.99  0.00  0.00  0.01  0.02  0.00
  343                     1.00   0.04  0.00  0.00  0.96  0.00  0.00  0.00  0.02  0.00
  352                     1.00   0.03  0.00  0.00  0.97  0.00  0.00  0.00  0.02  0.00
  353                     1.00   0.00  0.00  0.00  1.00  0.00  0.00  0.00  0.02  0.00
  354                     1.00   0.00  0.00  0.00  0.96  0.00  0.00  0.03  0.00  0.00
  373                     1.00   0.10  0.00  0.00  0.87  0.03  0.00  0.00  0.03  0.00
  418                     1.00   0.01  0.00  0.00  0.24  0.00  0.00  0.75  0.00  0.00
  426                     1.00   0.00  0.01  0.00  0.99  0.00  0.00  0.00  0.00  0.00
  433                     1.00   0.01  0.00  0.00  0.99  0.00  0.00  0.00  0.00  0.00
  482                     1.00   0.01  0.00  0.00  0.99  0.00  0.00  0.00  0.01  0.00
  507                     1.00   0.13  0.00  0.00  0.87  0.00  0.00  0.00  0.00  0.00
  577                     1.86   0.00  0.00  0.00  0.00  1.00  0.00  0.00  1.00  0.00
  594                     1.00   0.00  0.00  0.00  0.51  0.49  0.00  0.00  0.51  0.00
  597                     1.00   0.12  0.00  0.00  0.87  0.00  0.00  0.00  0.00  0.00
  598                     1.00   0.12  0.00  0.00  0.88  0.00  0.00  0.00  0.00  0.00
  599                     1.00   0.09  0.04  0.00  0.85  0.00  0.00  0.02  0.00  0.00
  600                     1.00   0.00  0.11  0.00  0.89  0.00  0.00  0.00  0.08  0.00
  601                     1.00   0.01  0.00  0.00  0.99  0.00  0.00  0.00  0.07  0.00
  602                     1.00   0.05  0.07  0.00  0.88  0.00  0.00  0.00  0.47  0.00
  603                     1.05   0.01  0.10  0.00  0.88  0.01  0.00  0.00  0.85  0.00
  604                     1.00   0.05  0.00  0.00  0.37  0.58  0.00  0.00  0.00  0.00
  607                     3.18   0.00  0.00  0.00  0.01  0.99  0.00  0.00  0.00  0.00
  608                     1.00   0.00  0.00  0.00  0.99  0.00  0.00  0.00  0.00  0.00
  609                     1.00   0.00  0.00  0.00  0.99  0.00  0.00  0.00  0.00  0.00
  610                     1.00   0.01  0.00  0.00  0.99  0.00  0.00  0.00  0.00  0.00
  613                     1.00   0.00  0.00  0.00  0.83  0.00  0.00  0.17  0.00  0.00
  639                     1.00   0.00  0.00  0.00  0.99  0.01  0.00  0.00  0.17  0.00
  685                     1.00   0.00  0.00  0.00  1.00  0.00  0.00  0.00  0.07  0.00
  731                     1.00   0.00  0.01  0.00  0.99  0.00  0.00  0.00  0.01  0.00
  733                     1.00   0.13  0.00  0.00  0.87  0.00  0.00  0.00  0.10  0.00
  754                     1.00   1.00  0.00  0.00  0.00  0.00  0.00  0.00  0.00  0.00
  756                     1.00   0.01  0.00  0.00  0.99  0.00  0.00  0.00  0.71  0.00
  758                     1.00   0.01  0.00  0.00  0.99  0.01  0.00  0.00  0.72  0.00
  759                     1.00   0.01  0.00  0.00  0.99  0.00  0.00  0.00  0.84  0.00
  760                     1.00   0.00  0.00  0.00  0.99  0.00  0.00  0.00  0.63  0.00
  761                     1.00   0.00  0.00  0.00  0.99  0.00  0.00  0.00  0.79  0.00
  762                     1.00   0.00  0.00  0.00  1.00  0.00  0.00  0.00  0.44  0.00
  763                     1.00   0.00  0.00  0.00  1.00  0.00  0.00  0.00  0.72  0.00
  764                     1.00   0.00  0.00  0.00  1.00  0.00  0.00  0.00  0.68  0.00
  765                     1.00   0.00  0.00  0.00  1.00  0.00  0.00  0.00  0.68  0.00
  766                     1.00   0.00  0.00  0.00  1.00  0.00  0.00  0.00  0.67  0.00
  768                     1.00   0.00  0.00  0.00  1.00  0.00  0.00  0.00  0.51  0.00
  770                     1.00   0.00  0.00  0.00  1.00  0.00  0.00  0.00  0.87  0.00
  771                     1.00   0.00  0.00  0.00  0.84  0.16  0.00  0.00  0.71  0.00
  772                     1.00   0.00  0.00  0.00  0.98  0.02  0.00  0.00  0.55  0.00
  773                     1.00   0.00  0.00  0.00  0.99  0.01  0.00  0.00  0.41  0.00
  774                     1.00   0.00  0.00  0.00  1.00  0.00  0.00  0.00  0.25  0.00
  775                     1.00   0.00  0.00  0.00  0.92  0.08  0.00  0.00  0.09  0.00
  776                     1.00   0.00  0.00  0.00  0.99  0.01  0.00  0.00  0.11  0.00
  777                     1.00   0.12  0.00  0.00  0.86  0.02  0.00  0.00  0.54  0.00
  778                     1.00   0.12  0.00  0.00  0.84  0.04  0.00  0.00  0.75  0.00
  779                     1.00   0.12  0.00  0.00  0.00  0.00  0.00  0.88  0.00  0.00
  780                     1.00   0.02  0.00  0.00  0.95  0.00  0.03  0.00  0.00  0.00
  781                     1.00   0.01  0.00  0.00  0.92  0.00  0.07  0.00  0.00  0.00
  782                     1.00   0.01  0.00  0.00  0.89  0.00  0.00  0.11  0.00  0.00
  783                     1.00   0.00  0.00  0.00  0.87  0.00  0.13  0.00  0.00  0.00
  784                     1.00   0.02  0.00  0.00  0.86  0.00  0.00  0.13  0.00  0.00
  785                     1.00   0.15  0.01  0.00  0.84  0.00  0.00  0.00  0.00  0.00
  786                     1.00   0.02  0.00  0.00  0.02  0.97  0.00  0.00  0.00  0.00
  787                     1.00   0.00  0.00  0.00  0.00  0.00  0.00  1.00  0.00  0.00
  788                     1.00   0.00  0.00  0.00  1.00  0.00  0.00  0.00  0.92  0.00
  789                     1.00   0.00  0.00  0.00  0.96  0.04  0.00  0.00  0.86  0.00
  790                     1.00   0.00  0.00  0.00  0.98  0.02  0.00  0.00  0.86  0.00
  791                     1.00   0.00  0.00  0.00  0.99  0.01  0.00  0.00  0.95  0.00
  792                     1.00   0.01  0.00  0.00  0.99  0.00  0.00  0.00  0.11  0.00
  793                     1.00   0.01  0.00  0.00  0.99  0.00  0.00  0.00  0.07  0.00
  794                     1.00   0.10  0.00  0.00  0.86  0.00  0.00  0.04  0.01  0.00
  796                     1.00   0.03  0.00  0.00  0.96  0.00  0.00  0.01  0.00  0.00
  797                     1.00   0.12  0.00  0.00  0.87  0.00  0.00  0.01  0.00  0.00
  798                     1.00   0.00  0.00  0.00  1.00  0.00  0.00  0.00  0.09  0.00
  799                     1.00   0.00  0.00  0.00  1.00  0.00  0.00  0.00  0.10  0.00
  800                     1.00   0.00  0.00  0.00  1.00  0.00  0.00  0.00  0.09  0.00
  801                     1.00   0.03  0.00  0.00  0.97  0.00  0.00  0.00  0.04  0.00
  802                     1.00   0.03  0.00  0.00  0.97  0.00  0.00  0.00  0.02  0.00
  803                     1.00   0.04  0.09  0.00  0.87  0.00  0.00  0.00  0.02  0.00
  804                     1.00   0.03  0.00  0.00  0.97  0.00  0.00  0.00  0.02  0.00
  805                     1.00   0.03  0.00  0.00  0.97  0.00  0.00  0.00  0.03  0.00
  806                     1.00   0.03  0.09  0.00  0.89  0.00  0.00  0.00  0.06  0.00
  807                     1.00   0.02  0.00  0.00  0.97  0.00  0.00  0.01  0.07  0.00
  808                     1.00   0.02  0.00  0.00  0.98  0.00  0.00  0.00  0.10  0.00
  
  
  *************************
  Conduit Surcharge Summary
  *************************
  
  ----------------------------------------------------------------------------
                                                           Hours        Hours 
                         --------- Hours Full --------   Above Full   Capacity
  Conduit                Both Ends  Upstream  Dnstream   Normal Flow   Limited
  ----------------------------------------------------------------------------
  197                        42.37     42.37     42.53      0.01         0.01
  206                        39.30     39.30     39.35      0.01         0.02
  207                        40.71     40.71     40.73      0.01         0.06
  208                        42.53     42.53     42.61      0.01         0.01
  217                        12.18     12.18     16.32      0.01         0.01
  218                        16.32     16.32     17.38      0.01         0.01
  219                        22.04     22.04     22.13      0.01         0.01
  220                        25.22     25.22     25.48      0.01         4.98
  221                        42.16     42.16     42.39      0.01         0.01
  222                        42.39     42.39     42.64      0.01         0.01
  234                        42.32     42.32     42.37      0.01         0.01
  240                        42.77     42.77     42.78      0.01         0.18
  247                        39.21     39.21     39.48      0.01         0.01
  249                        39.06     39.06     39.23      0.01         0.01
  250                        42.68     42.68     42.81      0.01         0.01
  251                        40.12     40.12     40.31      0.01         0.03
  256                        41.11     41.11     41.19      0.01         0.06
  259                        37.13     37.13     37.46      0.01         0.01
  271                        41.19     41.19     41.20      0.01         1.72
  285                        22.13     22.13     25.22      0.01         0.01
  287                        42.78     42.78     42.88      0.01         0.17
  289                        42.68     42.68     42.76      0.01         0.04
  290                        42.61     42.61     42.67      0.01         0.01
  294                        42.81     42.81     43.12      0.01         0.01
  295                        42.87     42.87     42.92      0.01         0.03
  296                        42.77     42.77     42.81      0.01         0.01
  297                        42.62     42.62     42.68      0.01         0.08
  302                        39.08     39.08     39.10      0.01         0.01
  305                        42.25     42.25     42.68      0.01         0.01
  306                        42.24     42.24     42.25      0.01         0.10
  307                        42.24     42.24     42.62      0.01         0.01
  309                        42.88     42.88     43.02      0.01         0.13
  331                        39.64     39.65     39.98      0.01         0.05
  343                        43.10     43.10     43.14      0.01         0.01
  352                        42.70     42.70     42.77      0.01         0.04
  353                        42.64     42.64     42.66      0.01         0.02
  354                        42.66     42.66     42.70      0.01         0.04
  373                        42.06     42.06     42.11      0.01         0.02
  418                         7.40      7.40      7.49      0.01         0.02
  433                        12.31     12.31     12.32      0.01         0.01
  482                        12.32     12.32     12.33      0.01         0.01
  507                        39.39     39.39     39.87      0.01         0.03
  597                        42.81     42.81     42.86      0.01         0.01
  598                        42.86     42.86     42.87      0.01         0.02
  599                        39.86     39.86     41.23      0.01         0.01
  600                        41.23     41.23     41.33      0.01         0.01
  601                        39.98     39.98     40.29      0.01         0.11
  603                         0.01      0.01      5.34      0.01         0.01
  604                         0.01      0.01      0.01      0.01         0.01
  607                         0.01      0.01      0.01      1.03         0.01
  613                        39.23     39.23     39.65      0.01         0.02
  639                        39.15     39.15     42.20      0.01         0.01
  685                        42.20     42.20     42.24      4.81         5.61
  731                        12.33     12.33     12.34      0.01         0.01
  733                        39.38     39.38     39.39      0.01         3.79
  756                         5.98      5.98      7.40      0.01         0.01
  758                         0.01      0.01      5.98      0.01         0.01
  763                         0.01      0.01      0.01      0.87         0.01
  764                         0.01      0.01      0.01      0.82         0.01
  765                         0.01      0.01      0.01      0.80         0.01
  766                         0.01      0.01      0.01      0.81         0.01
  768                         0.01      0.01      0.01      0.86         0.01
  772                         0.01      0.01     12.18      0.01         0.01
  773                        17.38     17.38     22.04      0.01         0.01
  774                        25.48     25.48     37.13      0.01         0.01
  775                        37.46     37.46     41.31      0.01         0.01
  776                        41.31     41.31     42.16      0.01         0.01
  780                        41.92     41.96     41.92     43.94        34.11
  781                        41.66     41.70     41.66     43.71        33.75
  782                        41.37     41.41     41.39     43.47         7.72
  783                        40.54     40.78     40.54     42.97        32.07
  784                        39.76     39.81     39.87     42.87         7.05
  785                        37.16     37.16     38.85      0.01         0.01
  792                        41.35     41.35     41.98      0.01         0.04
  793                        40.28     40.29     41.35      0.01         0.17
  794                        42.11     42.11     42.77      0.01         0.06
  796                        43.02     43.02     43.10      0.01         0.08
  797                        42.97     42.99     42.97     11.27        17.62
  798                        37.74     37.74     39.06      0.01         0.01
  799                        37.30     37.30     37.74      0.01         0.01
  800                        37.23     37.23     37.30      0.01         0.01
  801                        41.92     41.92     42.32      0.01         0.01
  802                        41.63     41.63     41.92      0.01         0.01
  803                        40.73     40.73     42.66      0.01         0.01
  804                        40.76     40.76     41.63      0.01         0.01
  805                        39.60     39.60     40.76      0.01         0.01
  806                        39.35     39.35     41.61      0.01         0.01
  807                        39.10     39.10     39.60      0.01         0.01
  808                        39.03     39.03     39.08      0.01         0.01
  

  Analysis begun on:  Wed Jun 24 00:51:07 2026
  Analysis ended on:  Wed Jun 24 00:51:17 2026
  Total elapsed time: 00:00:10