
  EPA STORM WATER MANAGEMENT MODEL - VERSION 5.2 (Build 5.2.4)
  ------------------------------------------------------------

  Scenario Run :  BASE 
  
  ERROR 361: could not open external file used for Time Series RIPEM_7_28.
  
  ERROR 361: could not open external file used for Time Series RISEM_7_28.
  
  ERROR 361: could not open external file used for Time Series RIGLENHT_7_28.
  
  ERROR 361: could not open external file used for Time Series RISIXM_7_28.
  
  ERROR 361: could not open external file used for Time Series RIPUR_7_28.
  
  ERROR 361: could not open external file used for Time Series RILYN_7_28.
  
  ERROR 361: could not open external file used for Time Series RILASH_7_28.
  
  ERROR 361: could not open external file used for Time Series RIGLEN_7_28.
  
  ERROR 361: could not open external file used for Time Series RIPLMT_7_28.
  
  ERROR 361: could not open external file used for Time Series RIWCHIC_7_28.
  
  ERROR 361: could not open external file used for Time Series RISCHCRT_7_28.
  
  ERROR 361: could not open external file used for Time Series RIRPDR_7_28.
  
  ERROR 361: could not open external file used for Time Series RITIRM_7_28.
  
  ERROR 361: could not open external file used for Time Series RIWWARREN_7_28.
  
  ERROR 361: could not open external file used for Time Series RIMCNIC_7_28.
  
  ERROR 361: could not open external file used for Time Series RG_PG009.
  
  ERROR 361: could not open external file used for Time Series RG_PG012.
  
  ERROR 361: could not open external file used for Time Series RG_PG013.
  
  ERROR 361: could not open external file used for Time Series RG_PG030.
  
  ERROR 361: could not open external file used for Time Series RG_PG034.
  
  ERROR 361: could not open external file used for Time Series RG_PG037.

  Analysis begun on:  Wed Jun 24 08:10:02 2026
  Analysis ended on:  Wed Jun 24 08:10:02 2026
  Total elapsed time: < 1 sec