
  EPA STORM WATER MANAGEMENT MODEL - VERSION 5.2 (Build 5.2.4)
  ------------------------------------------------------------

  WARNING 04: minimum elevation drop used for Conduit DUMMY_OPP_2
  WARNING 04: minimum elevation drop used for Conduit OPP_FM
  WARNING 08: elevation drop exceeds length for Conduit STAN72
  
  ****************
  Analysis Options
  ****************
  Flow Units ............... LPS
  Process Models:
    Rainfall/Runoff ........ NO
    RDII ................... NO
    Snowmelt ............... NO
    Groundwater ............ NO
    Flow Routing ........... YES
    Ponding Allowed ........ NO
    Water Quality .......... NO
  Flow Routing Method ...... DYNWAVE
  Surcharge Method ......... EXTRAN
  Starting Date ............ 01/01/2002 00:00:00
  Ending Date .............. 01/01/2002 23:00:00
  Antecedent Dry Days ...... 5.0
  Report Time Step ......... 00:05:00
  Routing Time Step ........ 10.00 sec
  Variable Time Step ....... YES
  Maximum Trials ........... 4
  Number of Threads ........ 1
  Head Tolerance ........... 0.005000 m
  
  
  **************************        Volume        Volume
  Flow Routing Continuity        hectare-m      10^6 ltr
  **************************     ---------     ---------
  Dry Weather Inflow .......         0.110         1.096
  Wet Weather Inflow .......         0.000         0.000
  Groundwater Inflow .......         0.000         0.000
  RDII Inflow ..............         0.000         0.000
  External Inflow ..........         0.000         0.000
  External Outflow .........         0.140         1.396
  Flooding Loss ............         0.000         0.000
  Evaporation Loss .........         0.000         0.000
  Exfiltration Loss ........         0.000         0.000
  Initial Stored Volume ....         0.011         0.112
  Final Stored Volume ......         0.009         0.085
  Continuity Error (%) .....       -22.628
  
  
  *************************
  Highest Continuity Errors
  *************************
  Node 20SMH0136 (64.29%)
  Node 20SMH0193 (-51.60%)
  Node DUMMY (49.19%)
  Node MCKAY_WW (-29.40%)
  Node PS_CHAMBER1 (-20.29%)
  
  
  ***************************
  Time-Step Critical Elements
  ***************************
  Link CAYUGA_WWTP (49.78%)
  Link STAN72 (49.78%)
  
  
  ********************************
  Highest Flow Instability Indexes
  ********************************
  Link 20SFM002 (75)
  Link CAYUGA_WWTP (74)
  Link DUMMY_OPP_2 (23)
  
  
  *********************************
  Most Frequent Nonconverging Nodes
  *********************************
  Node STAN69 (92.04%)
  Node WWTP_OUTLET (92.04%)
  Node STAN40 (66.64%)
  Node PS_CHAMBER1 (49.76%)
  Node WWTP (49.64%)
  
  
  *************************
  Routing Time Step Summary
  *************************
  Minimum Time Step           :     0.50 sec
  Average Time Step           :     1.37 sec
  Maximum Time Step           :    10.00 sec
  % of Time in Steady State   :     0.00
  Average Iterations per Step :     3.85
  % of Steps Not Converging   :    92.04
  Time Step Frequencies       :
     10.000 -  5.493 sec      :     0.45 %
      5.493 -  3.017 sec      :     0.01 %
      3.017 -  1.657 sec      :    49.78 %
      1.657 -  0.910 sec      :    25.05 %
      0.910 -  0.500 sec      :    24.71 %
  
  
  ******************
  Node Depth Summary
  ******************
  
  ---------------------------------------------------------------------------------
                                 Average  Maximum  Maximum  Time of Max    Reported
                                   Depth    Depth      HGL   Occurrence   Max Depth
  Node                 Type       Meters   Meters   Meters  days hr:min      Meters
  ---------------------------------------------------------------------------------
  20SMH0001            JUNCTION     0.04     0.05   175.83     0  00:45        0.05
  20SMH0002            JUNCTION     0.07     0.10   176.15     0  00:43        0.10
  20SMH0003            JUNCTION     0.10     0.16   176.35     0  00:42        0.15
  20SMH0004            JUNCTION     0.07     0.12   176.47     0  00:37        0.12
  20SMH0005            JUNCTION     0.06     0.10   176.90     0  00:36        0.10
  20SMH0006            JUNCTION     0.07     0.12   177.20     0  00:33        0.12
  20SMH0007            JUNCTION     0.04     0.04   177.49     0  19:15        0.04
  20SMH0008            JUNCTION     0.05     0.05   177.80     0  08:17        0.05
  20SMH0009            JUNCTION     0.05     0.05   178.06     0  12:49        0.05
  20SMH0010            JUNCTION     0.05     0.05   178.34     0  21:05        0.05
  20SMH0011            JUNCTION     0.03     0.03   179.25     0  20:06        0.03
  20SMH0012            JUNCTION     0.04     0.04   179.82     0  20:06        0.04
  20SMH0013            JUNCTION     0.07     0.07   179.99     0  21:51        0.07
  20SMH0014            JUNCTION     0.04     0.04   180.41     0  09:14        0.04
  20SMH0015            JUNCTION     0.05     0.05   180.53     0  08:34        0.05
  20SMH0016            JUNCTION     0.04     0.04   180.89     0  12:03        0.04
  20SMH0017            JUNCTION     0.01     0.01   181.46     0  10:37        0.01
  20SMH0018            JUNCTION     0.01     0.01   182.88     0  01:21        0.01
  20SMH0019            JUNCTION     0.01     0.01   183.34     0  03:51        0.01
  20SMH0020            JUNCTION     0.05     0.05   181.21     0  15:13        0.05
  20SMH0021            JUNCTION     0.02     0.02   184.18     0  18:40        0.02
  20SMH0023            JUNCTION     0.03     0.03   184.64     0  20:15        0.03
  20SMH0024            JUNCTION     0.02     0.02   185.00     0  17:52        0.02
  20SMH0025            JUNCTION     0.02     0.02   185.47     0  19:49        0.02
  20SMH0026            JUNCTION     0.02     0.02   185.81     0  06:55        0.02
  20SMH0027            JUNCTION     0.01     0.01   186.20     0  22:59        0.01
  20SMH0028            JUNCTION     0.00     0.00   190.80     0  03:03        0.00
  20SMH0029            JUNCTION     0.01     0.01   186.97     0  10:51        0.01
  20SMH0030            JUNCTION     0.01     0.01   189.13     0  10:53        0.01
  20SMH0031            JUNCTION     0.01     0.01   192.18     0  03:22        0.01
  20SMH0032            JUNCTION     0.01     0.01   195.00     0  10:07        0.01
  20SMH0033            JUNCTION     0.01     0.01   196.03     0  01:57        0.01
  20SMH0034            JUNCTION     0.01     0.01   185.82     0  02:27        0.01
  20SMH0035            JUNCTION     0.01     0.01   186.20     0  18:55        0.01
  20SMH0036            JUNCTION     0.01     0.01   186.88     0  02:28        0.01
  20SMH0037            JUNCTION     0.01     0.01   188.06     0  03:28        0.01
  20SMH0038            JUNCTION     0.01     0.01   183.13     0  10:31        0.01
  20SMH0039            JUNCTION     0.01     0.01   184.39     0  01:52        0.01
  20SMH0040            JUNCTION     0.01     0.01   188.80     0  11:28        0.01
  20SMH0041            JUNCTION     0.01     0.01   189.43     0  01:02        0.01
  20SMH0042            JUNCTION     0.01     0.01   183.05     0  11:08        0.01
  20SMH0043            JUNCTION     0.02     0.02   183.48     0  22:14        0.02
  20SMH0044            JUNCTION     0.01     0.01   184.92     0  18:41        0.01
  20SMH0045            JUNCTION     0.01     0.01   185.86     0  19:16        0.01
  20SMH0046            JUNCTION     0.02     0.02   186.44     0  19:16        0.02
  20SMH0047            JUNCTION     0.01     0.01   187.52     0  11:08        0.01
  20SMH0048            JUNCTION     0.01     0.01   187.04     0  02:27        0.01
  20SMH0049            JUNCTION     0.01     0.01   186.78     0  18:34        0.01
  20SMH0050            JUNCTION     0.01     0.01   181.71     0  19:16        0.01
  20SMH0051            JUNCTION     0.01     0.01   182.30     0  18:53        0.01
  20SMH0052            JUNCTION     0.01     0.01   182.78     0  18:53        0.01
  20SMH0053            JUNCTION     0.01     0.01   183.84     0  18:33        0.01
  20SMH0054            JUNCTION     0.01     0.01   184.49     0  02:46        0.01
  20SMH0055            JUNCTION     0.04     0.11   178.05     0  00:30        0.11
  20SMH0056            JUNCTION     0.03     0.08   179.22     0  00:28        0.08
  20SMH0057            JUNCTION     0.04     0.12   179.53     0  00:27        0.12
  20SMH0058            JUNCTION     0.04     0.13   179.82     0  00:26        0.13
  20SMH0059            JUNCTION     0.03     0.12   180.04     0  00:25        0.12
  20SMH0060            JUNCTION     0.03     0.12   180.49     0  00:23        0.12
  20SMH0061            JUNCTION     0.03     0.13   180.67     0  00:19        0.13
  20SMH0062            JUNCTION     0.03     0.15   181.14     0  00:15        0.15
  20SMH0063            JUNCTION     0.03     0.15   181.55     0  00:13        0.15
  20SMH0064            JUNCTION     0.03     0.19   182.02     0  00:11        0.18
  20SMH0065            JUNCTION     0.01     0.01   182.20     0  19:33        0.01
  20SMH0066            JUNCTION     0.00     0.00   184.39     0  02:14        0.00
  20SMH0067            JUNCTION     0.01     0.01   184.78     0  01:21        0.01
  20SMH0068            JUNCTION     0.00     0.00   186.98     0  00:41        0.00
  20SMH0069            JUNCTION     0.00     0.00   184.02     0  19:11        0.00
  20SMH0070            JUNCTION     0.00     0.00   183.78     0  19:13        0.00
  20SMH0071            JUNCTION     0.00     0.00   185.35     0  01:15        0.00
  20SMH0072            JUNCTION     0.01     0.01   183.96     0  11:11        0.01
  20SMH0073            JUNCTION     0.06     0.06   184.55     0  02:11        0.06
  20SMH0074            JUNCTION     0.01     0.01   185.19     0  02:48        0.01
  20SMH0075            JUNCTION     0.01     0.01   185.79     0  01:55        0.01
  20SMH0076            JUNCTION     0.01     0.01   186.36     0  22:59        0.01
  20SMH0077            JUNCTION     0.01     0.01   187.31     0  02:53        0.01
  20SMH0078            JUNCTION     0.01     0.01   184.39     0  20:23        0.01
  20SMH0079            JUNCTION     0.01     0.01   187.94     0  10:38        0.01
  20SMH0080            JUNCTION     0.01     0.01   181.77     0  03:07        0.01
  20SMH0081            JUNCTION     0.01     0.01   184.93     0  10:40        0.01
  20SMH0082            JUNCTION     0.01     0.01   185.42     0  02:47        0.01
  20SMH0083            JUNCTION     0.01     0.01   186.17     0  02:10        0.01
  20SMH0084            JUNCTION     0.01     0.01   187.57     0  03:03        0.01
  20SMH0085            JUNCTION     0.01     0.01   177.80     0  11:13        0.01
  20SMH0086            JUNCTION     0.01     0.01   178.43     0  03:04        0.01
  20SMH0087            JUNCTION     0.01     0.01   181.84     0  05:38        0.01
  20SMH0088            JUNCTION     0.01     0.01   177.03     0  03:06        0.01
  20SMH0089            JUNCTION     0.01     0.01   179.36     0  03:22        0.01
  20SMH0090            JUNCTION     0.01     0.01   180.16     0  11:12        0.01
  20SMH0091            JUNCTION     0.01     0.01   180.89     0  02:11        0.01
  20SMH0092            JUNCTION     0.05     0.07   176.15     0  03:27        0.07
  20SMH0093            JUNCTION     0.04     0.06   178.74     0  03:27        0.06
  20SMH0094            JUNCTION     0.03     0.03   180.00     0  01:49        0.03
  20SMH0095            JUNCTION     0.03     0.03   181.33     0  02:10        0.03
  20SMH0096            JUNCTION     0.07     0.07   181.58     0  02:09        0.07
  20SMH0097            JUNCTION     0.05     0.05   181.81     0  02:02        0.05
  20SMH0098            JUNCTION     0.00     0.00   184.27     0  00:30        0.00
  20SMH0099            JUNCTION     0.01     0.01   186.26     0  10:37        0.01
  20SMH0100            JUNCTION     0.05     0.09   179.60     0  03:27        0.09
  20SMH0101            JUNCTION     0.05     0.09   180.19     0  03:27        0.09
  20SMH0102            JUNCTION     0.05     0.09   180.80     0  03:27        0.09
  20SMH0103            JUNCTION     0.04     0.08   181.48     0  03:27        0.08
  20SMH0104            JUNCTION     0.05     0.09   182.08     0  03:26        0.09
  20SMH0105            JUNCTION     0.01     0.01   183.47     0  03:43        0.01
  20SMH0106            JUNCTION     0.02     0.02   182.86     0  22:12        0.02
  20SMH0107            JUNCTION     0.01     0.02   183.93     0  02:52        0.02
  20SMH0108            JUNCTION     0.00     0.00   186.42     0  10:30        0.00
  20SMH0109            JUNCTION     0.02     0.02   184.19     0  04:30        0.02
  20SMH0110            JUNCTION     0.02     0.02   181.28     0  16:37        0.02
  20SMH0111            JUNCTION     0.01     0.01   184.33     0  11:26        0.01
  20SMH0112            JUNCTION     0.02     0.02   185.23     0  15:03        0.02
  20SMH0113            JUNCTION     0.01     0.01   185.66     0  19:33        0.01
  20SMH0114            JUNCTION     0.00     0.00   186.76     0  03:43        0.00
  20SMH0115            JUNCTION     0.00     0.00   182.66     0  03:41        0.00
  20SMH0116            JUNCTION     0.02     0.16   183.32     0  00:10        0.16
  20SMH0117            JUNCTION     0.01     0.01   184.65     0  01:51        0.01
  20SMH0118            JUNCTION     0.01     0.01   187.87     0  12:19        0.01
  20SMH0119            JUNCTION     0.01     2.00   185.74     0  00:03        0.70
  20SMH0120            JUNCTION     0.03     0.03   184.35     0  11:13        0.03
  20SMH0121            JUNCTION     0.01     0.01   180.63     0  03:08        0.01
  20SMH0122            JUNCTION     0.00     0.00   187.11     0  03:27        0.00
  20SMH0123            JUNCTION     0.00     0.00   183.30     0  18:34        0.00
  20SMH0124            JUNCTION     0.01     0.01   189.11     0  00:05        0.01
  20SMH0125            JUNCTION     0.00     0.00   185.13     0  03:28        0.00
  20SMH0126            JUNCTION     0.01     0.01   182.42     0  03:06        0.01
  20SMH0127            JUNCTION     0.03     0.03   183.62     0  01:57        0.03
  20SMH0128            JUNCTION     0.04     0.04   184.34     0  01:54        0.04
  20SMH0129            JUNCTION     0.01     0.01   197.94     0  00:46        0.01
  20SMH0130            JUNCTION     0.01     0.01   197.33     0  03:47        0.01
  20SMH0131            JUNCTION     0.00     0.00   181.34     0  10:38        0.00
  20SMH0132            JUNCTION     0.00     0.00   183.28     0  11:30        0.00
  20SMH0133            JUNCTION     0.00     0.00   187.01     0  11:26        0.00
  20SMH0134            JUNCTION     0.00     0.00   187.47     0  19:13        0.00
  20SMH0135            JUNCTION     0.00     0.00   189.08     0  03:44        0.00
  20SMH0136            JUNCTION     7.79    23.69    23.69     0  23:00       23.69
  20SMH0144            JUNCTION     0.00     0.00   190.16     0  01:19        0.00
  20SMH0145            JUNCTION     0.00     0.00   192.65     0  01:56        0.00
  20SMH0146            JUNCTION     0.00     0.00   194.83     0  11:30        0.00
  20SMH0147            JUNCTION     0.00     0.00   197.70     0  03:22        0.00
  20SMH0148            JUNCTION     0.01     0.01   185.23     0  01:34        0.01
  20SMH0149            JUNCTION     0.01     0.01   181.53     0  18:33        0.01
  20SMH0150            JUNCTION     0.01     0.01   182.45     0  01:51        0.01
  20SMH0151            JUNCTION     0.01     0.01   184.43     0  19:17        0.01
  20SMH0152            JUNCTION     0.01     0.01   184.86     0  10:49        0.01
  20SMH0153            JUNCTION     0.00     0.00   185.24     0  19:16        0.00
  20SMH0154            JUNCTION     0.06     0.06   184.53     0  01:50        0.06
  20SMH0155            JUNCTION     0.03     0.03   184.59     0  00:32        0.03
  20SMH0156            JUNCTION     0.02     0.02   184.91     0  09:54        0.02
  20SMH0157            JUNCTION     0.01     0.01   185.60     0  18:33        0.01
  20SMH0159            JUNCTION     0.02     0.02   185.29     0  07:24        0.02
  20SMH0160            JUNCTION     0.02     0.02   185.72     0  04:33        0.02
  20SMH0161            JUNCTION     0.01     0.01   186.13     0  10:51        0.01
  20SMH0162            JUNCTION     0.01     0.01   186.49     0  11:11        0.01
  20SMH0164            JUNCTION     0.01     0.01   190.03     0  01:16        0.01
  20SMH0165            JUNCTION     0.01     0.01   187.38     0  02:31        0.01
  20SMH0166            JUNCTION     0.01     0.01   186.34     0  19:13        0.01
  20SMH0167            JUNCTION     0.01     0.01   186.10     0  19:15        0.01
  20SMH0168            JUNCTION     0.00     0.00   184.02     0  10:53        0.00
  20SMH0169            JUNCTION     0.01     0.01   184.50     0  18:40        0.01
  20SMH0170            JUNCTION     0.01     0.01   185.00     0  03:04        0.01
  20SMH0171            JUNCTION     0.01     0.01   185.20     0  15:19        0.01
  20SMH0172            JUNCTION     0.02     0.02   181.94     0  13:57        0.02
  20SMH0173            JUNCTION     0.01     0.01   185.37     0  19:15        0.01
  20SMH0174            JUNCTION     0.00     0.00   184.57     0  03:54        0.00
  20SMH0175            JUNCTION     0.01     0.01   184.50     0  10:36        0.01
  20SMH0176            JUNCTION     0.01     0.01   185.14     0  11:07        0.01
  20SMH0177            JUNCTION     0.00     2.98   186.82     0  00:03        0.93
  20SMH0178            JUNCTION     0.00     0.00   181.00     0  18:44        0.00
  20SMH0179            JUNCTION     0.00     0.00   181.90     0  15:49        0.00
  20SMH0180            JUNCTION     0.00     0.00   182.50     0  13:11        0.00
  20SMH0185            JUNCTION     0.01     0.01   187.21     0  01:51        0.01
  20SMH0193            JUNCTION     0.00     0.00   182.72     0  10:35        0.00
  DUMMY                JUNCTION     7.79    23.69    23.69     0  22:59       23.69
  DUMMY_OPP            JUNCTION     7.79    23.69    23.69     0  22:59       23.69
  NODE1                JUNCTION     0.01     0.01   188.99     0  14:33        0.01
  NODE2                JUNCTION     0.01     0.01   185.62     0  03:05        0.01
  PS_CHAMBER1          JUNCTION     8.97    26.15   204.30     0  00:42       21.11
  STAN1                JUNCTION     0.01     0.01   186.44     0  02:10        0.01
  STAN10               JUNCTION     0.02     0.02   186.17     0  21:05        0.02
  STAN11               JUNCTION     0.06     0.06   185.51     0  01:34        0.06
  STAN12               JUNCTION     0.04     0.04   185.38     0  01:38        0.04
  STAN13               JUNCTION     0.04     0.04   185.00     0  01:41        0.04
  STAN14               JUNCTION     0.03     0.03   184.70     0  01:42        0.03
  STAN15               JUNCTION     0.01     0.01   182.93     0  18:39        0.01
  STAN16               JUNCTION     0.00     0.00   183.25     0  03:28        0.00
  STAN2                JUNCTION     0.00     0.00   189.66     0  00:22        0.00
  STAN35               JUNCTION     0.01     0.01   183.50     0  19:30        0.01
  STAN36               JUNCTION     0.04     0.04   185.34     0  00:14        0.04
  STAN37               JUNCTION     0.02     0.02   184.57     0  00:23        0.02
  STAN4                JUNCTION     0.01     0.01   186.16     0  19:13        0.01
  STAN40               JUNCTION     7.39    85.30   263.30     0  18:28       11.17
  STAN41               JUNCTION     0.41     0.56   182.73     0  03:26        0.56
  STAN42               JUNCTION     0.84     0.90   182.60     0  03:26        0.90
  STAN43               JUNCTION     0.01     0.01   186.71     0  00:09        0.01
  STAN44               JUNCTION     0.01     0.01   186.46     0  00:27        0.01
  STAN45               JUNCTION     0.01     0.01   185.85     0  00:55        0.01
  STAN5                JUNCTION     0.02     0.02   185.59     0  01:53        0.02
  STAN53               JUNCTION     0.01     0.01   185.31     0  04:16        0.01
  STAN54               JUNCTION     0.04     0.11   184.66     0  02:47        0.11
  STAN6                JUNCTION     0.02     0.02   184.94     0  00:26        0.02
  STAN60               JUNCTION     0.00     0.00   185.85     0  00:00        0.00
  STAN61               JUNCTION     0.00     0.00   185.51     0  00:00        0.00
  STAN63               JUNCTION     0.01     0.01   183.84     0  00:33        0.01
  STAN64               JUNCTION     0.00     0.00   186.80     0  00:00        0.00
  STAN65               JUNCTION     0.00     0.00   185.62     0  00:00        0.00
  STAN66               JUNCTION     0.01     0.01   183.63     0  00:40        0.01
  STAN67               JUNCTION     0.01     0.01   184.31     0  00:10        0.01
  STAN68               JUNCTION     0.01     0.01   184.08     0  00:27        0.01
  STAN7                JUNCTION     0.01     0.01   185.95     0  02:09        0.01
  STAN74               JUNCTION     0.01     0.01   186.69     0  10:30        0.01
  STAN8                JUNCTION     0.02     0.02   187.59     0  03:52        0.02
  STAN81               JUNCTION     0.01     0.01   186.56     0  00:28        0.01
  STAN82               JUNCTION     0.02     0.02   183.07     0  10:33        0.02
  STAN83               JUNCTION     0.08     0.27   182.84     0  03:26        0.27
  STAN85               JUNCTION     0.00     0.00   188.05     0  00:00        0.00
  STAN87               JUNCTION     0.00     0.00   188.57     0  00:00        0.00
  STAN9                JUNCTION     0.02     0.02   186.71     0  12:40        0.02
  WWTP                 JUNCTION     0.03     0.08   177.58     0  00:41        0.07
  STAN69               OUTFALL      0.00     0.02     0.02     0  00:31        0.01
  WWTP_OUTLET          OUTFALL      0.03     0.09   177.09     0  10:41        0.08
  MCKAY_WW             STORAGE      0.09     2.50   180.50     0  00:00        1.37
  OUSE_PS              STORAGE      0.54     1.02   174.37     0  00:41        1.00
  PROP_PRINCESS_WW     STORAGE      0.62     3.00   179.00     0  00:00        2.92
  
  
  *******************
  Node Inflow Summary
  *******************
  
  -------------------------------------------------------------------------------------------------
                                  Maximum  Maximum                  Lateral       Total        Flow
                                  Lateral    Total  Time of Max      Inflow      Inflow     Balance
                                   Inflow   Inflow   Occurrence      Volume      Volume       Error
  Node                 Type           LPS      LPS  days hr:min    10^6 ltr    10^6 ltr     Percent
  -------------------------------------------------------------------------------------------------
  20SMH0001            JUNCTION      0.00    26.51     0  00:45           0         1.1       0.033
  20SMH0002            JUNCTION      0.00    14.33     0  00:42           0       0.467       0.148
  20SMH0003            JUNCTION      0.00    15.98     0  00:37           0        0.47       0.548
  20SMH0004            JUNCTION      0.04    15.94     0  00:36      0.0031       0.461       0.117
  20SMH0005            JUNCTION      0.00    16.66     0  00:33           0        0.46       0.305
  20SMH0006            JUNCTION      0.12    17.53     0  00:30      0.0101       0.445       0.353
  20SMH0007            JUNCTION      0.00     2.92     0  07:58           0       0.235       0.207
  20SMH0008            JUNCTION      0.08     2.92     0  09:53     0.00699       0.235       0.215
  20SMH0009            JUNCTION      0.00     2.84     0  13:41           0       0.229       0.122
  20SMH0010            JUNCTION      0.00     2.84     0  22:46           0       0.229       0.217
  20SMH0011            JUNCTION      0.00     2.84     0  06:50           0       0.229       0.129
  20SMH0012            JUNCTION      0.02     2.60     0  15:07     0.00205        0.21       0.176
  20SMH0013            JUNCTION      0.00     2.58     0  20:36           0       0.209       0.381
  20SMH0014            JUNCTION      0.02     2.10     0  21:42     0.00161       0.171       0.346
  20SMH0015            JUNCTION      0.00     2.08     0  11:06           0       0.169       0.082
  20SMH0016            JUNCTION      0.02     2.08     0  12:38     0.00157        0.17       0.281
  20SMH0017            JUNCTION      0.00     0.21     0  14:37           0       0.017       0.122
  20SMH0018            JUNCTION      0.15     0.15     0  00:00      0.0124      0.0124       0.301
  20SMH0019            JUNCTION      0.10     0.10     0  00:00     0.00813     0.00813       0.273
  20SMH0020            JUNCTION      0.13     1.76     0  19:26      0.0109       0.144       0.314
  20SMH0021            JUNCTION      0.09     1.20     0  11:43     0.00776      0.0978       0.245
  20SMH0023            JUNCTION      0.04     0.72     0  19:35      0.0031       0.059       0.551
  20SMH0024            JUNCTION      0.04     0.46     0  07:45      0.0031      0.0376       0.583
  20SMH0025            JUNCTION      0.06     0.32     0  20:03     0.00466      0.0261       0.512
  20SMH0026            JUNCTION      0.09     0.26     0  04:18     0.00776      0.0216       0.667
  20SMH0027            JUNCTION      0.05     0.17     0  18:37     0.00388       0.014       0.757
  20SMH0028            JUNCTION      0.03     0.03     0  00:00     0.00233     0.00233       0.344
  20SMH0029            JUNCTION      0.07     0.24     0  09:14     0.00621      0.0199       0.074
  20SMH0030            JUNCTION      0.02     0.17     0  01:34     0.00155      0.0137       0.205
  20SMH0031            JUNCTION      0.02     0.15     0  10:21     0.00155      0.0122       0.213
  20SMH0032            JUNCTION      0.06     0.13     0  03:27     0.00466      0.0106       0.205
  20SMH0033            JUNCTION      0.00     0.07     0  01:05           0     0.00597       0.141
  20SMH0034            JUNCTION      0.08     0.08     0  00:00     0.00699     0.00699       0.277
  20SMH0035            JUNCTION      0.03     0.23     0  03:48     0.00233      0.0186       0.324
  20SMH0036            JUNCTION      0.07     0.11     0  01:52     0.00543      0.0093       0.496
  20SMH0037            JUNCTION      0.08     0.08     0  00:00     0.00699     0.00699       0.260
  20SMH0038            JUNCTION      0.07     0.07     0  00:00     0.00621     0.00621       0.378
  20SMH0039            JUNCTION      0.09     0.35     0  03:00     0.00754      0.0291       0.109
  20SMH0040            JUNCTION      0.04     0.26     0  02:31     0.00362      0.0216       0.086
  20SMH0041            JUNCTION      0.10     0.10     0  00:00     0.00867     0.00867       0.218
  20SMH0042            JUNCTION      0.01     0.48     0  05:16    0.000806      0.0391       0.242
  20SMH0043            JUNCTION      0.04     0.47     0  22:22     0.00322      0.0385       0.463
  20SMH0044            JUNCTION      0.04     0.43     0  05:18      0.0031      0.0353       0.146
  20SMH0045            JUNCTION      0.04     0.39     0  19:12      0.0031      0.0322       0.168
  20SMH0046            JUNCTION      0.07     0.35     0  03:47     0.00621      0.0292       0.218
  20SMH0047            JUNCTION      0.11     0.11     0  00:00     0.00931     0.00931       0.301
  20SMH0048            JUNCTION      0.13     0.13     0  00:00      0.0109      0.0109       0.373
  20SMH0049            JUNCTION      0.03     0.03     0  00:00     0.00288     0.00288       0.638
  20SMH0050            JUNCTION      0.02     0.23     0  08:38     0.00136      0.0187       0.176
  20SMH0051            JUNCTION      0.11     0.11     0  00:00     0.00874     0.00874       0.359
  20SMH0052            JUNCTION      0.01     0.08     0  19:01    0.000964     0.00674       0.260
  20SMH0053            JUNCTION      0.02     0.07     0  02:36     0.00199      0.0058       0.271
  20SMH0054            JUNCTION      0.05     0.05     0  00:00     0.00383     0.00383       0.647
  20SMH0055            JUNCTION      0.00    17.80     0  00:28           0       0.201       0.298
  20SMH0056            JUNCTION      0.07    17.76     0  00:27     0.00621       0.174       0.228
  20SMH0057            JUNCTION      0.06    17.70     0  00:26     0.00466       0.168       0.101
  20SMH0058            JUNCTION      0.04    17.66     0  00:25     0.00322       0.122       0.267
  20SMH0059            JUNCTION      0.00    17.96     0  00:23           0       0.119       0.189
  20SMH0060            JUNCTION      0.07    20.97     0  00:20     0.00576       0.112       0.359
  20SMH0061            JUNCTION      0.04    25.96     0  00:15     0.00331       0.102       3.585
  20SMH0062            JUNCTION      0.15    28.02     0  00:13      0.0127      0.0921       0.404
  20SMH0063            JUNCTION      0.02    30.70     0  00:11     0.00142      0.0797       0.358
  20SMH0064            JUNCTION      0.07    35.32     0  00:10      0.0054      0.0692       0.291
  20SMH0065            JUNCTION      0.07     0.07     0  00:00     0.00604     0.00604       1.339
  20SMH0066            JUNCTION      0.04     0.04     0  00:00     0.00328     0.00328       0.356
  20SMH0067            JUNCTION      0.02     0.06     0  18:44     0.00155     0.00465       0.296
  20SMH0068            JUNCTION      0.04     0.04     0  00:00      0.0031      0.0031       0.165
  20SMH0069            JUNCTION      0.08     0.08     0  00:00     0.00699     0.00699       0.134
  20SMH0070            JUNCTION      0.01     0.01     0  00:00    0.000812    0.000812       0.269
  20SMH0071            JUNCTION      0.07     0.07     0  00:00     0.00621     0.00621       0.121
  20SMH0072            JUNCTION      0.05     0.50     0  15:00     0.00388      0.0412       0.169
  20SMH0073            JUNCTION      0.00     0.31     0  01:50           0      0.0258       1.234
  20SMH0074            JUNCTION      0.09     0.31     0  02:36     0.00754      0.0258       0.117
  20SMH0075            JUNCTION      0.07     0.22     0  02:18     0.00599      0.0183       0.246
  20SMH0076            JUNCTION      0.00     0.15     0  03:09           0      0.0124       0.259
  20SMH0077            JUNCTION      0.09     0.09     0  00:00     0.00776     0.00776       0.438
  20SMH0078            JUNCTION      0.14     0.14     0  00:00      0.0119      0.0119       0.311
  20SMH0079            JUNCTION      0.06     0.06     0  00:00     0.00466     0.00466       0.282
  20SMH0080            JUNCTION      0.06     0.33     0  03:57     0.00466      0.0276       0.153
  20SMH0081            JUNCTION      0.06     0.28     0  01:31     0.00466       0.023       0.165
  20SMH0082            JUNCTION      0.04     0.22     0  03:11      0.0031      0.0183       0.266
  20SMH0083            JUNCTION      0.04     0.18     0  01:15      0.0031      0.0153       0.227
  20SMH0084            JUNCTION      0.15     0.15     0  00:00      0.0122      0.0122       0.232
  20SMH0085            JUNCTION      0.00     0.20     0  03:11           0      0.0164       0.283
  20SMH0086            JUNCTION      0.04     0.20     0  01:14     0.00331      0.0165       0.269
  20SMH0087            JUNCTION      0.16     0.16     0  00:00      0.0132      0.0132       0.264
  20SMH0088            JUNCTION      0.00     0.11     0  02:32           0     0.00923       0.462
  20SMH0089            JUNCTION      0.02     0.11     0  02:21     0.00155     0.00926       0.326
  20SMH0090            JUNCTION      0.00     0.09     0  02:55           0     0.00774       0.338
  20SMH0091            JUNCTION      0.09     0.09     0  00:00     0.00776     0.00776       0.326
  20SMH0092            JUNCTION      0.00    15.49     0  03:27           0       0.634       0.016
  20SMH0093            JUNCTION      0.01    15.49     0  01:49    0.000436       0.635       0.105
  20SMH0094            JUNCTION      0.00     2.98     0  02:11           0       0.239       0.151
  20SMH0095            JUNCTION      0.04     2.98     0  02:09      0.0031       0.239       0.149
  20SMH0096            JUNCTION      0.00     2.87     0  02:02           0       0.232       0.460
  20SMH0097            JUNCTION      0.06     2.87     0  01:57     0.00466       0.233       0.317
  20SMH0098            JUNCTION      0.04     0.04     0  00:00      0.0031      0.0031       0.394
  20SMH0099            JUNCTION      0.13     0.13     0  00:00      0.0109      0.0109       0.479
  20SMH0100            JUNCTION      0.00    12.51     0  03:27           0       0.396       0.059
  20SMH0101            JUNCTION      0.00    11.92     0  03:27           0       0.348       0.060
  20SMH0102            JUNCTION      0.07    11.92     0  03:27     0.00621       0.348       0.061
  20SMH0103            JUNCTION      0.00    11.65     0  03:26           0       0.327       0.053
  20SMH0104            JUNCTION      0.04    11.65     0  03:26     0.00354       0.327       0.135
  20SMH0105            JUNCTION      0.20     0.20     0  00:00      0.0162      0.0162       0.225
  20SMH0106            JUNCTION      0.06     0.43     0  19:10     0.00466      0.0356       0.334
  20SMH0107            JUNCTION      0.05     0.38     0  08:39     0.00388       0.031       0.327
  20SMH0108            JUNCTION      0.04     0.04     0  00:00      0.0031      0.0031       0.455
  20SMH0109            JUNCTION      0.03     0.29     0  05:11     0.00233      0.0241       0.344
  20SMH0110            JUNCTION      0.00     0.59     0  04:16           0      0.0486       0.251
  20SMH0111            JUNCTION      0.04     0.38     0  08:44      0.0031      0.0316       0.226
  20SMH0112            JUNCTION      0.07     0.27     0  08:38     0.00543      0.0224       0.286
  20SMH0113            JUNCTION      0.06     0.21     0  19:56     0.00466       0.017       0.303
  20SMH0114            JUNCTION      0.02     0.02     0  00:00     0.00155     0.00155       0.283
  20SMH0115            JUNCTION      0.02     0.02     0  00:00     0.00195     0.00195       0.540
  20SMH0116            JUNCTION      0.00    42.37     0  00:03    0.000332      0.0585       0.983
  20SMH0117            JUNCTION      0.13     0.28     0  01:20      0.0106       0.023       0.256
  20SMH0118            JUNCTION      0.15     0.15     0  00:00      0.0124      0.0124       0.284
  20SMH0119            JUNCTION      0.15    37.48     0  00:03      0.0124      0.0344      -2.218
  20SMH0120            JUNCTION      0.01     0.27     0  18:45    0.000776      0.0219       0.573
  20SMH0121            JUNCTION      0.01     0.24     0  02:38     0.00069      0.0194       0.158
  20SMH0122            JUNCTION      0.04     0.04     0  00:00      0.0031      0.0031       0.414
  20SMH0123            JUNCTION      0.06     0.06     0  00:00     0.00466     0.00466       0.199
  20SMH0124            JUNCTION      0.07     0.07     0  00:00     0.00621     0.00621       0.161
  20SMH0125            JUNCTION      0.07     0.07     0  00:00     0.00599     0.00599       0.195
  20SMH0126            JUNCTION      0.07     0.07     0  00:00     0.00543     0.00543       0.488
  20SMH0127            JUNCTION      0.05     2.78     0  01:54     0.00388       0.225       0.210
  20SMH0128            JUNCTION      0.04     2.55     0  01:50      0.0031       0.207       0.301
  20SMH0129            JUNCTION      0.07     0.07     0  00:00     0.00599     0.00599       0.105
  20SMH0130            JUNCTION      0.00     0.07     0  00:30           0     0.00598       0.237
  20SMH0131            JUNCTION      0.01     0.01     0  00:00    0.000806    0.000806       0.429
  20SMH0132            JUNCTION      0.02     0.02     0  00:00     0.00155     0.00155       0.186
  20SMH0133            JUNCTION      0.01     0.02     0  15:19    0.000809     0.00132       0.908
  20SMH0134            JUNCTION      0.00     0.01     0  00:02           0    0.000515       0.654
  20SMH0135            JUNCTION      0.01     0.01     0  00:00    0.000517    0.000517       0.388
  20SMH0136            JUNCTION      0.53     2.81     0  08:11      0.0436      0.0439     180.034
  20SMH0144            JUNCTION      0.00     0.05     0  00:03           0     0.00313       0.112
  20SMH0145            JUNCTION      0.00     0.05     0  00:02           0     0.00313       0.111
  20SMH0146            JUNCTION      0.00     0.04     0  01:03           0     0.00314       0.113
  20SMH0147            JUNCTION      0.04     0.04     0  00:00     0.00315     0.00315       0.263
  20SMH0148            JUNCTION      0.07     0.07     0  00:00     0.00621     0.00621       0.279
  20SMH0149            JUNCTION      0.00     0.19     0  12:33           0      0.0155       0.291
  20SMH0150            JUNCTION      0.19     0.19     0  00:00      0.0155      0.0155       0.267
  20SMH0151            JUNCTION      0.00     0.21     0  01:22           0      0.0171       0.255
  20SMH0152            JUNCTION      0.19     0.21     0  00:49      0.0155      0.0171       0.117
  20SMH0153            JUNCTION      0.02     0.02     0  00:00     0.00155     0.00155       0.269
  20SMH0154            JUNCTION      0.00     2.46     0  01:41           0       0.201       0.373
  20SMH0155            JUNCTION      0.00     0.69     0  17:23           0      0.0568       0.153
  20SMH0156            JUNCTION      0.02     0.69     0  16:09     0.00155      0.0569       0.104
  20SMH0157            JUNCTION      0.13     0.13     0  00:00      0.0109      0.0109       0.538
  20SMH0159            JUNCTION      0.05     0.54     0  04:56     0.00388      0.0447       0.404
  20SMH0160            JUNCTION      0.09     0.23     0  11:06     0.00776      0.0186       0.607
  20SMH0161            JUNCTION      0.04     0.13     0  02:53      0.0031      0.0109       0.406
  20SMH0162            JUNCTION      0.00     0.09     0  12:33           0     0.00778       0.356
  20SMH0164            JUNCTION      0.16     0.16     0  00:00      0.0132      0.0132       0.230
  20SMH0165            JUNCTION      0.00     0.16     0  02:09           0      0.0132       0.250
  20SMH0166            JUNCTION      0.11     0.27     0  07:08     0.00931      0.0224       0.064
  20SMH0167            JUNCTION      0.00     0.27     0  11:53           0      0.0224       0.384
  20SMH0168            JUNCTION      0.00     0.07     0  06:13           0     0.00598       0.121
  20SMH0169            JUNCTION      0.00     0.19     0  02:08           0      0.0154       0.348
  20SMH0170            JUNCTION      0.10     0.19     0  05:32     0.00854      0.0155       0.382
  20SMH0171            JUNCTION      0.08     0.08     0  00:00     0.00699     0.00699       0.459
  20SMH0172            JUNCTION      0.00     1.63     0  16:22           0       0.133       0.081
  20SMH0173            JUNCTION      0.07     0.07     0  00:00     0.00543     0.00543       0.258
  20SMH0174            JUNCTION      0.02     0.02     0  00:00     0.00135     0.00135       0.497
  20SMH0175            JUNCTION      0.00     0.05     0  10:57           0     0.00385       0.830
  20SMH0176            JUNCTION      0.05     0.05     0  00:00     0.00388     0.00388       0.701
  20SMH0177            JUNCTION      0.00    35.00     0  00:00           0      0.0226       2.961
  20SMH0178            JUNCTION      0.00     0.01     0  21:01           0    0.000396       0.290
  20SMH0179            JUNCTION      0.00     0.01     0  18:28           0    0.000407       2.951
  20SMH0180            JUNCTION      0.00     0.01     0  08:05           0    0.000412       1.155
  20SMH0185            JUNCTION      0.05     0.05     0  00:00     0.00388     0.00388       0.366
  20SMH0193            JUNCTION      0.01     0.24     0  15:45     0.00112      0.0198     -34.035
  DUMMY                JUNCTION      0.00     3.61     0  08:11           0      0.0157      96.810
  DUMMY_OPP            JUNCTION      0.00     1.65     0  08:10           0     0.00776   10094.222
  NODE1                JUNCTION      0.00     0.11     0  01:06           0     0.00933       0.292
  NODE2                JUNCTION      0.06     0.30     0  01:34     0.00464      0.0245       0.191
  PS_CHAMBER1          JUNCTION      0.00    36.30     0  00:00           0         1.1     -16.866
  STAN1                JUNCTION      0.26     0.26     0  00:00      0.0212      0.0212       0.206
  STAN10               JUNCTION      0.00     0.37     0  10:57           0      0.0304       0.263
  STAN11               JUNCTION      0.83     1.35     0  00:55      0.0684       0.111       1.066
  STAN12               JUNCTION      0.00     1.35     0  01:34           0        0.11       0.274
  STAN13               JUNCTION      0.00     1.35     0  01:38           0        0.11       0.273
  STAN14               JUNCTION      0.00     1.35     0  01:41           0       0.109       0.067
  STAN15               JUNCTION      0.00     0.01     0  06:13           0    0.000746       2.123
  STAN16               JUNCTION      0.01     0.01     0  00:00    0.000751    0.000751       0.647
  STAN2                JUNCTION      0.09     0.09     0  00:00     0.00778     0.00778       0.078
  STAN35               JUNCTION      0.10     0.10     0  00:00     0.00847     0.00847       0.441
  STAN36               JUNCTION      1.34     1.34     0  00:00       0.111       0.111       0.301
  STAN37               JUNCTION      0.00     1.35     0  00:17           0       0.111       0.281
  STAN4                JUNCTION      0.14     0.14     0  00:00      0.0116      0.0116       0.241
  STAN40               JUNCTION      0.00    10.02     0  00:01           0       0.202       0.269
  STAN41               JUNCTION      0.00    10.92     0  03:26           0       0.277       1.311
  STAN42               JUNCTION      0.06    10.98     0  03:26     0.00471       0.278       2.229
  STAN43               JUNCTION      0.15     0.15     0  00:00      0.0126      0.0126       0.168
  STAN44               JUNCTION      0.00     0.16     0  00:14           0      0.0126       0.618
  STAN45               JUNCTION      0.00     0.16     0  00:38           0      0.0125       1.000
  STAN5                JUNCTION      0.14     0.42     0  18:45      0.0116      0.0347       0.262
  STAN53               JUNCTION      0.21     0.21     0  00:00      0.0177      0.0177       0.456
  STAN54               JUNCTION      0.26    14.97     0  10:25      0.0212        0.24       0.216
  STAN6                JUNCTION      0.00     0.42     0  05:16           0      0.0346       0.252
  STAN60               JUNCTION      0.00     0.00     0  00:00           0           0       0.000 ltr
  STAN61               JUNCTION      0.00     0.00     0  00:00           0           0       0.000 ltr
  STAN63               JUNCTION      0.06     0.12     0  00:27     0.00479     0.00955       0.405
  STAN64               JUNCTION      0.00     0.00     0  00:00           0           0       0.000 ltr
  STAN65               JUNCTION      0.00     0.00     0  00:00           0           0       0.000 ltr
  STAN66               JUNCTION      0.00     0.12     0  00:34           0     0.00951       0.286
  STAN67               JUNCTION      0.06     0.06     0  00:00     0.00479     0.00479       0.226
  STAN68               JUNCTION      0.00     0.06     0  00:15           0     0.00478       0.550
  STAN7                JUNCTION      0.14     0.14     0  00:00      0.0116      0.0116       0.182
  STAN74               JUNCTION      0.08     0.08     0  00:00     0.00648     0.00648       0.409
  STAN8                JUNCTION      0.37     0.37     0  00:00      0.0306      0.0306       0.316
  STAN81               JUNCTION      0.20     0.20     0  00:00      0.0165      0.0165       0.099
  STAN82               JUNCTION      0.13     0.33     0  00:41      0.0106      0.0271       0.545
  STAN83               JUNCTION      0.13    10.92     0  02:43      0.0106       0.277       0.081
  STAN85               JUNCTION      0.00     0.00     0  00:00           0           0       0.000 ltr
  STAN87               JUNCTION      0.00     0.00     0  00:00           0           0       0.000 ltr
  STAN9                JUNCTION      0.00     0.37     0  03:56           0      0.0306       0.401
  WWTP                 JUNCTION      0.00    89.50     0  11:33           0        1.32      -3.183
  STAN69               OUTFALL       0.00    24.75     0  00:31           0      0.0296       0.000
  WWTP_OUTLET          OUTFALL       0.00    84.85     0  10:41           0        1.37       0.000
  MCKAY_WW             STORAGE       0.00     0.01     0  15:38           0      0.0181     -22.719
  OUSE_PS              STORAGE       0.00    26.50     0  00:45           0        1.11       0.017
  PROP_PRINCESS_WW     STORAGE       0.00     1.34     0  00:24           0       0.195     -10.085
  
  
  **********************
  Node Surcharge Summary
  **********************
  
  Surcharging occurs when water rises above the top of the highest conduit.
  ---------------------------------------------------------------------
                                               Max. Height   Min. Depth
                                   Hours       Above Crown    Below Rim
  Node                 Type      Surcharged         Meters       Meters
  ---------------------------------------------------------------------
  20SMH0119            JUNCTION        0.13          1.800        0.000
  20SMH0177            JUNCTION        0.17          2.827        0.000
  DUMMY                JUNCTION       15.00         23.492      169.947
  DUMMY_OPP            JUNCTION       14.99         23.495      169.944
  PS_CHAMBER1          JUNCTION       22.95         25.948        0.000
  STAN40               JUNCTION       22.98         85.198        0.000
  STAN41               JUNCTION       22.62          0.363        6.025
  
  
  *********************
  Node Flooding Summary
  *********************
  
  Flooding refers to all water that overflows a node, whether it ponds or not.
  --------------------------------------------------------------------------
                                                             Total   Maximum
                                 Maximum   Time of Max       Flood    Ponded
                        Hours       Rate    Occurrence      Volume     Depth
  Node                 Flooded       LPS   days hr:min    10^6 ltr    Meters
  --------------------------------------------------------------------------
  20SMH0119               0.01      2.60      0  00:03       0.000     0.000
  
  
  **********************
  Storage Volume Summary
  **********************
  
  ------------------------------------------------------------------------------------------------
                         Average    Avg   Evap  Exfil     Maximum    Max    Time of Max    Maximum
                          Volume   Pcnt   Pcnt   Pcnt      Volume   Pcnt     Occurrence    Outflow
  Storage Unit           1000 mł   Full   Loss   Loss     1000 mł   Full    days hr:min        LPS
  ------------------------------------------------------------------------------------------------
  MCKAY_WW                 0.001    3.0    0.0    0.0       0.018   83.3       0  00:00      35.00
  OUSE_PS                  0.004   15.2    0.0    0.0       0.007   28.8       0  00:41      36.30
  PROP_PRINCESS_WW         0.017   15.4    0.0    0.0       0.085   75.0       0  00:00      10.00
  
  
  ***********************
  Outfall Loading Summary
  ***********************
  
  -----------------------------------------------------------
                         Flow       Avg       Max       Total
                         Freq      Flow      Flow      Volume
  Outfall Node           Pcnt       LPS       LPS    10^6 ltr
  -----------------------------------------------------------
  STAN69                99.64      0.26     24.75       0.030
  WWTP_OUTLET           55.00     40.93     84.85       1.367
  -----------------------------------------------------------
  System                77.32     41.19     85.09       1.396
  
  
  ********************
  Link Flow Summary
  ********************
  
  -----------------------------------------------------------------------------
                                 Maximum  Time of Max   Maximum    Max/    Max/
                                  |Flow|   Occurrence   |Veloc|    Full    Full
  Link                 Type          LPS  days hr:min     m/sec    Flow   Depth
  -----------------------------------------------------------------------------
  0                    CONDUIT      7.68     0  00:03      0.98    2.04    1.00
  20SFM002             CONDUIT     89.50     0  11:33      2.87    2.30    0.98
  20SM008              CONDUIT      0.01     0  00:02      0.00    0.00    0.01
  20SM009              CONDUIT      0.01     0  15:19      0.00    0.00    0.01
  20SM010              CONDUIT      0.02     0  10:41      0.00    0.00    0.01
  20SM012              CONDUIT      0.02     0  00:00      0.00    0.00    0.01
  20SM012-B            CONDUIT      0.02     0  00:00      0.00    0.00    0.01
  20SM013              CONDUIT      0.17     0  04:18      0.20    0.00    0.04
  20SM014              CONDUIT      0.26     0  20:03      0.20    0.01    0.05
  20SM015              CONDUIT      0.32     0  12:35      0.25    0.01    0.05
  20SM016              CONDUIT      0.46     0  15:01      0.25    0.01    0.06
  20SM017              CONDUIT      0.04     0  01:42      0.26    0.00    0.02
  20SM018              CONDUIT      0.07     0  18:53      0.21    0.00    0.03
  20SM019              CONDUIT      0.11     0  19:56      0.22    0.00    0.05
  20SM020              CONDUIT      0.08     0  03:48      0.28    0.00    0.03
  20SM021              CONDUIT      0.23     0  02:42      0.34    0.01    0.05
  20SM022              CONDUIT      0.07     0  00:30      0.31    0.00    0.03
  20SM023              CONDUIT      0.07     0  01:05      0.27    0.00    0.03
  20SM024              CONDUIT      0.07     0  03:27      0.30    0.00    0.03
  20SM025              CONDUIT      0.13     0  10:21      0.40    0.00    0.03
  20SM026              CONDUIT      0.15     0  01:34      0.40    0.00    0.04
  20SM027              CONDUIT      0.17     0  09:14      0.40    0.00    0.04
  20SM028              CONDUIT      0.24     0  01:34      0.40    0.00    0.05
  20SM029              CONDUIT      0.30     0  04:01      0.46    0.01    0.05
  20SM030              CONDUIT      0.04     0  01:03      0.30    0.00    0.02
  20SM031              CONDUIT      0.05     0  00:02      0.00    0.00    0.02
  20SM032              CONDUIT      0.05     0  00:03      0.00    0.00    0.01
  20SM033              CONDUIT      0.04     0  01:06      0.11    0.00    0.04
  20SM034              CONDUIT      0.08     0  00:08      0.22    0.00    0.05
  20SM035              CONDUIT      0.11     0  18:44      0.19    0.01    0.05
  20SM036              CONDUIT      0.10     0  13:15      0.25    0.00    0.04
  20SM037              CONDUIT      0.26     0  03:00      0.67    0.00    0.04
  20SM038              CONDUIT      0.35     0  05:04      0.55    0.01    0.05
  20SM039              CONDUIT      0.72     0  13:58      0.30    0.01    0.07
  20SM040              CONDUIT      1.20     0  06:18      0.57    0.01    0.07
  20SM041              CONDUIT      1.63     0  19:26      0.61    0.01    0.08
  20SM042              CONDUIT      1.76     0  08:19      0.33    0.04    0.13
  20SM043              CONDUIT      0.08     0  01:26      0.23    0.00    0.03
  20SM044              CONDUIT      0.08     0  01:19      0.29    0.00    0.03
  20SM045              CONDUIT      0.15     0  01:21      0.31    0.00    0.04
  20SM046              CONDUIT      0.06     0  19:56      0.30    0.00    0.02
  20SM047              CONDUIT      0.10     0  03:55      0.33    0.00    0.03
  20SM048              CONDUIT      0.21     0  18:42      0.31    0.01    0.05
  20SM049              CONDUIT      2.08     0  11:06      0.41    0.04    0.12
  20SM050              CONDUIT      2.08     0  21:42      0.35    0.05    0.14
  20SM051              CONDUIT      2.10     0  15:03      0.42    0.04    0.12
  20SM052              CONDUIT      2.58     0  15:07      0.31    0.08    0.17
  20SM053              CONDUIT      2.60     0  06:50      0.50    0.04    0.13
  20SM054              CONDUIT      2.84     0  22:46      0.65    0.03    0.11
  20SM055              CONDUIT      2.84     0  13:41      0.42    0.05    0.15
  20SM056              CONDUIT      2.84     0  09:53      0.41    0.05    0.15
  20SM057              CONDUIT      2.92     0  07:58      0.46    0.05    0.15
  20SM058              CONDUIT      2.92     0  07:58      0.51    0.04    0.14
  20SM059              CONDUIT      0.11     0  01:59      0.27    0.00    0.04
  20SM060              CONDUIT      0.13     0  10:57      0.24    0.00    0.05
  20SM061              CONDUIT      0.03     0  14:58      0.18    0.00    0.02
  20SM062              CONDUIT      0.35     0  19:12      0.32    0.01    0.08
  20SM063              CONDUIT      0.39     0  05:18      0.41    0.01    0.07
  20SM064              CONDUIT      0.43     0  22:22      0.49    0.01    0.07
  20SM065              CONDUIT      0.47     0  05:16      0.28    0.02    0.10
  20SM066              CONDUIT      0.48     0  07:33      0.48    0.01    0.07
  20SM067              CONDUIT      0.05     0  02:36      0.20    0.00    0.03
  20SM068              CONDUIT      0.07     0  19:01      0.26    0.00    0.03
  20SM069              CONDUIT      0.08     0  07:42      0.26    0.00    0.03
  20SM070              CONDUIT      0.11     0  05:52      0.22    0.00    0.04
  20SM071              CONDUIT      0.02     0  02:20      0.22    0.00    0.02
  20SM072              CONDUIT      0.23     0  02:38      0.37    0.01    0.05
  20SM073              CONDUIT      0.24     0  08:00      0.40    0.00    0.05
  20SM074              CONDUIT      0.04     0  18:44      0.32    0.00    0.02
  20SM075              CONDUIT      0.06     0  01:07      0.24    0.00    0.03
  20SM076              CONDUIT      0.07     0  04:00      0.38    0.00    0.20
  20SM077              CONDUIT      0.02     0  03:55      0.18    0.00    0.02
  20SM078              CONDUIT      0.04     0  12:19      0.29    0.00    0.20
  20SM079              CONDUIT     27.87     0  00:13      0.86    0.48    0.47
  20SM080              CONDUIT     25.83     0  00:15      0.82    0.47    0.46
  20SM081              CONDUIT     10.40     0  00:20      0.45    0.31    0.36
  20SM081-B            CONDUIT     10.40     0  00:20      0.45    0.31    0.36
  20SM082              CONDUIT     17.87     0  00:23      0.75    0.32    0.37
  20SM083              CONDUIT     17.62     0  00:25      0.74    0.32    0.37
  20SM084              CONDUIT      0.01     0  18:28      0.00    0.00    0.01
  20SM085              CONDUIT      0.01     0  21:01      0.00    0.00    0.01
  20SM086              CONDUIT      0.01     0  15:38      0.00    0.00    0.50
  20SM087              CONDUIT      0.07     0  22:00      0.16    0.00    0.27
  20SM088              CONDUIT     30.58     0  00:11      0.80    0.62    0.53
  20SM089              CONDUIT      0.15     0  01:20      0.36    0.00    0.04
  20SM090              CONDUIT      0.28     0  03:35      0.36    0.01    0.18
  20SM091              CONDUIT     35.22     0  00:10      1.32    0.97    0.79
  20SM092              CONDUIT     42.28     0  00:03      1.38    1.77    0.94
  20SM093              CONDUIT      0.08     0  00:11      0.46    0.00    0.22
  20SM094              CONDUIT      0.03     0  00:01      0.09    0.00    0.21
  20SM095              CONDUIT      0.08     0  00:15      0.44    0.00    0.19
  20SM096              CONDUIT      0.01     0  00:01      0.00    0.00    0.01
  20SM097              CONDUIT      0.03     0  00:00      0.00    0.00    0.01
  20SM098              CONDUIT      0.07     0  00:49      0.40    0.00    0.24
  20SM100              CONDUIT      0.09     0  04:30      0.23    0.00    0.04
  20SM101              CONDUIT      0.06     0  11:10      0.27    0.00    0.02
  20SM102              CONDUIT      0.15     0  02:18      0.26    0.00    0.05
  20SM103              CONDUIT      0.22     0  02:36      0.29    0.01    0.06
  20SM104              CONDUIT      0.31     0  01:50      0.30    0.01    0.19
  20SM105              CONDUIT      0.31     0  03:21      0.32    0.01    0.07
  20SM106              CONDUIT      0.50     0  10:40      0.65    0.01    0.06
  20SM107              CONDUIT     17.27     0  00:26      0.69    0.35    0.39
  20SM108              CONDUIT     17.09     0  00:30      0.78    0.27    0.35
  20SM109              CONDUIT      0.14     0  05:38      0.24    0.01    0.05
  20SM110              CONDUIT      0.15     0  01:15      0.33    0.00    0.04
  20SM111              CONDUIT      0.18     0  03:11      0.29    0.01    0.05
  20SM112              CONDUIT      0.22     0  01:31      0.28    0.01    0.06
  20SM113              CONDUIT      0.28     0  03:57      0.52    0.00    0.05
  20SM114              CONDUIT      0.33     0  13:51      0.57    0.00    0.05
  20SM115              CONDUIT      0.16     0  01:14      0.41    0.00    0.04
  20SM116              CONDUIT      0.10     0  03:11      0.23    0.00    0.04
  20SM116-B            CONDUIT      0.10     0  03:11      0.23    0.00    0.04
  20SM117              CONDUIT      0.20     0  01:32      0.27    0.01    0.06
  20SM118              CONDUIT      0.13     0  05:32      0.23    0.01    0.05
  20SM119              CONDUIT      0.02     0  01:09      0.00    0.00    0.01
  20SM120              CONDUIT      0.21     0  08:38      0.26    0.01    0.06
  20SM121              CONDUIT      0.27     0  12:14      0.27    0.01    0.07
  20SM122              CONDUIT      0.08     0  19:19      0.24    0.00    0.03
  20SM123              CONDUIT      0.38     0  04:16      0.51    0.01    0.06
  20SM124              CONDUIT      0.02     0  00:49      0.06    0.00    0.03
  20SM125              CONDUIT      0.21     0  01:22      0.36    0.00    0.05
  20SM126              CONDUIT      0.21     0  02:59      0.43    0.00    0.04
  20SM127              CONDUIT     16.46     0  00:33      0.58    0.14    0.23
  20SM128              CONDUIT     15.90     0  00:36      0.67    0.10    0.21
  20SM129              CONDUIT     15.87     0  00:37      0.59    0.14    0.22
  20SM130              CONDUIT     14.33     0  00:42      0.43    0.22    0.26
  20SM131              CONDUIT     14.23     0  00:43      0.79    0.10    0.17
  20SM132              CONDUIT      0.09     0  02:55      0.23    0.00    0.04
  20SM133              CONDUIT      0.09     0  02:21      0.23    0.00    0.04
  20SM134              CONDUIT      0.11     0  02:32      0.32    0.00    0.04
  20SM135              CONDUIT      0.11     0  12:07      0.16    0.01    0.06
  20SM136              CONDUIT     17.68     0  00:27      0.85    0.31    0.34
  20SM137              CONDUIT     17.47     0  00:28      1.17    0.15    0.26
  20SM139              CONDUIT      0.26     0  18:45      0.41    0.01    0.08
  20SM140              CONDUIT      0.27     0  05:11      0.18    0.02    0.09
  20SM141              CONDUIT      0.29     0  08:39      0.24    0.02    0.08
  20SM142              CONDUIT      0.04     0  01:55      0.27    0.00    0.02
  20SM143              CONDUIT      0.38     0  19:10      0.35    0.01    0.08
  20SM144              CONDUIT      0.44     0  10:39      0.34    0.01    0.13
  20SM145              CONDUIT      0.20     0  03:43      0.36    0.00    0.11
  20SM146              CONDUIT      0.19     0  12:33      0.30    0.01    0.05
  20SM147              CONDUIT      0.19     0  18:41      0.29    0.01    0.12
  20SM148              CONDUIT     11.65     0  03:26      0.91    0.38    0.43
  20SM149              CONDUIT     11.65     0  03:27      0.98    0.34    0.40
  20SM150              CONDUIT     11.92     0  03:27      0.93    0.38    0.43
  20SM151              CONDUIT     11.92     0  03:27      0.90    0.40    0.44
  20SM152              CONDUIT      0.59     0  04:54      0.47    0.01    0.08
  20SM153              CONDUIT     12.51     0  03:27      0.90    0.42    0.46
  20SM154              CONDUIT      2.98     0  02:11      0.69    0.01    0.08
  20SM155              CONDUIT      2.98     0  01:49      0.67    0.01    0.08
  20SM156              CONDUIT     15.49     0  03:27      1.29    0.06    0.17
  20SM157              CONDUIT     15.49     0  03:27      1.11    0.07    0.18
  20SM158              CONDUIT     26.50     0  00:45      1.43    0.03    0.56
  20SM159              CONDUIT      0.09     0  12:33      0.51    0.00    0.02
  20SM160              CONDUIT      0.09     0  02:53      0.19    0.00    0.04
  20SM161              CONDUIT      0.13     0  11:06      0.21    0.01    0.05
  20SM162              CONDUIT      0.23     0  03:37      0.22    0.01    0.07
  20SM163              CONDUIT      0.16     0  02:09      0.40    0.00    0.04
  20SM164              CONDUIT      0.16     0  07:08      0.30    0.00    0.05
  20SM165              CONDUIT      0.27     0  11:53      0.34    0.01    0.06
  20SM166              CONDUIT      0.27     0  04:12      0.29    0.01    0.07
  20SM167              CONDUIT      0.70     0  00:47      0.26    0.05    0.15
  20SM168              CONDUIT      2.46     0  01:50      0.34    0.06    0.16
  20SM169              CONDUIT      2.55     0  01:54      0.49    0.04    0.13
  20SM170              CONDUIT      2.78     0  01:57      0.69    0.02    0.11
  20SM171              CONDUIT      0.05     0  10:57      0.22    0.00    0.01
  20SM172              CONDUIT      0.05     0  03:49      0.10    0.00    0.02
  20SM173              CONDUIT      0.08     0  05:32      0.16    0.00    0.05
  20SM174              CONDUIT      0.19     0  02:08      0.25    0.01    0.06
  20SM175              CONDUIT      0.19     0  13:41      0.27    0.01    0.06
  20SM176              CONDUIT      0.04     0  00:31      0.28    0.00    0.06
  20SM177              CONDUIT      2.87     0  02:02      0.40    0.03    0.12
  20SM178              CONDUIT      2.87     0  02:09      0.30    0.05    0.14
  20SM179              CONDUIT      0.07     0  11:59      0.23    0.00    0.03
  20SM180              CONDUIT      0.54     0  11:25      0.30    0.03    0.11
  20SM181              CONDUIT      0.69     0  17:23      0.38    0.03    0.11
  20SM182              CONDUIT      0.13     0  18:35      0.23    0.01    0.05
  CAYUGA_WWTP          CONDUIT     84.85     0  10:41      6.40    0.09    0.20
  DUMMY_OPP_2          CONDUIT      3.35     0  08:11      0.18    3.21    1.00
  OPP_FM               CONDUIT      1.65     0  08:10      0.06    5.81    1.00
  STAN1                CONDUIT      0.00     0  00:00      0.00    0.00    0.00
  STAN10               CONDUIT      0.37     0  01:55      0.11    0.01    0.19
  STAN11               CONDUIT      1.35     0  01:34      0.25    0.14    0.23
  STAN12               CONDUIT      1.35     0  01:38      0.40    0.06    0.16
  STAN13               CONDUIT      1.35     0  01:41      0.36    0.08    0.18
  STAN14               CONDUIT      1.35     0  01:42      0.30    0.02    0.11
  STAN15               CONDUIT      0.01     0  08:05      0.00    0.00    0.01
  STAN16               CONDUIT      0.05     0  01:54      0.20    0.00    0.03
  STAN17               CONDUIT      0.01     0  16:22      0.07    0.00    0.02
  STAN18               CONDUIT      0.01     0  06:13      0.00    0.00    0.01
  STAN37               CONDUIT      0.00     0  00:00      0.00    0.00    0.00
  STAN38               CONDUIT      1.35     0  00:17      0.53    0.06    0.14
  STAN4                CONDUIT      0.14     0  01:12      0.26    0.00    0.05
  STAN41               CONDUIT      1.34     0  00:24      0.18    0.02    0.54
  STAN42               CONDUIT     14.50     0  10:25      2.86    0.94    1.00
  STAN43               CONDUIT     10.92     0  03:26      0.52    0.53    1.00
  STAN44               CONDUIT     10.98     0  03:26      0.73    0.53    0.49
  STAN45               CONDUIT      0.16     0  00:14      0.27    0.01    0.06
  STAN46               CONDUIT      0.16     0  00:38      0.25    0.01    0.06
  STAN47               CONDUIT      0.16     0  00:55      0.04    0.01    0.18
  STAN5                CONDUIT      0.42     0  05:16      0.33    0.01    0.08
  STAN55               CONDUIT      0.21     0  02:21      0.16    0.01    0.30
  STAN56               CONDUIT     10.47     0  02:26      0.70    0.50    0.48
  STAN6                CONDUIT      0.43     0  00:27      0.32    0.02    0.12
  STAN63               CONDUIT      0.00     0  00:00      0.00    0.00    0.00
  STAN65               CONDUIT      0.00     0  00:00      0.00    0.00    0.00
  STAN66               CONDUIT      0.12     0  00:34      0.20    0.01    0.05
  STAN67               CONDUIT      0.00     0  00:00      0.00    0.00    0.00
  STAN68               CONDUIT      0.00     0  00:00      0.00    0.00    0.00
  STAN69               CONDUIT      0.12     0  00:40      0.30    0.00    0.04
  STAN7                CONDUIT      0.14     0  15:19      0.25    0.00    0.05
  STAN70               CONDUIT      0.06     0  00:15      0.20    0.00    0.04
  STAN71               CONDUIT      0.06     0  00:27      0.10    0.00    0.05
  STAN72               CONDUIT     24.75     0  00:31      0.00    0.02    0.06
  STAN77               CONDUIT      0.08     0  10:49      0.21    0.00    0.04
  STAN8                CONDUIT      0.37     0  03:56      0.33    0.01    0.08
  STAN84               CONDUIT      0.20     0  00:41      0.50    0.00    0.06
  STAN85               CONDUIT      0.33     0  02:38      0.16    0.02    0.54
  STAN88               CONDUIT     10.92     0  03:26      0.68    0.53    1.00
  STAN9                CONDUIT      0.37     0  10:57      0.29    0.02    0.08
  STAN90               CONDUIT      0.00     0  00:00      0.00    0.00    0.00
  STAN92               CONDUIT      0.00     0  00:00      0.00    0.00    0.00
  STAN94               CONDUIT      0.10     0  02:53      0.22    0.00    0.04
  STAN95               CONDUIT     21.98     0  00:03      1.24    2.04    1.00
  STAN96               CONDUIT      7.68     0  00:03      0.98    2.04    1.00
  MCKAY_PUMP           PUMP         5.00     0  00:00              1.00
  MCKAY_PUMP1          PUMP        10.00     0  00:00              1.00
  MCKAY_PUMP2          PUMP        20.00     0  00:00              1.00
  OUSE_PUMP            PUMP        36.30     0  00:00              1.00
  PROP_PRINCESS_PUMP   PUMP        10.00     0  00:00              1.00
  
  
  ***************************
  Flow Classification Summary
  ***************************
  
  -------------------------------------------------------------------------------------
                      Adjusted    ---------- Fraction of Time in Flow Class ---------- 
                       /Actual         Up    Down  Sub   Sup   Up    Down  Norm  Inlet 
  Conduit               Length    Dry  Dry   Dry   Crit  Crit  Crit  Crit  Ltd   Ctrl  
  -------------------------------------------------------------------------------------
  0                       1.00   0.00  0.00  0.00  0.02  0.00  0.00  0.98  0.01  0.00
  20SFM002                1.00   0.00  0.83  0.00  0.00  0.00  0.17  0.00  0.00  0.00
  20SM008                 1.00   0.00  0.00  0.00  0.00  0.00  0.00  1.00  0.00  0.00
  20SM009                 1.00   0.00  0.00  0.00  0.00  0.00  0.00  1.00  0.00  0.00
  20SM010                 1.00   0.00  0.00  0.00  0.00  0.00  0.00  1.00  0.00  0.00
  20SM012                 1.00   0.00  0.00  0.00  0.00  0.00  0.00  1.00  0.00  0.00
  20SM012-B               1.00   0.00  0.00  0.00  0.00  0.00  0.00  1.00  0.00  0.00
  20SM013                 1.00   0.00  0.00  0.00  0.00  0.00  0.00  1.00  0.00  0.00
  20SM014                 1.00   0.00  0.00  0.00  0.00  0.00  0.00  1.00  0.00  0.00
  20SM015                 1.00   0.00  0.00  0.00  0.00  0.00  0.00  1.00  0.00  0.00
  20SM016                 1.00   0.00  0.00  0.00  0.00  0.00  0.00  1.00  0.00  0.00
  20SM017                 1.00   0.00  0.00  0.00  0.00  0.00  0.00  1.00  0.00  0.00
  20SM018                 1.00   0.00  0.00  0.00  0.00  0.00  0.00  1.00  0.00  0.00
  20SM019                 1.00   0.00  0.00  0.00  0.00  0.00  0.00  1.00  0.00  0.00
  20SM020                 1.00   0.00  0.00  0.00  0.00  0.00  0.00  1.00  0.00  0.00
  20SM021                 1.00   0.00  0.00  0.00  0.00  0.00  0.00  1.00  0.00  0.00
  20SM022                 1.00   0.00  0.00  0.00  0.00  0.00  0.00  1.00  0.00  0.00
  20SM023                 1.00   0.00  0.00  0.00  0.00  0.00  0.00  1.00  0.00  0.00
  20SM024                 1.00   0.00  0.00  0.00  0.00  0.00  0.00  1.00  0.00  0.00
  20SM025                 1.00   0.00  0.00  0.00  0.00  0.00  0.00  1.00  0.00  0.00
  20SM026                 1.00   0.00  0.00  0.00  0.00  0.00  0.00  1.00  0.00  0.00
  20SM027                 1.00   0.00  0.00  0.00  0.00  0.00  0.00  1.00  0.00  0.00
  20SM028                 1.00   0.00  0.00  0.00  0.00  1.00  0.00  0.00  1.00  0.00
  20SM029                 1.00   0.00  0.00  0.00  0.00  0.00  0.00  1.00  0.00  0.00
  20SM030                 1.00   0.00  0.00  0.00  0.00  0.00  0.00  1.00  0.00  0.00
  20SM031                 1.00   0.00  0.00  0.00  0.00  0.00  0.00  1.00  0.00  0.00
  20SM032                 1.00   0.00  0.00  0.00  0.00  0.00  0.00  1.00  0.00  0.00
  20SM033                 1.00   0.00  0.00  0.00  1.00  0.00  0.00  0.00  1.00  0.00
  20SM034                 1.00   0.00  0.00  0.00  1.00  0.00  0.00  0.00  0.99  0.00
  20SM035                 1.00   0.00  0.00  0.00  0.00  0.00  0.00  1.00  0.00  0.00
  20SM036                 1.00   0.00  0.00  0.00  0.00  0.00  0.00  1.00  0.00  0.00
  20SM037                 1.00   0.00  0.00  0.00  0.00  0.00  0.00  1.00  0.00  0.00
  20SM038                 1.00   0.00  0.00  0.00  0.00  0.00  0.00  1.00  0.00  0.00
  20SM039                 1.00   0.00  0.00  0.00  0.00  0.00  0.00  1.00  0.00  0.00
  20SM040                 1.00   0.00  0.00  0.00  0.00  0.00  0.00  1.00  0.00  0.00
  20SM041                 1.00   0.00  0.00  0.00  0.00  0.00  0.00  1.00  0.00  0.00
  20SM042                 1.00   0.00  0.00  0.00  0.00  0.00  0.00  1.00  0.00  0.00
  20SM043                 1.00   0.00  0.00  0.00  0.00  0.00  0.00  1.00  0.00  0.00
  20SM044                 1.00   0.00  0.00  0.00  0.00  0.00  0.00  1.00  0.00  0.00
  20SM045                 1.00   0.00  0.00  0.00  0.00  0.00  0.00  1.00  0.00  0.00
  20SM046                 1.00   0.00  0.00  0.00  0.00  0.00  0.00  1.00  0.00  0.00
  20SM047                 1.00   0.00  0.00  0.00  0.00  0.00  0.00  1.00  0.00  0.00
  20SM048                 1.00   0.00  0.00  0.00  0.00  0.00  0.00  1.00  0.00  0.00
  20SM049                 1.00   0.00  0.00  0.00  0.00  0.00  0.00  1.00  0.00  0.00
  20SM050                 1.00   0.00  0.00  0.00  0.00  0.00  0.00  1.00  0.00  0.00
  20SM051                 1.00   0.00  0.00  0.00  0.00  0.00  0.00  1.00  0.00  0.00
  20SM052                 1.00   0.00  0.00  0.00  0.00  0.00  0.00  1.00  0.00  0.00
  20SM053                 1.00   0.00  0.00  0.00  0.00  0.00  0.00  1.00  0.00  0.00
  20SM054                 1.00   0.00  0.00  0.00  0.00  0.00  0.00  1.00  0.00  0.00
  20SM055                 1.00   0.00  0.00  0.00  0.00  0.00  0.00  1.00  0.00  0.00
  20SM056                 1.00   0.00  0.00  0.00  1.00  0.00  0.00  0.00  0.01  0.00
  20SM057                 1.00   0.00  0.00  0.00  1.00  0.00  0.00  0.00  0.00  0.00
  20SM058                 1.00   0.00  0.00  0.00  0.01  0.00  0.00  0.99  0.00  0.00
  20SM059                 1.00   0.00  0.00  0.00  0.00  0.00  0.00  1.00  0.00  0.00
  20SM060                 1.00   0.00  0.00  0.00  0.00  0.00  0.00  1.00  0.00  0.00
  20SM061                 1.00   0.00  0.00  0.00  0.00  0.00  0.00  1.00  0.00  0.00
  20SM062                 1.00   0.00  0.00  0.00  0.00  0.00  0.00  1.00  0.00  0.00
  20SM063                 1.00   0.00  0.00  0.00  0.00  0.00  0.00  1.00  0.00  0.00
  20SM064                 1.00   0.00  0.00  0.00  0.00  0.00  0.00  1.00  0.00  0.00
  20SM065                 1.00   0.00  0.00  0.00  0.00  0.00  0.00  1.00  0.00  0.00
  20SM066                 1.00   0.00  0.00  0.00  0.00  0.00  0.00  1.00  0.00  0.00
  20SM067                 1.00   0.00  0.00  0.00  0.00  0.00  0.00  1.00  0.00  0.00
  20SM068                 1.00   0.00  0.00  0.00  0.00  0.00  0.00  1.00  0.00  0.00
  20SM069                 1.00   0.00  0.00  0.00  0.00  0.00  0.00  1.00  0.00  0.00
  20SM070                 1.00   0.00  0.00  0.00  0.00  0.00  0.00  1.00  0.00  0.00
  20SM071                 1.00   0.00  0.00  0.00  0.00  0.00  0.00  1.00  0.00  0.00
  20SM072                 1.00   0.00  0.00  0.00  0.00  0.00  0.00  1.00  0.00  0.00
  20SM073                 1.00   0.00  0.00  0.00  0.00  0.00  0.00  1.00  0.00  0.00
  20SM074                 1.00   0.00  0.00  0.00  0.00  0.00  0.00  1.00  0.00  0.00
  20SM075                 1.00   0.00  0.00  0.00  0.00  0.00  0.00  1.00  0.00  0.00
  20SM076                 1.00   0.00  0.00  0.00  0.01  0.00  0.00  0.99  0.01  0.00
  20SM077                 1.00   0.00  0.00  0.00  0.00  0.00  0.00  1.00  0.00  0.00
  20SM078                 1.00   0.00  0.00  0.00  0.01  0.00  0.00  0.99  0.01  0.00
  20SM079                 1.00   0.00  0.00  0.00  0.00  0.00  0.00  1.00  0.00  0.00
  20SM080                 1.00   0.00  0.00  0.00  0.00  0.00  0.00  1.00  0.00  0.00
  20SM081                 1.00   0.00  0.00  0.00  0.02  0.00  0.00  0.98  0.00  0.00
  20SM081-B               1.00   0.00  0.00  0.00  0.02  0.00  0.00  0.98  0.00  0.00
  20SM082                 1.00   0.00  0.00  0.00  0.00  0.00  0.00  1.00  0.00  0.00
  20SM083                 1.00   0.00  0.00  0.00  0.00  0.00  0.00  1.00  0.00  0.00
  20SM084                 1.00   0.00  0.00  0.00  0.00  0.00  0.00  1.00  0.00  0.00
  20SM085                 1.00   0.02  0.00  0.00  0.00  0.00  0.00  0.98  0.00  0.00
  20SM086                 1.00   0.00  0.03  0.00  0.97  0.00  0.00  0.00  0.97  0.00
  20SM087                 1.00   0.00  0.00  0.00  0.03  0.00  0.00  0.97  0.02  0.00
  20SM088                 1.00   0.00  0.00  0.00  0.00  0.00  0.00  1.00  0.00  0.00
  20SM089                 1.00   0.00  0.00  0.00  0.00  0.00  0.00  1.00  0.00  0.00
  20SM090                 1.00   0.00  0.00  0.00  0.01  0.00  0.00  0.99  0.01  0.00
  20SM091                 1.00   0.00  0.00  0.00  0.00  0.00  0.00  1.00  0.00  0.00
  20SM092                 1.00   0.00  0.00  0.00  0.00  0.00  0.00  1.00  0.00  0.00
  20SM093                 1.00   0.00  0.00  0.00  0.02  0.00  0.00  0.98  0.02  0.00
  20SM094                 1.00   0.00  0.00  0.00  0.02  0.00  0.00  0.98  0.02  0.00
  20SM095                 1.00   0.00  0.00  0.00  0.02  0.00  0.00  0.98  0.02  0.00
  20SM096                 1.00   0.00  0.00  0.00  0.00  0.00  0.00  1.00  0.00  0.00
  20SM097                 1.00   0.00  0.00  0.00  0.00  0.00  0.00  1.00  0.00  0.00
  20SM098                 1.00   0.00  0.00  0.00  0.03  0.01  0.00  0.96  0.04  0.00
  20SM100                 1.00   0.00  0.00  0.00  0.00  0.00  0.00  1.00  0.00  0.00
  20SM101                 1.00   0.00  0.00  0.00  0.00  0.00  0.00  1.00  0.00  0.00
  20SM102                 1.00   0.00  0.00  0.00  0.00  0.00  0.00  1.00  0.00  0.00
  20SM103                 1.00   0.00  0.00  0.00  0.00  0.00  0.00  1.00  0.00  0.00
  20SM104                 1.00   0.00  0.00  0.00  1.00  0.00  0.00  0.00  1.00  0.00
  20SM105                 1.00   0.01  0.00  0.00  0.00  0.00  0.00  0.99  0.00  0.00
  20SM106                 1.00   0.00  0.00  0.00  0.00  0.00  0.00  1.00  0.00  0.00
  20SM107                 1.00   0.00  0.00  0.00  0.00  0.00  0.00  1.00  0.00  0.00
  20SM108                 1.00   0.00  0.00  0.00  0.00  0.00  0.00  1.00  0.00  0.00
  20SM109                 1.00   0.00  0.00  0.00  0.00  0.00  0.00  1.00  0.00  0.00
  20SM110                 1.00   0.00  0.00  0.00  0.00  0.00  0.00  1.00  0.00  0.00
  20SM111                 1.00   0.00  0.00  0.00  0.00  0.00  0.00  1.00  0.00  0.00
  20SM112                 1.00   0.00  0.00  0.00  0.00  0.00  0.00  1.00  0.00  0.00
  20SM113                 1.00   0.00  0.00  0.00  0.00  0.00  0.00  1.00  0.00  0.00
  20SM114                 1.00   0.00  0.00  0.00  0.00  0.00  0.00  1.00  0.00  0.00
  20SM115                 1.00   0.00  0.00  0.00  0.00  0.00  0.00  1.00  0.00  0.00
  20SM116                 1.00   0.00  0.00  0.00  0.00  0.00  0.00  1.00  0.00  0.00
  20SM116-B               1.00   0.00  0.00  0.00  0.00  0.00  0.00  1.00  0.00  0.00
  20SM117                 1.00   0.00  0.00  0.00  0.00  0.00  0.00  1.00  0.00  0.00
  20SM118                 1.00   0.00  0.00  0.00  0.00  0.00  0.00  1.00  0.00  0.00
  20SM119                 1.00   0.00  0.00  0.00  0.00  0.00  0.00  1.00  0.00  0.00
  20SM120                 1.00   0.00  0.00  0.00  0.00  0.00  0.00  1.00  0.00  0.00
  20SM121                 1.00   0.00  0.00  0.00  0.00  0.00  0.00  1.00  0.00  0.00
  20SM122                 1.00   0.00  0.00  0.00  0.00  0.00  0.00  1.00  0.00  0.00
  20SM123                 1.00   0.00  0.00  0.00  0.00  0.00  0.00  1.00  0.00  0.00
  20SM124                 1.00   0.00  0.00  0.00  1.00  0.00  0.00  0.00  1.00  0.00
  20SM125                 1.00   0.00  0.00  0.00  0.00  0.00  0.00  1.00  0.00  0.00
  20SM126                 1.00   0.00  0.00  0.00  0.00  0.00  0.00  1.00  0.00  0.00
  20SM127                 1.00   0.00  0.00  0.00  0.00  0.00  0.00  1.00  0.00  0.00
  20SM128                 1.00   0.00  0.00  0.00  0.00  0.00  0.00  1.00  0.00  0.00
  20SM129                 1.00   0.00  0.00  0.00  0.00  0.00  0.00  1.00  0.00  0.00
  20SM130                 1.00   0.00  0.00  0.00  0.00  0.00  0.00  1.00  0.00  0.00
  20SM131                 1.00   0.00  0.00  0.00  0.28  0.72  0.00  0.00  0.02  0.00
  20SM132                 1.00   0.00  0.00  0.00  0.00  0.00  0.00  1.00  0.00  0.00
  20SM133                 1.00   0.00  0.00  0.00  0.00  0.00  0.00  1.00  0.00  0.00
  20SM134                 1.00   0.00  0.00  0.00  0.00  0.00  0.00  1.00  0.00  0.00
  20SM135                 1.00   0.00  0.00  0.00  0.00  0.00  0.00  1.00  0.00  0.00
  20SM136                 1.00   0.00  0.00  0.00  0.99  0.01  0.00  0.00  0.00  0.00
  20SM137                 1.00   0.00  0.00  0.00  0.00  0.00  0.00  1.00  0.00  0.00
  20SM139                 1.00   0.00  0.00  0.00  0.00  0.00  0.00  1.00  0.00  0.00
  20SM140                 1.00   0.00  0.00  0.00  0.00  0.00  0.00  1.00  0.00  0.00
  20SM141                 1.00   0.00  0.00  0.00  0.00  0.00  0.00  1.00  0.00  0.00
  20SM142                 1.00   0.00  0.00  0.00  0.00  0.00  0.00  1.00  0.00  0.00
  20SM143                 1.00   0.00  0.00  0.00  0.00  0.00  0.00  1.00  0.00  0.00
  20SM144                 1.00   0.00  0.00  0.00  0.23  0.00  0.00  0.77  0.23  0.00
  20SM145                 1.00   0.00  0.00  0.00  0.24  0.00  0.00  0.76  0.24  0.00
  20SM146                 1.00   0.00  0.00  0.00  0.00  0.00  0.00  1.00  0.00  0.00
  20SM147                 1.00   0.00  0.00  0.00  0.24  0.00  0.00  0.76  0.24  0.00
  20SM148                 1.00   0.00  0.00  0.00  0.00  0.00  0.00  1.00  0.00  0.00
  20SM149                 1.00   0.00  0.00  0.00  0.00  0.00  0.00  1.00  0.00  0.00
  20SM150                 1.00   0.00  0.00  0.00  0.00  0.00  0.00  1.00  0.00  0.00
  20SM151                 1.00   0.00  0.00  0.00  0.00  0.00  0.00  1.00  0.00  0.00
  20SM152                 1.00   0.00  0.00  0.00  0.00  0.00  0.00  1.00  0.00  0.00
  20SM153                 1.00   0.00  0.00  0.00  0.00  0.00  0.00  1.00  0.00  0.00
  20SM154                 1.00   0.00  0.00  0.00  0.00  0.00  0.00  1.00  0.00  0.00
  20SM155                 1.00   0.00  0.00  0.00  0.00  0.00  0.00  1.00  0.00  0.00
  20SM156                 1.00   0.00  0.00  0.00  0.00  0.00  0.00  1.00  0.00  0.00
  20SM157                 1.00   0.00  0.00  0.00  0.00  0.00  0.00  1.00  0.00  0.00
  20SM158                 1.00   0.00  0.00  0.00  0.97  0.02  0.00  0.00  1.00  0.00
  20SM159                 1.00   0.00  0.00  0.00  0.00  0.00  0.00  1.00  0.00  0.00
  20SM160                 1.00   0.00  0.00  0.00  0.00  0.00  0.00  1.00  0.00  0.00
  20SM161                 1.00   0.00  0.00  0.00  0.00  0.00  0.00  1.00  0.00  0.00
  20SM162                 1.00   0.00  0.00  0.00  0.00  0.00  0.00  1.00  0.00  0.00
  20SM163                 1.00   0.00  0.00  0.00  0.00  0.00  0.00  1.00  0.00  0.00
  20SM164                 1.00   0.00  0.00  0.00  0.00  0.00  0.00  1.00  0.00  0.00
  20SM165                 1.00   0.00  0.00  0.00  0.00  0.00  0.00  1.00  0.00  0.00
  20SM166                 1.00   0.00  0.00  0.00  0.00  0.00  0.00  1.00  0.00  0.00
  20SM167                 1.00   0.00  0.00  0.00  0.98  0.00  0.00  0.02  0.00  0.00
  20SM168                 1.00   0.00  0.00  0.00  0.00  0.00  0.00  1.00  0.00  0.00
  20SM169                 1.00   0.00  0.00  0.00  0.00  0.00  0.00  1.00  0.00  0.00
  20SM170                 1.00   0.00  0.00  0.00  0.00  0.00  0.00  1.00  0.00  0.00
  20SM171                 1.00   0.00  0.00  0.00  0.00  0.00  0.00  1.00  0.00  0.00
  20SM172                 1.00   0.00  0.00  0.00  0.00  0.00  0.00  1.00  0.00  0.00
  20SM173                 1.00   0.00  0.00  0.00  0.00  0.00  0.00  1.00  0.00  0.00
  20SM174                 1.00   0.00  0.00  0.00  0.00  0.00  0.00  1.00  0.00  0.00
  20SM175                 1.00   0.00  0.00  0.00  0.00  0.00  0.00  1.00  0.00  0.00
  20SM176                 1.00   0.00  0.00  0.00  0.98  0.00  0.00  0.02  0.98  0.00
  20SM177                 1.00   0.00  0.00  0.00  0.00  0.00  0.00  1.00  0.00  0.00
  20SM178                 1.00   0.00  0.00  0.00  0.00  0.00  0.00  1.00  0.00  0.00
  20SM179                 1.00   0.00  0.00  0.00  0.00  0.00  0.00  1.00  0.00  0.00
  20SM180                 1.00   0.00  0.00  0.00  0.00  0.00  0.00  1.00  0.00  0.00
  20SM181                 1.00   0.00  0.00  0.00  0.00  0.00  0.00  1.00  0.00  0.00
  20SM182                 1.00   0.00  0.00  0.00  0.00  0.00  0.00  1.00  0.00  0.00
  CAYUGA_WWTP             1.00   0.00  0.00  0.00  0.44  0.55  0.00  0.00  0.20  0.00
  DUMMY_OPP_2             1.00   0.00  0.00  0.00  1.00  0.00  0.00  0.00  0.00  0.00
  OPP_FM                  1.00   0.00  0.00  0.00  1.00  0.00  0.00  0.00  0.00  0.00
  STAN1                   1.00   1.00  0.00  0.00  0.00  0.00  0.00  0.00  0.00  0.00
  STAN10                  1.00   0.00  0.00  0.00  1.00  0.00  0.00  0.00  1.00  0.00
  STAN11                  1.00   0.00  0.00  0.00  0.00  0.00  0.00  1.00  0.00  0.00
  STAN12                  1.00   0.00  0.00  0.00  0.00  0.00  0.00  1.00  0.00  0.00
  STAN13                  1.00   0.00  0.00  0.00  0.00  0.00  0.00  1.00  0.00  0.00
  STAN14                  1.00   0.00  0.00  0.00  0.99  0.00  0.00  0.00  0.99  0.00
  STAN15                  1.00   0.00  0.02  0.00  0.98  0.00  0.00  0.00  0.99  0.00
  STAN16                  1.00   0.00  0.00  0.00  0.00  0.00  0.00  1.00  0.00  0.00
  STAN17                  1.00   0.00  0.00  0.00  0.00  0.00  0.00  1.00  0.00  0.00
  STAN18                  1.00   0.00  0.00  0.00  0.00  0.00  0.00  1.00  0.00  0.00
  STAN37                  1.00   1.00  0.00  0.00  0.00  0.00  0.00  0.00  0.00  0.00
  STAN38                  1.00   0.00  0.00  0.00  0.00  1.00  0.00  0.00  0.00  0.00
  STAN4                   1.00   0.00  0.00  0.00  0.00  0.00  0.00  1.00  0.00  0.00
  STAN41                  1.00   0.00  0.00  0.00  1.00  0.00  0.00  0.00  1.00  0.00
  STAN42                  1.00   0.00  0.00  0.00  0.98  0.02  0.00  0.00  0.00  0.00
  STAN43                  1.00   0.00  0.00  0.00  1.00  0.00  0.00  0.00  0.01  0.00
  STAN44                  1.00   0.00  0.02  0.00  0.98  0.00  0.00  0.00  0.73  0.00
  STAN45                  1.00   0.00  0.00  0.00  1.00  0.00  0.00  0.00  0.99  0.00
  STAN46                  1.00   0.00  0.00  0.00  0.99  0.01  0.00  0.00  0.96  0.00
  STAN47                  1.00   0.00  0.00  0.00  1.00  0.00  0.00  0.00  1.00  0.00
  STAN5                   1.00   0.00  0.00  0.00  0.00  0.00  0.00  1.00  0.00  0.00
  STAN55                  1.00   0.00  0.00  0.00  1.00  0.00  0.00  0.00  1.00  0.00
  STAN56                  1.00   0.00  0.00  0.00  0.00  0.00  0.00  1.00  0.00  0.00
  STAN6                   1.00   0.00  0.00  0.00  0.98  0.00  0.00  0.02  0.98  0.00
  STAN63                  1.00   1.00  0.00  0.00  0.00  0.00  0.00  0.00  0.00  0.00
  STAN65                  1.00   1.00  0.00  0.00  0.00  0.00  0.00  0.00  0.00  0.00
  STAN66                  1.00   0.00  0.00  0.00  1.00  0.00  0.00  0.00  0.00  0.00
  STAN67                  1.00   1.00  0.00  0.00  0.00  0.00  0.00  0.00  0.00  0.00
  STAN68                  1.00   1.00  0.00  0.00  0.00  0.00  0.00  0.00  0.00  0.00
  STAN69                  1.00   0.00  0.00  0.00  0.00  0.00  0.00  1.00  0.00  0.00
  STAN7                   1.00   0.00  0.00  0.00  0.00  0.00  0.00  1.00  0.00  0.00
  STAN70                  1.00   0.00  0.00  0.00  1.00  0.00  0.00  0.00  0.98  0.00
  STAN71                  1.00   0.00  0.00  0.00  1.00  0.00  0.00  0.00  1.00  0.00
  STAN72                  1.00   0.01  0.01  0.00  0.01  0.97  0.00  0.00  0.97  0.00
  STAN77                  1.00   0.00  0.00  0.00  0.00  0.00  0.00  1.00  0.00  0.00
  STAN8                   1.00   0.00  0.00  0.00  0.00  0.00  0.00  1.00  0.00  0.00
  STAN84                  1.00   0.00  0.00  0.00  0.99  0.01  0.00  0.00  1.00  0.00
  STAN85                  1.00   0.00  0.00  0.00  1.00  0.00  0.00  0.00  1.00  0.00
  STAN88                  1.00   0.00  0.00  0.00  1.00  0.00  0.00  0.00  0.74  0.00
  STAN9                   1.00   0.00  0.00  0.00  0.00  0.00  0.00  1.00  0.00  0.00
  STAN90                  1.00   1.00  0.00  0.00  0.00  0.00  0.00  0.00  0.00  0.00
  STAN92                  1.00   1.00  0.00  0.00  0.00  0.00  0.00  0.00  0.00  0.00
  STAN94                  1.00   0.00  0.00  0.00  0.00  0.00  0.00  1.00  0.00  0.00
  STAN95                  1.00   0.00  0.00  0.00  0.02  0.00  0.00  0.98  0.01  0.00
  STAN96                  1.00   0.00  0.00  0.00  0.02  0.00  0.00  0.98  0.01  0.00
  
  
  *************************
  Conduit Surcharge Summary
  *************************
  
  ----------------------------------------------------------------------------
                                                           Hours        Hours 
                         --------- Hours Full --------   Above Full   Capacity
  Conduit                Both Ends  Upstream  Dnstream   Normal Flow   Limited
  ----------------------------------------------------------------------------
  0                           0.15      0.17      0.18      0.17         0.15
  20SFM002                    0.01      0.01     22.94      3.80         0.01
  20SM092                     0.01      0.13      0.01      0.14         0.01
  20SM158                     0.01      0.01     13.29      0.01         0.01
  DUMMY_OPP_2                15.00     15.00     15.00      0.03         8.52
  OPP_FM                     14.99     14.99     15.00      1.77         7.00
  STAN41                      0.01      0.01     20.14      0.01         0.01
  STAN42                      5.03      5.03     22.97      0.01         0.01
  STAN43                     22.62     22.62     22.75      0.01         0.01
  STAN85                      0.01      0.01      4.36      0.01         0.01
  STAN88                      4.36      4.36     22.62      0.01         0.01
  STAN95                      0.14      0.17      0.15      0.17         0.13
  STAN96                      0.15      0.17      0.18      0.17         0.15
  
  
  ***************
  Pumping Summary
  ***************
  
  ---------------------------------------------------------------------------------------------------------
                                                  Min       Avg       Max     Total     Power    % Time Off
                        Percent   Number of      Flow      Flow      Flow    Volume     Usage    Pump Curve
  Pump                 Utilized   Start-Ups       LPS       LPS       LPS  10^6 ltr     Kw-hr    Low   High
  ---------------------------------------------------------------------------------------------------------
  MCKAY_PUMP               0.77           1      0.00      5.00      5.00     0.003      0.05    0.0    0.0
  MCKAY_PUMP1              0.77           1      0.00     10.00     10.00     0.006      0.09    0.0    0.0
  MCKAY_PUMP2              0.77           1      0.00     20.00     20.00     0.013      0.19    0.0    0.0
  OUSE_PUMP               36.63          68      0.00     36.30     36.30     1.101     58.70    0.0    0.0
  PROP_PRINCESS_PUMP      24.40           3      0.00     10.00     10.00     0.202      6.07    0.0    0.4
  

  Analysis begun on:  Wed Jun 24 08:12:43 2026
  Analysis ended on:  Wed Jun 24 08:12:59 2026
  Total elapsed time: 00:00:16