
  EPA STORM WATER MANAGEMENT MODEL - VERSION 5.2 (Build 5.2.4)
  ------------------------------------------------------------

  
  ERROR 209: undefined object - at line 41 of [RAINGAGE] section:
  RG_SEWER_	INTENSITY	0.250000	1.000000	TIMESERIES	-		

  
  ERROR 209: undefined object 5yr_Design at line 42 of [RAINGAGE] section:
  RG_SEWER_5yr_Design	INTENSITY	0.250000	1.000000	TIMESERIES	5yr_Design		

  
  ERROR 235: invalid infiltration parameters at line 5913 of [INFIL] section:
  SC_SEWER_FU-MH296	0.100000	3.000000	0.000000	17280000.000000	0.000000

  
  ERROR 235: invalid infiltration parameters at line 5914 of [INFIL] section:
  SC_SEWER_FU-MH297	0.100000	3.000000	0.000000	17280000.000000	0.000000

  
  ERROR 235: invalid infiltration parameters at line 5915 of [INFIL] section:
  SC_SEWER_FU-MH298	0.100000	3.000000	0.000000	17280000.000000	0.000000

  
  ERROR 235: invalid infiltration parameters at line 5916 of [INFIL] section:
  SC_SEWER_FU-MH299	0.100000	3.000000	0.000000	17280000.000000	0.000000

  
  ERROR 235: invalid infiltration parameters at line 5917 of [INFIL] section:
  SC_SEWER_FU-MH300	0.100000	3.000000	0.000000	17280000.000000	0.000000

  
  ERROR 235: invalid infiltration parameters at line 5918 of [INFIL] section:
  SC_SEWER_FU-MH301	0.100000	3.000000	0.000000	17280000.000000	0.000000

  
  ERROR 235: invalid infiltration parameters at line 5919 of [INFIL] section:
  SC_SEWER_FU-MH302	0.100000	3.000000	0.000000	17280000.000000	0.000000

  
  ERROR 235: invalid infiltration parameters at line 5920 of [INFIL] section:
  SC_SEWER_FU-MH303	0.100000	3.000000	0.000000	17280000.000000	0.000000

  
  ERROR 235: invalid infiltration parameters at line 5921 of [INFIL] section:
  SC_SEWER_FU-MH304	0.100000	3.000000	0.000000	17280000.000000	0.000000

  
  ERROR 235: invalid infiltration parameters at line 5922 of [INFIL] section:
  SC_SEWER_FU-MH305	0.100000	3.000000	0.000000	17280000.000000	0.000000

  
  ERROR 235: invalid infiltration parameters at line 5923 of [INFIL] section:
  SC_SEWER_FU-MH306	0.100000	3.000000	0.000000	17280000.000000	0.000000

  
  ERROR 235: invalid infiltration parameters at line 5924 of [INFIL] section:
  SC_SEWER_FU-MH307	0.100000	3.000000	0.000000	17280000.000000	0.000000

  
  ERROR 235: invalid infiltration parameters at line 5925 of [INFIL] section:
  SC_SEWER_FU-MH308	0.100000	3.000000	0.000000	17280000.000000	0.000000

  
  ERROR 235: invalid infiltration parameters at line 5926 of [INFIL] section:
  SC_SEWER_FU-MH309	0.100000	3.000000	0.000000	17280000.000000	0.000000

  
  ERROR 235: invalid infiltration parameters at line 5927 of [INFIL] section:
  SC_SEWER_FU-MH310	0.100000	3.000000	0.000000	17280000.000000	0.000000

  
  ERROR 235: invalid infiltration parameters at line 5928 of [INFIL] section:
  SC_SEWER_FU-MH311	0.100000	3.000000	0.000000	17280000.000000	0.000000

  
  ERROR 235: invalid infiltration parameters at line 5929 of [INFIL] section:
  SC_SEWER_FU-MH312	0.100000	3.000000	0.000000	17280000.000000	0.000000

  
  ERROR 235: invalid infiltration parameters at line 5930 of [INFIL] section:
  SC_SEWER_FU-MH313	0.100000	3.000000	0.000000	17280000.000000	0.000000

  
  ERROR 235: invalid infiltration parameters at line 5931 of [INFIL] section:
  SC_SEWER_FU-MH314	0.100000	3.000000	0.000000	17280000.000000	0.000000

  
  ERROR 235: invalid infiltration parameters at line 5932 of [INFIL] section:
  SC_SEWER_FU-MH315	0.100000	3.000000	0.000000	17280000.000000	0.000000

  
  ERROR 235: invalid infiltration parameters at line 5933 of [INFIL] section:
  SC_SEWER_FU-MH316	0.100000	3.000000	0.000000	17280000.000000	0.000000

  
  ERROR 235: invalid infiltration parameters at line 5934 of [INFIL] section:
  SC_SEWER_FU-MH317	0.100000	3.000000	0.000000	17280000.000000	0.000000

  
  ERROR 235: invalid infiltration parameters at line 5935 of [INFIL] section:
  SC_SEWER_FU-MH318	0.100000	3.000000	0.000000	17280000.000000	0.000000

  
  ERROR 235: invalid infiltration parameters at line 5936 of [INFIL] section:
  SC_SEWER_FU-MH319	0.100000	3.000000	0.000000	17280000.000000	0.000000

  
  ERROR 235: invalid infiltration parameters at line 5937 of [INFIL] section:
  SC_SEWER_FU-MH320	0.100000	3.000000	0.000000	17280000.000000	0.000000

  
  ERROR 235: invalid infiltration parameters at line 5938 of [INFIL] section:
  SC_SEWER_FU-MH321	0.100000	3.000000	0.000000	17280000.000000	0.000000

  
  ERROR 235: invalid infiltration parameters at line 5939 of [INFIL] section:
  SC_SEWER_FU-MH322	0.100000	3.000000	0.000000	17280000.000000	0.000000

  
  ERROR 235: invalid infiltration parameters at line 5940 of [INFIL] section:
  SC_SEWER_FU-MH323	0.100000	3.000000	0.000000	17280000.000000	0.000000

  
  ERROR 235: invalid infiltration parameters at line 5941 of [INFIL] section:
  SC_SEWER_FU-MH324	0.100000	3.000000	0.000000	17280000.000000	0.000000

  
  ERROR 235: invalid infiltration parameters at line 5942 of [INFIL] section:
  SC_SEWER_FU-MH325	0.100000	3.000000	0.000000	17280000.000000	0.000000

  
  ERROR 235: invalid infiltration parameters at line 5943 of [INFIL] section:
  SC_SEWER_FU-MH326	0.100000	3.000000	0.000000	17280000.000000	0.000000

  
  ERROR 235: invalid infiltration parameters at line 5944 of [INFIL] section:
  SC_SEWER_FU-MH327	0.100000	3.000000	0.000000	17280000.000000	0.000000

  
  ERROR 235: invalid infiltration parameters at line 5945 of [INFIL] section:
  SC_SEWER_FU-MH328	0.100000	3.000000	0.000000	17280000.000000	0.000000

  
  ERROR 235: invalid infiltration parameters at line 5946 of [INFIL] section:
  SC_SEWER_FU-MH329	0.100000	3.000000	0.000000	17280000.000000	0.000000

  
  ERROR 235: invalid infiltration parameters at line 5947 of [INFIL] section:
  SC_SEWER_FU-MH330	0.100000	3.000000	0.000000	17280000.000000	0.000000

  
  ERROR 235: invalid infiltration parameters at line 5948 of [INFIL] section:
  SC_SEWER_FU-MH331	0.100000	3.000000	0.000000	17280000.000000	0.000000

  
  ERROR 235: invalid infiltration parameters at line 5949 of [INFIL] section:
  SC_SEWER_FU-MH332	0.100000	3.000000	0.000000	17280000.000000	0.000000

  
  ERROR 235: invalid infiltration parameters at line 5950 of [INFIL] section:
  SC_SEWER_FU-MH333	0.100000	3.000000	0.000000	17280000.000000	0.000000

  
  ERROR 235: invalid infiltration parameters at line 5951 of [INFIL] section:
  SC_SEWER_FU-MH334	0.100000	3.000000	0.000000	17280000.000000	0.000000

  
  ERROR 235: invalid infiltration parameters at line 5952 of [INFIL] section:
  SC_SEWER_FU-MH335	0.100000	3.000000	0.000000	17280000.000000	0.000000

  
  ERROR 235: invalid infiltration parameters at line 5953 of [INFIL] section:
  SC_SEWER_FU-MH336	0.100000	3.000000	0.000000	17280000.000000	0.000000

  
  ERROR 235: invalid infiltration parameters at line 5954 of [INFIL] section:
  SC_SEWER_FU-MH337	0.100000	3.000000	0.000000	17280000.000000	0.000000

  
  ERROR 235: invalid infiltration parameters at line 5956 of [INFIL] section:
  SC_SEWER_FU-MH341	0.100000	3.000000	0.000000	17280000.000000	0.000000

  
  ERROR 235: invalid infiltration parameters at line 5957 of [INFIL] section:
  SC_SEWER_FUTUREC2	0.100000	3.000000	0.000000	17280000.000000	0.000000

  
  ERROR 235: invalid infiltration parameters at line 5958 of [INFIL] section:
  SC_SEWER_FUTURECH1	0.100000	3.000000	0.000000	0.000000	0.000000

  
  ERROR 209: undefined object FUTURE at line 21367 of [RDII] section:
  10J-MH3TL	FUTURE	3.500000

  
  ERROR 209: undefined object FUTURE at line 21368 of [RDII] section:
  FU-MH197	FUTURE	3.500000


  Analysis begun on:  Wed Jun 24 12:10:27 2026
  Analysis ended on:  Wed Jun 24 12:10:27 2026
  Total elapsed time: < 1 sec