
  EPA STORM WATER MANAGEMENT MODEL - VERSION 5.2 (Build 5.2.4)
  ------------------------------------------------------------

  WARNING 04: minimum elevation drop used for Conduit 2152
  WARNING 04: minimum elevation drop used for Conduit 2795
  WARNING 04: minimum elevation drop used for Conduit 3072
  WARNING 04: minimum elevation drop used for Conduit 3079
  WARNING 04: minimum elevation drop used for Conduit 3080
  WARNING 04: minimum elevation drop used for Conduit 3081
  WARNING 04: minimum elevation drop used for Conduit 3259
  WARNING 04: minimum elevation drop used for Conduit 3482
  WARNING 04: minimum elevation drop used for Conduit 3848
  WARNING 04: minimum elevation drop used for Conduit 3858
  WARNING 04: minimum elevation drop used for Conduit 4261
  WARNING 04: minimum elevation drop used for Conduit 4338
  WARNING 04: minimum elevation drop used for Conduit 4459
  WARNING 04: minimum elevation drop used for Conduit 5331
  WARNING 04: minimum elevation drop used for Conduit 5332
  WARNING 04: minimum elevation drop used for Conduit 5333
  WARNING 04: minimum elevation drop used for Conduit 5334
  WARNING 04: minimum elevation drop used for Conduit 5335
  WARNING 04: minimum elevation drop used for Conduit 5336
  WARNING 04: minimum elevation drop used for Conduit 5682
  WARNING 04: minimum elevation drop used for Conduit 5841
  WARNING 04: minimum elevation drop used for Conduit 737
  WARNING 04: minimum elevation drop used for Conduit 758
  WARNING 04: minimum elevation drop used for Conduit 779
  WARNING 04: minimum elevation drop used for Conduit 804
  WARNING 04: minimum elevation drop used for Conduit 83
  WARNING 04: minimum elevation drop used for Conduit 937
  WARNING 08: elevation drop exceeds length for Conduit LFS04F
  
  ****************
  Analysis Options
  ****************
  Flow Units ............... GPM
  Process Models:
    Rainfall/Runoff ........ NO
    RDII ................... NO
    Snowmelt ............... NO
    Groundwater ............ NO
    Flow Routing ........... YES
    Ponding Allowed ........ NO
    Water Quality .......... NO
  Flow Routing Method ...... DYNWAVE
  Surcharge Method ......... EXTRAN
  Starting Date ............ 01/01/2002 00:00:00
  Ending Date .............. 01/01/2002 12:00:00
  Antecedent Dry Days ...... 5.0
  Report Time Step ......... 00:05:00
  Routing Time Step ........ 300.00 sec
  Variable Time Step ....... YES
  Maximum Trials ........... 8
  Number of Threads ........ 1
  Head Tolerance ........... 0.005000 ft
  
  
  ERROR 141: Outfall 12 has more than 1 inlet link or an outlet link.

  Analysis begun on:  Wed Jun 24 12:22:50 2026
  Analysis ended on:  Wed Jun 24 12:22:50 2026
  Total elapsed time: < 1 sec