
  EPA STORM WATER MANAGEMENT MODEL - VERSION 5.2 (Build 5.2.4)
  ------------------------------------------------------------

  WARNING 04: minimum elevation drop used for Conduit 18
  WARNING 04: minimum elevation drop used for Conduit 49
  WARNING 04: minimum elevation drop used for Conduit 53
  WARNING 04: minimum elevation drop used for Conduit 54
  WARNING 08: elevation drop exceeds length for Conduit 72
  
  *************
  Element Count
  *************
  Number of rain gages ...... 0
  Number of subcatchments ... 0
  Number of nodes ........... 60
  Number of links ........... 70
  Number of pollutants ...... 0
  Number of land uses ....... 0
  
  
  ************
  Node Summary
  ************
                                           Invert      Max.    Ponded    External
  Name                 Type                 Elev.     Depth      Area    Inflow  
  -------------------------------------------------------------------------------
  2                    JUNCTION             11.50    500.00       0.0    Yes
  3                    JUNCTION             10.90    500.00       0.0    Yes
  4                    JUNCTION             11.30    500.00       0.0    Yes
  5                    JUNCTION             12.03    500.00       0.0    Yes
  6                    JUNCTION             12.02    500.00       0.0    Yes
  7                    JUNCTION              9.12    500.00       0.0    Yes
  8                    JUNCTION              9.21    500.00       0.0    Yes
  9                    JUNCTION             10.03    500.00       0.0    Yes
  10                   JUNCTION             10.06    500.00       0.0    Yes
  11                   JUNCTION             10.20    500.00       0.0    Yes
  12                   JUNCTION             10.90    500.00       0.0    Yes
  13                   JUNCTION             12.06    500.00       0.0    Yes
  14                   JUNCTION             10.90    500.00       0.0    Yes
  15                   JUNCTION             10.25    500.00       0.0    Yes
  16                   JUNCTION             11.21    500.00       0.0    Yes
  17                   JUNCTION             11.30    500.00       0.0    Yes
  18                   JUNCTION             11.20    500.00       0.0    Yes
  19                   JUNCTION             11.00    500.00       0.0    Yes
  20                   JUNCTION             12.00    500.00       0.0    Yes
  21                   JUNCTION             11.82    500.00       0.0    Yes
  22                   JUNCTION             12.00    500.00       0.0    Yes
  23                   JUNCTION             11.00    500.00       0.0    Yes
  24                   JUNCTION             11.00    500.00       0.0    Yes
  25                   JUNCTION             11.00    500.00       0.0    Yes
  26                   JUNCTION              9.00    500.00       0.0    Yes
  27                   JUNCTION             10.00    500.00       0.0    Yes
  28                   JUNCTION              8.50    500.00       0.0    Yes
  29                   JUNCTION              8.00    500.00       0.0    Yes
  30                   JUNCTION             10.74    500.00       0.0    Yes
  31                   JUNCTION             11.00    500.00       0.0    Yes
  32                   JUNCTION             16.06    500.00       0.0    Yes
  33                   JUNCTION             11.47    500.00       0.0    Yes
  34                   JUNCTION              6.00    500.00       0.0    Yes
  35                   JUNCTION             12.06    500.00       0.0    Yes
  36                   JUNCTION             12.55    500.00       0.0    Yes
  37                   JUNCTION              8.23    500.00       0.0    Yes
  38                   JUNCTION              9.01    500.00       0.0    Yes
  39                   JUNCTION              8.00    500.00       0.0    Yes
  40                   JUNCTION              8.00    500.00       0.0    Yes
  41                   JUNCTION             10.00    500.00       0.0    Yes
  42                   JUNCTION             15.35    500.00       0.0    Yes
  43                   JUNCTION             18.38    500.00       0.0    Yes
  44                   JUNCTION             21.88    500.00       0.0    Yes
  45                   JUNCTION             13.04    500.00       0.0    Yes
  46                   JUNCTION             12.50    500.00       0.0    Yes
  47                   JUNCTION             17.77    500.00       0.0    Yes
  48                   JUNCTION             12.99    500.00       0.0    Yes
  49                   JUNCTION             16.60    500.00       0.0    Yes
  50                   JUNCTION             10.00    500.00       0.0    Yes
  51                   JUNCTION              4.02    500.00       0.0    Yes
  52                   JUNCTION              2.56    500.00       0.0    Yes
  53                   JUNCTION              4.96    500.00       0.0    Yes
  54                   JUNCTION              9.66    500.00       0.0    Yes
  55                   JUNCTION             16.91    500.00       0.0    Yes
  56                   JUNCTION             11.63    500.00       0.0    Yes
  57                   JUNCTION             12.00    500.00       0.0    Yes
  59                   JUNCTION            210.00    500.00       0.0    Yes
  62                   JUNCTION            210.00    500.00       0.0    Yes
  Outfall              OUTFALL          500000.00      0.00       0.0
  58                   STORAGE             212.00     40.00       0.0
  
  
  ************
  Link Summary
  ************
  Name             From Node        To Node          Type            Length    %Slope Roughness
  ---------------------------------------------------------------------------------------------
  1                58               59               CONDUIT          428.4    0.4668    0.0130
  2                2                3                CONDUIT          189.9    0.3160    0.0130
  3                2                6                CONDUIT          185.7   -0.2801    0.0130
  4                3                4                CONDUIT          162.6   -0.2460    0.0130
  5                4                56               CONDUIT          124.4   -0.2653    0.0130
  6                6                56               CONDUIT           90.2    0.4324    0.0130
  7                5                11               CONDUIT          128.0    1.4296    0.0130
  8                11               12               CONDUIT           99.8   -0.7016    0.0130
  9                5                56               CONDUIT           62.4    0.6412    0.0130
  10               11               10               CONDUIT           55.4    0.2528    0.0130
  11               10               7                CONDUIT          184.5    0.5094    0.0130
  12               7                8                CONDUIT           83.9   -0.1072    0.0130
  13               8                9                CONDUIT          192.7   -0.4254    0.0130
  14               9                12               CONDUIT           53.2   -1.6371    0.0130
  16               5                13               CONDUIT          195.0   -0.0154    0.0130
  17               13               14               CONDUIT          229.5    0.5055    0.0130
  18               14               12               CONDUIT          209.8    0.0001    0.0130
  19               13               15               CONDUIT           76.7    2.3617    0.0130
  20               15               16               CONDUIT           83.9   -1.1440    0.0130
  21               16               17               CONDUIT          145.6   -0.0618    0.0130
  22               17               18               CONDUIT          103.0    0.0971    0.0130
  23               18               19               CONDUIT          144.6    0.1384    0.0130
  24               19               20               CONDUIT          100.9   -0.9907    0.0130
  25               20               15               CONDUIT          147.4    1.1877    0.0130
  26               16               19               CONDUIT          127.3    0.1650    0.0130
  27               20               21               CONDUIT           86.1    0.2090    0.0130
  28               21               32               CONDUIT         1281.0   -0.3310    0.0130
  29               32               55               CONDUIT           83.8   -1.0138    0.0130
  30               55               46               CONDUIT          182.8    2.4126    0.0130
  31               46               54               CONDUIT          226.0    1.2566    0.0130
  32               46               45               CONDUIT           53.8   -1.0036    0.0130
  33               45               44               CONDUIT          174.4   -5.0739    0.0130
  34               44               43               CONDUIT           79.6    4.4007    0.0130
  35               43               42               CONDUIT           88.7    3.4195    0.0130
  37               42               33               CONDUIT           88.5    4.3884    0.0130
  38               33               32               CONDUIT           92.2   -4.9867    0.0130
  39               33               35               CONDUIT          100.3   -0.5883    0.0130
  40               35               34               CONDUIT          107.2    5.6642    0.0130
  41               35               36               CONDUIT           97.5   -0.5027    0.0130
  42               36               37               CONDUIT           68.1    6.3583    0.0130
  43               37               38               CONDUIT           42.5   -1.8347    0.0130
  44               38               39               CONDUIT          128.0    0.7890    0.0130
  45               38               40               CONDUIT          184.0    0.5490    0.0130
  46               40               41               CONDUIT           73.9   -2.7059    0.0130
  47               36               41               CONDUIT          230.4    1.1066    0.0130
  48               21               57               CONDUIT          187.8   -0.0958    0.0130
  49               57               22               CONDUIT          124.2    0.0002    0.0130
  50               22               27               CONDUIT          139.1    1.4382    0.0130
  51               27               26               CONDUIT          135.0    0.7407    0.0130
  52               26               25               CONDUIT          166.4   -1.2020    0.0130
  53               25               24               CONDUIT          145.2    0.0002    0.0130
  54               24               23               CONDUIT           53.2    0.0006    0.0130
  55               28               26               CONDUIT          190.2   -0.2629    0.0130
  56               28               29               CONDUIT          134.6    0.3715    0.0130
  57               29               30               CONDUIT          219.5   -1.2486    0.0130
  58               30               31               CONDUIT           55.9   -0.4648    0.0130
  59               31               22               CONDUIT          144.5   -0.6921    0.0130
  60               22               23               CONDUIT          189.8    0.5268    0.0130
  61               55               47               CONDUIT          180.3   -0.4770    0.0130
  62               47               48               CONDUIT          144.6    3.3075    0.0130
  63               48               49               CONDUIT          138.6   -2.6061    0.0130
  64               49               50               CONDUIT          133.2    4.9610    0.0130
  66               51               49               CONDUIT          135.8   -9.3064    0.0130
  67               48               52               CONDUIT          162.3    6.4409    0.0130
  68               52               51               CONDUIT          141.1   -1.0348    0.0130
  69               52               53               CONDUIT          140.1   -1.7132    0.0130
  70               53               47               CONDUIT          176.9   -7.2600    0.0130
  71               10               9                CONDUIT          107.3    0.0280    0.0130
  72               62               2                CONDUIT           50.0  397.0000    0.0130
  73               59               62               ORIFICE     
  
  
  *********************
  Cross Section Summary
  *********************
                                        Full     Full     Hyd.     Max.   No. of     Full
  Conduit          Shape               Depth     Area     Rad.    Width  Barrels     Flow
  ---------------------------------------------------------------------------------------
  1                FORCE_MAIN           0.20     0.03     0.05     0.20        1    23.33
  2                FORCE_MAIN           0.05     0.00     0.01     0.05        1     0.63
  3                FORCE_MAIN           0.20     0.03     0.05     0.20        1    18.07
  4                FORCE_MAIN           0.05     0.00     0.01     0.05        1     0.56
  5                FORCE_MAIN           0.20     0.03     0.05     0.20        1    21.71
  6                FORCE_MAIN           0.20     0.03     0.05     0.20        1    22.45
  7                FORCE_MAIN           0.08     0.01     0.02     0.08        1     3.61
  8                FORCE_MAIN           0.08     0.01     0.02     0.08        1     2.53
  9                FORCE_MAIN           0.20     0.03     0.05     0.20        1    27.34
  10               FORCE_MAIN           0.05     0.00     0.01     0.05        1     0.56
  11               FORCE_MAIN           0.05     0.00     0.01     0.05        1     0.80
  12               FORCE_MAIN           0.03     0.00     0.01     0.03        1     0.06
  13               FORCE_MAIN           0.05     0.00     0.01     0.05        1     0.73
  14               FORCE_MAIN           0.05     0.00     0.01     0.05        1     1.44
  16               FORCE_MAIN           0.20     0.03     0.05     0.20        1     4.24
  17               FORCE_MAIN           0.08     0.01     0.02     0.08        1     2.15
  18               FORCE_MAIN           0.08     0.01     0.02     0.08        1     0.04
  19               FORCE_MAIN           0.20     0.03     0.05     0.20        1    58.63
  20               FORCE_MAIN           0.08     0.01     0.02     0.08        1     3.68
  21               FORCE_MAIN           0.05     0.00     0.01     0.05        1     0.28
  22               FORCE_MAIN           0.03     0.00     0.01     0.03        1     0.06
  23               FORCE_MAIN           0.05     0.00     0.01     0.05        1     0.42
  24               FORCE_MAIN           0.08     0.01     0.02     0.08        1     3.42
  25               FORCE_MAIN           0.20     0.03     0.05     0.20        1    41.57
  26               FORCE_MAIN           0.05     0.00     0.01     0.05        1     0.46
  27               FORCE_MAIN           0.20     0.03     0.05     0.20        1    17.44
  28               FORCE_MAIN           0.15     0.02     0.04     0.15        1    11.47
  29               FORCE_MAIN           0.12     0.01     0.03     0.12        1    12.48
  30               FORCE_MAIN           0.12     0.01     0.03     0.12        1    19.25
  31               FORCE_MAIN           0.20     0.03     0.05     0.20        1    47.25
  32               FORCE_MAIN           0.10     0.01     0.03     0.10        1     6.93
  33               FORCE_MAIN           0.08     0.01     0.02     0.08        1     8.69
  34               FORCE_MAIN           0.08     0.01     0.02     0.08        1     8.09
  35               FORCE_MAIN           0.08     0.01     0.02     0.08        1     7.13
  37               FORCE_MAIN           0.08     0.01     0.02     0.08        1     8.08
  38               FORCE_MAIN           0.10     0.01     0.03     0.10        1    15.45
  39               FORCE_MAIN           0.08     0.01     0.02     0.08        1     2.96
  40               FORCE_MAIN           0.05     0.00     0.01     0.05        1     2.67
  41               FORCE_MAIN           0.08     0.01     0.02     0.08        1     2.73
  42               FORCE_MAIN           0.05     0.00     0.01     0.05        1     2.83
  43               FORCE_MAIN           0.05     0.00     0.01     0.05        1     1.52
  44               FORCE_MAIN           0.05     0.00     0.01     0.05        1     1.00
  45               FORCE_MAIN           0.05     0.00     0.01     0.05        1     0.83
  46               FORCE_MAIN           0.03     0.00     0.01     0.03        1     0.30
  47               FORCE_MAIN           0.05     0.00     0.01     0.05        1     1.18
  48               FORCE_MAIN           0.15     0.02     0.04     0.15        1     5.56
  49               FORCE_MAIN           0.15     0.02     0.04     0.15        1     0.28
  50               FORCE_MAIN           0.05     0.00     0.01     0.05        1     1.35
  51               FORCE_MAIN           0.05     0.00     0.01     0.05        1     0.97
  52               FORCE_MAIN           0.03     0.00     0.01     0.03        1     0.20
  53               FORCE_MAIN           0.08     0.01     0.02     0.08        1     0.06
  54               FORCE_MAIN           0.08     0.01     0.02     0.08        1     0.09
  55               FORCE_MAIN           0.03     0.00     0.01     0.03        1     0.09
  56               FORCE_MAIN           0.05     0.00     0.01     0.05        1     0.68
  57               FORCE_MAIN           0.05     0.00     0.01     0.05        1     1.25
  58               FORCE_MAIN           0.10     0.01     0.03     0.10        1     4.22
  59               FORCE_MAIN           0.10     0.01     0.03     0.10        1     5.15
  60               FORCE_MAIN           0.10     0.01     0.03     0.10        1     4.49
  61               FORCE_MAIN           0.15     0.02     0.04     0.15        1    13.77
  62               FORCE_MAIN           0.10     0.01     0.03     0.10        1    12.58
  63               FORCE_MAIN           0.10     0.01     0.03     0.10        1    11.17
  64               FORCE_MAIN           0.08     0.01     0.02     0.08        1     8.59
  66               FORCE_MAIN           0.05     0.00     0.01     0.05        1     3.43
  67               FORCE_MAIN           0.05     0.00     0.01     0.05        1     2.85
  68               FORCE_MAIN           0.03     0.00     0.01     0.03        1     0.18
  69               FORCE_MAIN           0.03     0.00     0.01     0.03        1     0.24
  70               FORCE_MAIN           0.05     0.00     0.01     0.05        1     3.03
  71               FORCE_MAIN           0.05     0.00     0.01     0.05        1     0.19
  72               FORCE_MAIN           0.20     0.03     0.05     0.20        1   680.37
  
  
  ****************
  Analysis Options
  ****************
  Flow Units ............... LPS
  Process Models:
    Rainfall/Runoff ........ NO
    RDII ................... NO
    Snowmelt ............... NO
    Groundwater ............ NO
    Flow Routing ........... YES
    Ponding Allowed ........ NO
    Water Quality .......... NO
  Flow Routing Method ...... DYNWAVE
  Surcharge Method ......... EXTRAN
  Starting Date ............ 12/25/2011 00:00:00
  Ending Date .............. 12/26/2011 00:00:00
  Antecedent Dry Days ...... 0.0
  Report Time Step ......... 00:01:00
  Routing Time Step ........ 1.00 sec
  Variable Time Step ....... NO
  Maximum Trials ........... 8
  Number of Threads ........ 1
  Head Tolerance ........... 0.001524 m
  
  
  ERROR 331: cannot open hot start interface file D:\2016PC\Desktop\Jan2012\SWMM_EXERCISE\hotstart.hsf.

  Analysis begun on:  Wed Jun 24 14:55:34 2026
  Analysis ended on:  Wed Jun 24 14:55:34 2026
  Total elapsed time: < 1 sec