
  EPA STORM WATER MANAGEMENT MODEL - VERSION 5.2 (Build 5.2.4)
  ------------------------------------------------------------

  
  ERROR 211: invalid number  at line 13417 of [XSECT] section:
  LS-1512.3        RECT_OPEN    0.000000         6.000000   0.000000   0.000000  

  
  ERROR 211: invalid number  at line 13418 of [XSECT] section:
  LS-211.3         RECT_OPEN    0.000000         6.000000   0.000000   0.000000  

  
  ERROR 211: invalid number  at line 13419 of [XSECT] section:
  LS-3424.3        RECT_OPEN    0.000000         6.000000   0.000000   0.000000  

  
  ERROR 211: invalid number  at line 13420 of [XSECT] section:
  LS-5232.3        RECT_OPEN    0.000000         6.000000   0.000000   0.000000  

  
  ERROR 211: invalid number  at line 13421 of [XSECT] section:
  LS-5273.4        RECT_OPEN    0.000000         6.000000   0.000000   0.000000  

  
  ERROR 209: undefined object MONTHLY_AFF_10 at line 15874 of [DWF] section:
  LS-211           FLOW             0.910000   "MONTHLY_AFF_10" "HOURLY_AFF_10" "WEEKEND_AFF_10"

  
  ERROR 209: undefined object MONTHLY_AFF_6 at line 15875 of [DWF] section:
  MH-10106         FLOW             0.029424   "MONTHLY_AFF_6" "HOURLY_AFF_6" "WEEKEND_AFF_6"

  
  ERROR 209: undefined object MONTHLY_AFF_12 at line 15876 of [DWF] section:
  MH-10114         FLOW             0.000200   "MONTHLY_AFF_12" "HOURLY_AFF_12" "WEEKEND_AFF_12"

  
  ERROR 209: undefined object MONTHLY_AFF_12 at line 15877 of [DWF] section:
  MH-10115         FLOW             0.000400   "MONTHLY_AFF_12" "HOURLY_AFF_12" "WEEKEND_AFF_12"

  
  ERROR 209: undefined object MONTHLY_AFF_12 at line 15878 of [DWF] section:
  MH-10118         FLOW             0.000300   "MONTHLY_AFF_12" "HOURLY_AFF_12" "WEEKEND_AFF_12"

  
  ERROR 209: undefined object MONTHLY_AFF_12 at line 15879 of [DWF] section:
  MH-10119         FLOW             0.000100   "MONTHLY_AFF_12" "HOURLY_AFF_12" "WEEKEND_AFF_12"

  
  ERROR 209: undefined object MONTHLY_AFF_4 at line 15880 of [DWF] section:
  MH-10131         FLOW             0.005557   "MONTHLY_AFF_4" "HOURLY_AFF_4" "WEEKEND_AFF_4"

  
  ERROR 209: undefined object MONTHLY_AFF_12 at line 15881 of [DWF] section:
  MH-10189         FLOW             0.000500   "MONTHLY_AFF_12" "HOURLY_AFF_12" "WEEKEND_AFF_12"

  
  ERROR 209: undefined object MONTHLY_AFF_6 at line 15882 of [DWF] section:
  MH-10345         FLOW             0.008407   "MONTHLY_AFF_6" "HOURLY_AFF_6" "WEEKEND_AFF_6"

  
  ERROR 209: undefined object MONTHLY_AFF_5 at line 15883 of [DWF] section:
  MH-10399         FLOW             0.003685   "MONTHLY_AFF_5" "HOURLY_AFF_5" "WEEKEND_AFF_5"

  
  ERROR 209: undefined object MONTHLY_AFF_8 at line 15884 of [DWF] section:
  MH-10414         FLOW             0.004923   "MONTHLY_AFF_8" "HOURLY_AFF_8" "WEEKEND_AFF_8"

  
  ERROR 209: undefined object MONTHLY_AFF_2 at line 15885 of [DWF] section:
  MH-10441         FLOW             0.004404   "MONTHLY_AFF_2" "HOURLY_AFF_2" "WEEKEND_AFF_2"

  
  ERROR 209: undefined object MONTHLY_AFF_8 at line 15886 of [DWF] section:
  MH-10564         FLOW             0.010338   "MONTHLY_AFF_8" "HOURLY_AFF_8" "WEEKEND_AFF_8"

  
  ERROR 209: undefined object MONTHLY_AFF_8 at line 15887 of [DWF] section:
  MH-10579         FLOW             0.001083   "MONTHLY_AFF_8" "HOURLY_AFF_8" "WEEKEND_AFF_8"

  
  ERROR 209: undefined object MONTHLY_AFF_8 at line 15888 of [DWF] section:
  MH-10581         FLOW             0.003741   "MONTHLY_AFF_8" "HOURLY_AFF_8" "WEEKEND_AFF_8"

  
  ERROR 209: undefined object MONTHLY_AFF_8 at line 15889 of [DWF] section:
  MH-10582         FLOW             0.018903   "MONTHLY_AFF_8" "HOURLY_AFF_8" "WEEKEND_AFF_8"

  
  ERROR 209: undefined object MONTHLY_AFF_8 at line 15890 of [DWF] section:
  MH-10583         FLOW             0.007089   "MONTHLY_AFF_8" "HOURLY_AFF_8" "WEEKEND_AFF_8"

  
  ERROR 209: undefined object MONTHLY_AFF_8 at line 15891 of [DWF] section:
  MH-10585         FLOW             0.000098   "MONTHLY_AFF_8" "HOURLY_AFF_8" "WEEKEND_AFF_8"

  
  ERROR 209: undefined object MONTHLY_AFF_8 at line 15892 of [DWF] section:
  MH-10586         FLOW             0.004135   "MONTHLY_AFF_8" "HOURLY_AFF_8" "WEEKEND_AFF_8"

  
  ERROR 209: undefined object MONTHLY_AFF_8 at line 15893 of [DWF] section:
  MH-10617         FLOW             0.008762   "MONTHLY_AFF_8" "HOURLY_AFF_8" "WEEKEND_AFF_8"

  
  ERROR 209: undefined object MONTHLY_AFF_8 at line 15894 of [DWF] section:
  MH-10623         FLOW             0.000197   "MONTHLY_AFF_8" "HOURLY_AFF_8" "WEEKEND_AFF_8"

  
  ERROR 209: undefined object MONTHLY_AFF_8 at line 15895 of [DWF] section:
  MH-10624         FLOW             0.017032   "MONTHLY_AFF_8" "HOURLY_AFF_8" "WEEKEND_AFF_8"

  
  ERROR 209: undefined object MONTHLY_AFF_8 at line 15896 of [DWF] section:
  MH-10625         FLOW             0.000197   "MONTHLY_AFF_8" "HOURLY_AFF_8" "WEEKEND_AFF_8"

  
  ERROR 209: undefined object MONTHLY_AFF_8 at line 15897 of [DWF] section:
  MH-10644         FLOW             0.000295   "MONTHLY_AFF_8" "HOURLY_AFF_8" "WEEKEND_AFF_8"

  
  ERROR 209: undefined object MONTHLY_AFF_11 at line 15898 of [DWF] section:
  MH-10699         FLOW             0.010600   "MONTHLY_AFF_11" "HOURLY_AFF_11" "WEEKEND_AFF_11"

  
  ERROR 209: undefined object MONTHLY_AFF_11 at line 15899 of [DWF] section:
  MH-10700         FLOW             0.028900   "MONTHLY_AFF_11" "HOURLY_AFF_11" "WEEKEND_AFF_11"

  
  ERROR 209: undefined object MONTHLY_AFF_11 at line 15900 of [DWF] section:
  MH-10702         FLOW             0.000100   "MONTHLY_AFF_11" "HOURLY_AFF_11" "WEEKEND_AFF_11"

  
  ERROR 209: undefined object MONTHLY_AFF_11 at line 15901 of [DWF] section:
  MH-10712         FLOW             0.000300   "MONTHLY_AFF_11" "HOURLY_AFF_11" "WEEKEND_AFF_11"

  
  ERROR 209: undefined object MONTHLY_AFF_11 at line 15902 of [DWF] section:
  MH-10713         FLOW             0.000200   "MONTHLY_AFF_11" "HOURLY_AFF_11" "WEEKEND_AFF_11"

  
  ERROR 209: undefined object MONTHLY_AFF_11 at line 15903 of [DWF] section:
  MH-10714         FLOW             0.000500   "MONTHLY_AFF_11" "HOURLY_AFF_11" "WEEKEND_AFF_11"

  
  ERROR 209: undefined object MONTHLY_AFF_11 at line 15904 of [DWF] section:
  MH-10715         FLOW             0.000700   "MONTHLY_AFF_11" "HOURLY_AFF_11" "WEEKEND_AFF_11"

  
  ERROR 209: undefined object MONTHLY_AFF_11 at line 15905 of [DWF] section:
  MH-10716         FLOW             0.001100   "MONTHLY_AFF_11" "HOURLY_AFF_11" "WEEKEND_AFF_11"

  
  ERROR 209: undefined object MONTHLY_AFF_11 at line 15906 of [DWF] section:
  MH-10717         FLOW             0.000400   "MONTHLY_AFF_11" "HOURLY_AFF_11" "WEEKEND_AFF_11"

  
  ERROR 209: undefined object MONTHLY_AFF_11 at line 15907 of [DWF] section:
  MH-10718         FLOW             0.002200   "MONTHLY_AFF_11" "HOURLY_AFF_11" "WEEKEND_AFF_11"

  
  ERROR 209: undefined object MONTHLY_AFF_8 at line 15908 of [DWF] section:
  MH-10762         FLOW             0.010338   "MONTHLY_AFF_8" "HOURLY_AFF_8" "WEEKEND_AFF_8"

  
  ERROR 209: undefined object MONTHLY_AFF_8 at line 15909 of [DWF] section:
  MH-10781         FLOW             0.000197   "MONTHLY_AFF_8" "HOURLY_AFF_8" "WEEKEND_AFF_8"

  
  ERROR 209: undefined object MONTHLY_AFF_8 at line 15910 of [DWF] section:
  MH-10784         FLOW             0.002363   "MONTHLY_AFF_8" "HOURLY_AFF_8" "WEEKEND_AFF_8"

  
  ERROR 209: undefined object MONTHLY_AFF_5 at line 15911 of [DWF] section:
  MH-10797         FLOW             0.019984   "MONTHLY_AFF_5" "HOURLY_AFF_5" "WEEKEND_AFF_5"

  
  ERROR 209: undefined object MONTHLY_AFF_5 at line 15912 of [DWF] section:
  MH-10798         FLOW             0.039260   "MONTHLY_AFF_5" "HOURLY_AFF_5" "WEEKEND_AFF_5"

  
  ERROR 209: undefined object MONTHLY_AFF_5 at line 15913 of [DWF] section:
  MH-10820         FLOW             0.000709   "MONTHLY_AFF_5" "HOURLY_AFF_5" "WEEKEND_AFF_5"

  
  ERROR 209: undefined object MONTHLY_AFF_5 at line 15914 of [DWF] section:
  MH-10821         FLOW             0.000567   "MONTHLY_AFF_5" "HOURLY_AFF_5" "WEEKEND_AFF_5"

  
  ERROR 209: undefined object MONTHLY_AFF_5 at line 15915 of [DWF] section:
  MH-10823         FLOW             0.045921   "MONTHLY_AFF_5" "HOURLY_AFF_5" "WEEKEND_AFF_5"

  
  ERROR 209: undefined object MONTHLY_AFF_8 at line 15916 of [DWF] section:
  MH-10847         FLOW             0.002757   "MONTHLY_AFF_8" "HOURLY_AFF_8" "WEEKEND_AFF_8"

  
  ERROR 209: undefined object MONTHLY_AFF_8 at line 15917 of [DWF] section:
  MH-10848         FLOW             0.000197   "MONTHLY_AFF_8" "HOURLY_AFF_8" "WEEKEND_AFF_8"

  
  ERROR 209: undefined object MONTHLY_AFF_8 at line 15918 of [DWF] section:
  MH-10857         FLOW             0.004627   "MONTHLY_AFF_8" "HOURLY_AFF_8" "WEEKEND_AFF_8"

  
  ERROR 209: undefined object MONTHLY_AFF_8 at line 15919 of [DWF] section:
  MH-10858         FLOW             0.004234   "MONTHLY_AFF_8" "HOURLY_AFF_8" "WEEKEND_AFF_8"

  
  ERROR 209: undefined object MONTHLY_AFF_8 at line 15920 of [DWF] section:
  MH-10859         FLOW             0.006793   "MONTHLY_AFF_8" "HOURLY_AFF_8" "WEEKEND_AFF_8"

  
  ERROR 209: undefined object MONTHLY_AFF_8 at line 15921 of [DWF] section:
  MH-10860         FLOW             0.003840   "MONTHLY_AFF_8" "HOURLY_AFF_8" "WEEKEND_AFF_8"

  
  ERROR 209: undefined object MONTHLY_AFF_4 at line 15922 of [DWF] section:
  MH-10886         FLOW             0.012504   "MONTHLY_AFF_4" "HOURLY_AFF_4" "WEEKEND_AFF_4"

  
  ERROR 209: undefined object MONTHLY_AFF_8 at line 15923 of [DWF] section:
  MH-10921         FLOW             0.002560   "MONTHLY_AFF_8" "HOURLY_AFF_8" "WEEKEND_AFF_8"

  
  ERROR 209: undefined object MONTHLY_AFF_2 at line 15924 of [DWF] section:
  MH-10972         FLOW             0.002936   "MONTHLY_AFF_2" "HOURLY_AFF_2" "WEEKEND_AFF_2"

  
  ERROR 209: undefined object MONTHLY_AFF_8 at line 15925 of [DWF] section:
  MH-1104          FLOW             0.076500   "MONTHLY_AFF_8" "HOURLY_AFF_8" "WEEKEND_AFF_8"

  
  ERROR 209: undefined object MONTHLY_AFF_5 at line 15926 of [DWF] section:
  MH-11116         FLOW             0.001417   "MONTHLY_AFF_5" "HOURLY_AFF_5" "WEEKEND_AFF_5"

  
  ERROR 209: undefined object MONTHLY_AFF_5 at line 15927 of [DWF] section:
  MH-11152         FLOW             0.000709   "MONTHLY_AFF_5" "HOURLY_AFF_5" "WEEKEND_AFF_5"

  
  ERROR 209: undefined object MONTHLY_AFF_5 at line 15928 of [DWF] section:
  MH-11155         FLOW             0.002409   "MONTHLY_AFF_5" "HOURLY_AFF_5" "WEEKEND_AFF_5"

  
  ERROR 209: undefined object MONTHLY_AFF_5 at line 15929 of [DWF] section:
  MH-11157         FLOW             0.000283   "MONTHLY_AFF_5" "HOURLY_AFF_5" "WEEKEND_AFF_5"

  
  ERROR 209: undefined object MONTHLY_AFF_7 at line 15930 of [DWF] section:
  MH-11215         FLOW             0.007921   "MONTHLY_AFF_7" "HOURLY_AFF_7" "WEEKEND_AFF_7"

  
  ERROR 209: undefined object MONTHLY_AFF_8 at line 15931 of [DWF] section:
  MH-11270         FLOW             0.000295   "MONTHLY_AFF_8" "HOURLY_AFF_8" "WEEKEND_AFF_8"

  
  ERROR 209: undefined object MONTHLY_AFF_8 at line 15932 of [DWF] section:
  MH-11271         FLOW             0.004234   "MONTHLY_AFF_8" "HOURLY_AFF_8" "WEEKEND_AFF_8"

  
  ERROR 209: undefined object MONTHLY_AFF_3 at line 15933 of [DWF] section:
  MH-11332         FLOW             0.000286   "MONTHLY_AFF_3" "HOURLY_AFF_3" "WEEKEND_AFF_3"

  
  ERROR 209: undefined object MONTHLY_AFF_3 at line 15934 of [DWF] section:
  MH-11333         FLOW             0.000744   "MONTHLY_AFF_3" "HOURLY_AFF_3" "WEEKEND_AFF_3"

  
  ERROR 209: undefined object MONTHLY_AFF_3 at line 15935 of [DWF] section:
  MH-11334         FLOW             0.004518   "MONTHLY_AFF_3" "HOURLY_AFF_3" "WEEKEND_AFF_3"

  
  ERROR 209: undefined object MONTHLY_AFF_3 at line 15936 of [DWF] section:
  MH-11336         FLOW             0.001258   "MONTHLY_AFF_3" "HOURLY_AFF_3" "WEEKEND_AFF_3"

  
  ERROR 209: undefined object MONTHLY_AFF_5 at line 15937 of [DWF] section:
  MH-11345         FLOW             0.001417   "MONTHLY_AFF_5" "HOURLY_AFF_5" "WEEKEND_AFF_5"

  
  ERROR 209: undefined object MONTHLY_AFF_3 at line 15938 of [DWF] section:
  MH-11436         FLOW             0.005205   "MONTHLY_AFF_3" "HOURLY_AFF_3" "WEEKEND_AFF_3"

  
  ERROR 209: undefined object MONTHLY_AFF_9 at line 15939 of [DWF] section:
  MH-11540         FLOW             0.000990   "MONTHLY_AFF_9" "HOURLY_AFF_9" "WEEKEND_AFF_9"

  
  ERROR 209: undefined object MONTHLY_AFF_9 at line 15940 of [DWF] section:
  MH-11550         FLOW             0.005148   "MONTHLY_AFF_9" "HOURLY_AFF_9" "WEEKEND_AFF_9"

  
  ERROR 209: undefined object MONTHLY_AFF_8 at line 15941 of [DWF] section:
  MH-11557         FLOW             0.000394   "MONTHLY_AFF_8" "HOURLY_AFF_8" "WEEKEND_AFF_8"

  
  ERROR 209: undefined object MONTHLY_AFF_2 at line 15942 of [DWF] section:
  MH-11568         FLOW             0.001909   "MONTHLY_AFF_2" "HOURLY_AFF_2" "WEEKEND_AFF_2"

  
  ERROR 209: undefined object MONTHLY_AFF_2 at line 15943 of [DWF] section:
  MH-11570         FLOW             0.002789   "MONTHLY_AFF_2" "HOURLY_AFF_2" "WEEKEND_AFF_2"

  
  ERROR 209: undefined object MONTHLY_AFF_2 at line 15944 of [DWF] section:
  MH-11574         FLOW             0.007194   "MONTHLY_AFF_2" "HOURLY_AFF_2" "WEEKEND_AFF_2"

  
  ERROR 209: undefined object MONTHLY_AFF_2 at line 15945 of [DWF] section:
  MH-11576         FLOW             0.004845   "MONTHLY_AFF_2" "HOURLY_AFF_2" "WEEKEND_AFF_2"

  
  ERROR 209: undefined object MONTHLY_AFF_11 at line 15946 of [DWF] section:
  MH-11623         FLOW             0.000300   "MONTHLY_AFF_11" "HOURLY_AFF_11" "WEEKEND_AFF_11"

  
  ERROR 209: undefined object MONTHLY_AFF_11 at line 15947 of [DWF] section:
  MH-11626         FLOW             0.000400   "MONTHLY_AFF_11" "HOURLY_AFF_11" "WEEKEND_AFF_11"

  
  ERROR 209: undefined object MONTHLY_AFF_6 at line 15948 of [DWF] section:
  MH-11668         FLOW             0.000366   "MONTHLY_AFF_6" "HOURLY_AFF_6" "WEEKEND_AFF_6"

  
  ERROR 209: undefined object MONTHLY_AFF_6 at line 15949 of [DWF] section:
  MH-11670         FLOW             0.001097   "MONTHLY_AFF_6" "HOURLY_AFF_6" "WEEKEND_AFF_6"

  
  ERROR 209: undefined object MONTHLY_AFF_3 at line 15950 of [DWF] section:
  MH-11762         FLOW             0.003946   "MONTHLY_AFF_3" "HOURLY_AFF_3" "WEEKEND_AFF_3"

  
  ERROR 209: undefined object MONTHLY_AFF_2 at line 15951 of [DWF] section:
  MH-1177          FLOW             0.008075   "MONTHLY_AFF_2" "HOURLY_AFF_2" "WEEKEND_AFF_2"

  
  ERROR 209: undefined object MONTHLY_AFF_2 at line 15952 of [DWF] section:
  MH-1178          FLOW             0.001321   "MONTHLY_AFF_2" "HOURLY_AFF_2" "WEEKEND_AFF_2"

  
  ERROR 209: undefined object MONTHLY_AFF_2 at line 15953 of [DWF] section:
  MH-1179          FLOW             0.000734   "MONTHLY_AFF_2" "HOURLY_AFF_2" "WEEKEND_AFF_2"

  
  ERROR 209: undefined object MONTHLY_AFF_8 at line 15954 of [DWF] section:
  MH-118           FLOW             0.003643   "MONTHLY_AFF_8" "HOURLY_AFF_8" "WEEKEND_AFF_8"

  
  ERROR 209: undefined object MONTHLY_AFF_2 at line 15955 of [DWF] section:
  MH-1180          FLOW             0.002936   "MONTHLY_AFF_2" "HOURLY_AFF_2" "WEEKEND_AFF_2"

  
  ERROR 209: undefined object MONTHLY_AFF_2 at line 15956 of [DWF] section:
  MH-1181          FLOW             0.012919   "MONTHLY_AFF_2" "HOURLY_AFF_2" "WEEKEND_AFF_2"

  
  ERROR 209: undefined object MONTHLY_AFF_2 at line 15957 of [DWF] section:
  MH-1182          FLOW             0.000734   "MONTHLY_AFF_2" "HOURLY_AFF_2" "WEEKEND_AFF_2"

  
  ERROR 209: undefined object MONTHLY_AFF_2 at line 15958 of [DWF] section:
  MH-1183          FLOW             0.008221   "MONTHLY_AFF_2" "HOURLY_AFF_2" "WEEKEND_AFF_2"

  
  ERROR 209: undefined object MONTHLY_AFF_2 at line 15959 of [DWF] section:
  MH-1184          FLOW             0.007341   "MONTHLY_AFF_2" "HOURLY_AFF_2" "WEEKEND_AFF_2"

  
  ERROR 209: undefined object MONTHLY_AFF_2 at line 15960 of [DWF] section:
  MH-1185          FLOW             0.001762   "MONTHLY_AFF_2" "HOURLY_AFF_2" "WEEKEND_AFF_2"

  
  ERROR 209: undefined object MONTHLY_AFF_2 at line 15961 of [DWF] section:
  MH-1186          FLOW             0.037290   "MONTHLY_AFF_2" "HOURLY_AFF_2" "WEEKEND_AFF_2"

  
  ERROR 209: undefined object MONTHLY_AFF_2 at line 15962 of [DWF] section:
  MH-1187          FLOW             0.001468   "MONTHLY_AFF_2" "HOURLY_AFF_2" "WEEKEND_AFF_2"

  
  ERROR 209: undefined object MONTHLY_AFF_2 at line 15963 of [DWF] section:
  MH-1188          FLOW             0.000587   "MONTHLY_AFF_2" "HOURLY_AFF_2" "WEEKEND_AFF_2"

  
  ERROR 209: undefined object MONTHLY_AFF_2 at line 15964 of [DWF] section:
  MH-1189          FLOW             0.002496   "MONTHLY_AFF_2" "HOURLY_AFF_2" "WEEKEND_AFF_2"

  
  ERROR 209: undefined object MONTHLY_AFF_2 at line 15965 of [DWF] section:
  MH-1190          FLOW             0.002349   "MONTHLY_AFF_2" "HOURLY_AFF_2" "WEEKEND_AFF_2"

  
  ERROR 209: undefined object MONTHLY_AFF_2 at line 15966 of [DWF] section:
  MH-1191          FLOW             0.004698   "MONTHLY_AFF_2" "HOURLY_AFF_2" "WEEKEND_AFF_2"

  
  ERROR 209: undefined object MONTHLY_AFF_2 at line 15967 of [DWF] section:
  MH-1192          FLOW             0.024077   "MONTHLY_AFF_2" "HOURLY_AFF_2" "WEEKEND_AFF_2"

  
  ERROR 209: undefined object MONTHLY_AFF_7 at line 15968 of [DWF] section:
  MH-11942         FLOW             0.003506   "MONTHLY_AFF_7" "HOURLY_AFF_7" "WEEKEND_AFF_7"

  
  Maximum error count exceeded.

  Analysis begun on:  Wed Jun 24 15:10:00 2026
  Analysis ended on:  Wed Jun 24 15:10:00 2026
  Total elapsed time: < 1 sec