
  EPA STORM WATER MANAGEMENT MODEL - VERSION 5.2 (Build 5.2.4)
  ------------------------------------------------------------

  
  ERROR 235: invalid infiltration parameters at line 513 of [INFIL] section:
  A1               3.0        0.5        4         

  
  ERROR 235: invalid infiltration parameters at line 514 of [INFIL] section:
  A2               3.0        0.5        4         

  
  ERROR 235: invalid infiltration parameters at line 515 of [INFIL] section:
  A3               3.0        0.5        4         

  
  ERROR 235: invalid infiltration parameters at line 516 of [INFIL] section:
  A4               3.0        0.5        4         

  
  ERROR 235: invalid infiltration parameters at line 517 of [INFIL] section:
  A5               3.0        0.5        4         

  
  ERROR 235: invalid infiltration parameters at line 518 of [INFIL] section:
  A6               3.0        0.5        4         

  
  ERROR 235: invalid infiltration parameters at line 519 of [INFIL] section:
  A7               3.0        0.5        4         

  
  ERROR 235: invalid infiltration parameters at line 520 of [INFIL] section:
  A8               3.0        0.5        4         

  
  ERROR 235: invalid infiltration parameters at line 521 of [INFIL] section:
  A9               3.0        0.5        4         

  
  ERROR 235: invalid infiltration parameters at line 522 of [INFIL] section:
  A10              3.0        0.5        4         

  
  ERROR 235: invalid infiltration parameters at line 523 of [INFIL] section:
  A11              3.0        0.5        4         

  
  ERROR 235: invalid infiltration parameters at line 524 of [INFIL] section:
  A12              3.0        0.5        4         

  
  ERROR 235: invalid infiltration parameters at line 525 of [INFIL] section:
  A13              3.0        0.5        4         

  
  ERROR 235: invalid infiltration parameters at line 526 of [INFIL] section:
  A14              3.0        0.5        4         

  
  ERROR 235: invalid infiltration parameters at line 527 of [INFIL] section:
  A15              3.0        0.5        4         

  
  ERROR 235: invalid infiltration parameters at line 528 of [INFIL] section:
  A16              3.0        0.5        4         

  
  ERROR 235: invalid infiltration parameters at line 529 of [INFIL] section:
  A17              3.0        0.5        4         

  
  ERROR 235: invalid infiltration parameters at line 530 of [INFIL] section:
  A18              3.0        0.5        4         

  
  ERROR 235: invalid infiltration parameters at line 531 of [INFIL] section:
  A19              3.0        0.5        4         

  
  ERROR 235: invalid infiltration parameters at line 532 of [INFIL] section:
  A20              3.0        0.5        4         

  
  ERROR 235: invalid infiltration parameters at line 533 of [INFIL] section:
  A21              3.0        0.5        4         

  
  ERROR 235: invalid infiltration parameters at line 534 of [INFIL] section:
  A22              3.0        0.5        4         

  
  ERROR 235: invalid infiltration parameters at line 535 of [INFIL] section:
  A23              3.0        0.5        4         

  
  ERROR 235: invalid infiltration parameters at line 536 of [INFIL] section:
  A24              3.0        0.5        4         

  
  ERROR 235: invalid infiltration parameters at line 537 of [INFIL] section:
  A25              3.0        0.5        4         

  
  ERROR 235: invalid infiltration parameters at line 538 of [INFIL] section:
  A26              3.0        0.5        4         

  
  ERROR 235: invalid infiltration parameters at line 539 of [INFIL] section:
  A27              3.0        0.5        4         

  
  ERROR 235: invalid infiltration parameters at line 540 of [INFIL] section:
  A28              3.0        0.5        4         

  
  ERROR 235: invalid infiltration parameters at line 541 of [INFIL] section:
  A29              3.0        0.5        4         

  
  ERROR 235: invalid infiltration parameters at line 542 of [INFIL] section:
  A30              3.0        0.5        4         

  
  ERROR 235: invalid infiltration parameters at line 543 of [INFIL] section:
  A31              3.0        0.5        4         

  
  ERROR 235: invalid infiltration parameters at line 544 of [INFIL] section:
  A32              3.0        0.5        4         

  
  ERROR 235: invalid infiltration parameters at line 545 of [INFIL] section:
  A33              3.0        0.5        4         

  
  ERROR 235: invalid infiltration parameters at line 546 of [INFIL] section:
  A34              3.0        0.5        4         

  
  ERROR 235: invalid infiltration parameters at line 547 of [INFIL] section:
  A35              3.0        0.5        4         

  
  ERROR 235: invalid infiltration parameters at line 548 of [INFIL] section:
  A36              3.0        0.5        4         

  
  ERROR 235: invalid infiltration parameters at line 549 of [INFIL] section:
  A37              3.0        0.5        4         

  
  ERROR 235: invalid infiltration parameters at line 550 of [INFIL] section:
  A38              3.0        0.5        4         

  
  ERROR 235: invalid infiltration parameters at line 551 of [INFIL] section:
  A39              3.0        0.5        4         

  
  ERROR 235: invalid infiltration parameters at line 552 of [INFIL] section:
  A40              3.0        0.5        4         

  
  ERROR 235: invalid infiltration parameters at line 553 of [INFIL] section:
  A41              3.0        0.5        4         

  
  ERROR 235: invalid infiltration parameters at line 554 of [INFIL] section:
  A42              3.0        0.5        4         

  
  ERROR 235: invalid infiltration parameters at line 555 of [INFIL] section:
  A43              3.0        0.5        4         

  
  ERROR 235: invalid infiltration parameters at line 556 of [INFIL] section:
  A44              3.0        0.5        4         

  
  ERROR 235: invalid infiltration parameters at line 557 of [INFIL] section:
  A45              3.0        0.5        4         

  
  ERROR 235: invalid infiltration parameters at line 558 of [INFIL] section:
  A46              3.0        0.5        4         

  
  ERROR 235: invalid infiltration parameters at line 559 of [INFIL] section:
  A47              3.0        0.5        4         

  
  ERROR 235: invalid infiltration parameters at line 560 of [INFIL] section:
  A48              3.0        0.5        4         

  
  ERROR 235: invalid infiltration parameters at line 561 of [INFIL] section:
  A49              3.0        0.5        4         

  
  ERROR 235: invalid infiltration parameters at line 562 of [INFIL] section:
  A50              3.0        0.5        4         

  
  ERROR 235: invalid infiltration parameters at line 563 of [INFIL] section:
  A51              3.0        0.5        4         

  
  ERROR 235: invalid infiltration parameters at line 564 of [INFIL] section:
  A52              3.0        0.5        4         

  
  ERROR 235: invalid infiltration parameters at line 565 of [INFIL] section:
  A53              3.0        0.5        4         

  
  ERROR 235: invalid infiltration parameters at line 566 of [INFIL] section:
  A54              3.0        0.5        4         

  
  ERROR 235: invalid infiltration parameters at line 567 of [INFIL] section:
  A55              3.0        0.5        4         

  
  ERROR 235: invalid infiltration parameters at line 568 of [INFIL] section:
  A56              3.0        0.5        4         

  
  ERROR 235: invalid infiltration parameters at line 569 of [INFIL] section:
  A57              3.0        0.5        4         

  
  ERROR 235: invalid infiltration parameters at line 570 of [INFIL] section:
  A58              3.0        0.5        4         

  
  ERROR 235: invalid infiltration parameters at line 571 of [INFIL] section:
  A59              3.0        0.5        4         

  
  ERROR 235: invalid infiltration parameters at line 572 of [INFIL] section:
  A60              3.0        0.5        4         

  
  ERROR 235: invalid infiltration parameters at line 573 of [INFIL] section:
  A61              3.0        0.5        4         

  
  ERROR 235: invalid infiltration parameters at line 574 of [INFIL] section:
  A62              3.0        0.5        4         

  
  ERROR 235: invalid infiltration parameters at line 575 of [INFIL] section:
  A63              3.0        0.5        4         

  
  ERROR 235: invalid infiltration parameters at line 576 of [INFIL] section:
  A64              3.0        0.5        4         

  
  ERROR 235: invalid infiltration parameters at line 577 of [INFIL] section:
  A65              3.0        0.5        4         

  
  ERROR 235: invalid infiltration parameters at line 578 of [INFIL] section:
  A66              3.0        0.5        4         

  
  ERROR 235: invalid infiltration parameters at line 579 of [INFIL] section:
  A67              3.0        0.5        4         

  
  ERROR 235: invalid infiltration parameters at line 580 of [INFIL] section:
  A68              3.0        0.5        4         

  
  ERROR 235: invalid infiltration parameters at line 581 of [INFIL] section:
  A69              3.0        0.5        4         

  
  ERROR 235: invalid infiltration parameters at line 582 of [INFIL] section:
  A70              3.0        0.5        4         

  
  ERROR 235: invalid infiltration parameters at line 583 of [INFIL] section:
  A71              3.0        0.5        4         

  
  ERROR 235: invalid infiltration parameters at line 584 of [INFIL] section:
  A72              3.0        0.5        4         

  
  ERROR 235: invalid infiltration parameters at line 585 of [INFIL] section:
  A73              3.0        0.5        4         

  
  ERROR 235: invalid infiltration parameters at line 586 of [INFIL] section:
  A74              3.0        0.5        4         

  
  ERROR 235: invalid infiltration parameters at line 587 of [INFIL] section:
  A75              3.0        0.5        4         

  
  ERROR 235: invalid infiltration parameters at line 588 of [INFIL] section:
  A76              3.0        0.5        4         

  
  ERROR 235: invalid infiltration parameters at line 589 of [INFIL] section:
  A77              3.0        0.5        4         

  
  ERROR 235: invalid infiltration parameters at line 590 of [INFIL] section:
  A78              3.0        0.5        4         

  
  ERROR 235: invalid infiltration parameters at line 591 of [INFIL] section:
  A79              3.0        0.5        4         

  
  ERROR 235: invalid infiltration parameters at line 592 of [INFIL] section:
  A80              3.0        0.5        4         

  
  ERROR 235: invalid infiltration parameters at line 593 of [INFIL] section:
  A81              3.0        0.5        4         

  
  ERROR 235: invalid infiltration parameters at line 594 of [INFIL] section:
  A82              3.0        0.5        4         

  
  ERROR 235: invalid infiltration parameters at line 595 of [INFIL] section:
  A83              3.0        0.5        4         

  
  ERROR 235: invalid infiltration parameters at line 596 of [INFIL] section:
  A84              3.0        0.5        4         

  
  ERROR 235: invalid infiltration parameters at line 597 of [INFIL] section:
  A85              3.0        0.5        4         

  
  ERROR 235: invalid infiltration parameters at line 598 of [INFIL] section:
  A86              3.0        0.5        4         

  
  ERROR 235: invalid infiltration parameters at line 599 of [INFIL] section:
  A87              3.0        0.5        4         

  
  ERROR 235: invalid infiltration parameters at line 600 of [INFIL] section:
  A88              3.0        0.5        4         

  
  ERROR 235: invalid infiltration parameters at line 601 of [INFIL] section:
  A89              3.0        0.5        4         

  
  ERROR 235: invalid infiltration parameters at line 602 of [INFIL] section:
  A90              3.0        0.5        4         

  
  ERROR 235: invalid infiltration parameters at line 603 of [INFIL] section:
  A91              3.0        0.5        4         

  
  ERROR 235: invalid infiltration parameters at line 604 of [INFIL] section:
  A92              3.0        0.5        4         

  
  ERROR 235: invalid infiltration parameters at line 605 of [INFIL] section:
  A93              3.0        0.5        4         

  
  ERROR 235: invalid infiltration parameters at line 606 of [INFIL] section:
  A94              3.0        0.5        4         

  
  ERROR 235: invalid infiltration parameters at line 607 of [INFIL] section:
  A95              3.0        0.5        4         

  
  ERROR 235: invalid infiltration parameters at line 608 of [INFIL] section:
  A96              3.0        0.5        4         

  
  ERROR 235: invalid infiltration parameters at line 609 of [INFIL] section:
  A97              3.0        0.5        4         

  
  ERROR 235: invalid infiltration parameters at line 610 of [INFIL] section:
  A98              3.0        0.5        4         

  
  ERROR 235: invalid infiltration parameters at line 611 of [INFIL] section:
  A99              3.0        0.5        4         

  
  ERROR 235: invalid infiltration parameters at line 612 of [INFIL] section:
  A100             3.0        0.5        4         

  
  Maximum error count exceeded.

  Analysis begun on:  Fri Mar  6 14:27:25 2026
  Analysis ended on:  Fri Mar  6 14:27:25 2026
  Total elapsed time: < 1 sec