
  EPA STORM WATER MANAGEMENT MODEL - VERSION 5.2 (Build 5.2.4)
  ------------------------------------------------------------

  WARNING 10: crest elevation raised to downstream invert for regulator Link Under5
  
  ****************
  Analysis Options
  ****************
  Flow Units ............... LPS
  Process Models:
    Rainfall/Runoff ........ NO
    RDII ................... NO
    Snowmelt ............... NO
    Groundwater ............ NO
    Flow Routing ........... YES
    Ponding Allowed ........ NO
    Water Quality .......... NO
  Flow Routing Method ...... DYNWAVE
  Surcharge Method ......... EXTRAN
  Starting Date ............ 01/28/2012 00:00:00
  Ending Date .............. 01/28/2012 04:00:00
  Antecedent Dry Days ...... 0.0
  Report Time Step ......... 00:01:00
  Routing Time Step ........ 10.00 sec
  Variable Time Step ....... YES
  Maximum Trials ........... 8
  Number of Threads ........ 1
  Head Tolerance ........... 0.001500 m
  
  
  **************************        Volume        Volume
  Flow Routing Continuity        hectare-m      10^6 ltr
  **************************     ---------     ---------
  Dry Weather Inflow .......         0.014         0.144
  Wet Weather Inflow .......         0.000         0.000
  Groundwater Inflow .......         0.000         0.000
  RDII Inflow ..............         0.000         0.000
  External Inflow ..........         0.000         0.000
  External Outflow .........         0.011         0.115
  Flooding Loss ............         0.000         0.000
  Evaporation Loss .........         0.000         0.000
  Exfiltration Loss ........         0.000         0.000
  Initial Stored Volume ....         0.000         0.000
  Final Stored Volume ......         0.003         0.031
  Continuity Error (%) .....        -1.211
  
  
  *************************
  Highest Continuity Errors
  *************************
  Node Divider (15.78%)
  
  
  ***************************
  Time-Step Critical Elements
  ***************************
  None
  
  
  ********************************
  Highest Flow Instability Indexes
  ********************************
  All links are stable.
  
  
  *********************************
  Most Frequent Nonconverging Nodes
  *********************************
  Convergence obtained at all time steps.
  
  
  *************************
  Routing Time Step Summary
  *************************
  Minimum Time Step           :     8.50 sec
  Average Time Step           :     9.99 sec
  Maximum Time Step           :    10.00 sec
  % of Time in Steady State   :     0.00
  Average Iterations per Step :     2.00
  % of Steps Not Converging   :     0.00
  Time Step Frequencies       :
     10.000 -  5.493 sec      :   100.00 %
      5.493 -  3.017 sec      :     0.00 %
      3.017 -  1.657 sec      :     0.00 %
      1.657 -  0.910 sec      :     0.00 %
      0.910 -  0.500 sec      :     0.00 %
  
  
  ******************
  Node Depth Summary
  ******************
  
  ---------------------------------------------------------------------------------
                                 Average  Maximum  Maximum  Time of Max    Reported
                                   Depth    Depth      HGL   Occurrence   Max Depth
  Node                 Type       Meters   Meters   Meters  days hr:min      Meters
  ---------------------------------------------------------------------------------
  Inflow               JUNCTION     0.04     0.04   100.04     0  00:02        0.04
  Stream               OUTFALL      0.00     0.00    99.25     0  00:00        0.00
  WWTP                 OUTFALL      0.00     0.00     0.00     0  00:00        0.00
  Divider              STORAGE      0.53     0.59    99.59     0  03:59        0.59
  Tank                 STORAGE      0.01     0.01    99.01     0  03:59        0.01
  
  
  *******************
  Node Inflow Summary
  *******************
  
  -------------------------------------------------------------------------------------------------
                                  Maximum  Maximum                  Lateral       Total        Flow
                                  Lateral    Total  Time of Max      Inflow      Inflow     Balance
                                   Inflow   Inflow   Occurrence      Volume      Volume       Error
  Node                 Type           LPS      LPS  days hr:min    10^6 ltr    10^6 ltr     Percent
  -------------------------------------------------------------------------------------------------
  Inflow               JUNCTION     10.00    10.00     0  00:00       0.144       0.144       0.307
  Stream               OUTFALL       0.00     3.12     0  03:59           0      0.0367       0.000
  WWTP                 OUTFALL       0.00     8.08     0  03:59           0      0.0782       0.000
  Divider              STORAGE       0.00    11.12     0  00:02           0       0.144      18.733
  Tank                 STORAGE       0.00     6.87     0  03:59           0      0.0783       0.011
  
  
  **********************
  Node Surcharge Summary
  **********************
  
  No nodes were surcharged.
  
  
  *********************
  Node Flooding Summary
  *********************
  
  No nodes were flooded.
  
  
  **********************
  Storage Volume Summary
  **********************
  
  ------------------------------------------------------------------------------------------------
                         Average    Avg   Evap  Exfil     Maximum    Max    Time of Max    Maximum
                          Volume   Pcnt   Pcnt   Pcnt      Volume   Pcnt     Occurrence    Outflow
  Storage Unit           1000 mģ   Full   Loss   Loss     1000 mģ   Full    days hr:min        LPS
  ------------------------------------------------------------------------------------------------
  Divider                  0.005    4.8    0.0    0.0       0.006    5.4       0  03:59      10.00
  Tank                     0.000    0.0    0.0    0.0       0.000    0.1       0  03:59       8.08
  
  
  ***********************
  Outfall Loading Summary
  ***********************
  
  -----------------------------------------------------------
                         Flow       Avg       Max       Total
                         Freq      Flow      Flow      Volume
  Outfall Node           Pcnt       LPS       LPS    10^6 ltr
  -----------------------------------------------------------
  Stream                92.78      2.75      3.12       0.037
  WWTP                  82.37      6.59      8.08       0.078
  -----------------------------------------------------------
  System                87.58      9.34     11.21       0.115
  
  
  ********************
  Link Flow Summary
  ********************
  
  -----------------------------------------------------------------------------
                                 Maximum  Time of Max   Maximum    Max/    Max/
                                  |Flow|   Occurrence   |Veloc|    Full    Full
  Link                 Type          LPS  days hr:min     m/sec    Flow   Depth
  -----------------------------------------------------------------------------
  UpstreamLink         CONDUIT     11.12     0  00:02      1.32    0.00    0.32
  1                    PUMP         8.08     0  03:59              0.16
  Over5                DUMMY        6.87     0  03:59
  Under5               DUMMY        3.12     0  03:59
  
  
  ***************************
  Flow Classification Summary
  ***************************
  
  -------------------------------------------------------------------------------------
                      Adjusted    ---------- Fraction of Time in Flow Class ---------- 
                       /Actual         Up    Down  Sub   Sup   Up    Down  Norm  Inlet 
  Conduit               Length    Dry  Dry   Dry   Crit  Crit  Crit  Crit  Ltd   Ctrl  
  -------------------------------------------------------------------------------------
  UpstreamLink            1.00   0.00  0.00  0.00  0.98  0.02  0.00  0.00  0.99  0.00
  
  
  *************************
  Conduit Surcharge Summary
  *************************
  
  No conduits were surcharged.
  
  
  ***************
  Pumping Summary
  ***************
  
  ---------------------------------------------------------------------------------------------------------
                                                  Min       Avg       Max     Total     Power    % Time Off
                        Percent   Number of      Flow      Flow      Flow    Volume     Usage    Pump Curve
  Pump                 Utilized   Start-Ups       LPS       LPS       LPS  10^6 ltr     Kw-hr    Low   High
  ---------------------------------------------------------------------------------------------------------
  1                       82.43           1      0.00      6.59      8.08     0.078     21.09    0.0    0.0
  

  Analysis begun on:  Fri Mar  6 14:29:38 2026
  Analysis ended on:  Fri Mar  6 14:29:38 2026
  Total elapsed time: < 1 sec