
  EPA STORM WATER MANAGEMENT MODEL - VERSION 5.2 (Build 5.2.4)
  ------------------------------------------------------------

  WARNING 02: maximum depth increased for Node 3
  
  ****************
  Analysis Options
  ****************
  Flow Units ............... CFS
  Process Models:
    Rainfall/Runoff ........ YES
    RDII ................... NO
    Snowmelt ............... NO
    Groundwater ............ NO
    Flow Routing ........... YES
    Ponding Allowed ........ YES
    Water Quality .......... NO
  Infiltration Method ...... HORTON
  Flow Routing Method ...... DYNWAVE
  Surcharge Method ......... EXTRAN
  Starting Date ............ 03/06/2014 00:00:00
  Ending Date .............. 03/07/2014 00:00:00
  Antecedent Dry Days ...... 0.0
  Report Time Step ......... 00:30:00
  Wet Time Step ............ 00:05:00
  Dry Time Step ............ 01:00:00
  Routing Time Step ........ 10.00 sec
  Variable Time Step ....... YES
  Maximum Trials ........... 8
  Number of Threads ........ 1
  Head Tolerance ........... 0.005000 ft
  
  
  **************************        Volume         Depth
  Runoff Quantity Continuity     acre-feet        inches
  **************************     ---------       -------
  Total Precipitation ......         0.087         4.179
  Evaporation Loss .........         0.000         0.000
  Infiltration Loss ........         0.048         2.280
  Surface Runoff ...........         0.040         1.900
  Final Storage ............         0.000         0.000
  Continuity Error (%) .....        -0.035
  
  
  **************************        Volume        Volume
  Flow Routing Continuity        acre-feet      10^6 gal
  **************************     ---------     ---------
  Dry Weather Inflow .......         0.000         0.000
  Wet Weather Inflow .......         0.040         0.013
  Groundwater Inflow .......         0.000         0.000
  RDII Inflow ..............         0.000         0.000
  External Inflow ..........        38.270        12.471
  External Outflow .........        38.047        12.398
  Flooding Loss ............         0.000         0.000
  Evaporation Loss .........         0.000         0.000
  Exfiltration Loss ........         0.000         0.000
  Initial Stored Volume ....         0.153         0.050
  Final Stored Volume ......         0.477         0.155
  Continuity Error (%) .....        -0.161
  
  
  ***************************
  Time-Step Critical Elements
  ***************************
  Link Culvert (99.65%)
  
  
  ********************************
  Highest Flow Instability Indexes
  ********************************
  All links are stable.
  
  
  *********************************
  Most Frequent Nonconverging Nodes
  *********************************
  Convergence obtained at all time steps.
  
  
  *************************
  Routing Time Step Summary
  *************************
  Minimum Time Step           :     0.50 sec
  Average Time Step           :     1.35 sec
  Maximum Time Step           :    10.00 sec
  % of Time in Steady State   :     0.00
  Average Iterations per Step :     2.00
  % of Steps Not Converging   :     0.00
  Time Step Frequencies       :
     10.000 -  5.493 sec      :     0.34 %
      5.493 -  3.017 sec      :     0.69 %
      3.017 -  1.657 sec      :    28.90 %
      1.657 -  0.910 sec      :    47.71 %
      0.910 -  0.500 sec      :    22.36 %
  
  
  ***************************
  Subcatchment Runoff Summary
  ***************************
  
  ------------------------------------------------------------------------------------------------------------------------------
                            Total      Total      Total      Total     Imperv       Perv      Total       Total     Peak  Runoff
                           Precip      Runon       Evap      Infil     Runoff     Runoff     Runoff      Runoff   Runoff   Coeff
  Subcatchment                 in         in         in         in         in         in         in    10^6 gal      CFS
  ------------------------------------------------------------------------------------------------------------------------------
  5                          4.18       0.00       0.00       2.28       1.90       1.89       1.90        0.01     0.24   0.455
  
  
  ******************
  Node Depth Summary
  ******************
  
  ---------------------------------------------------------------------------------
                                 Average  Maximum  Maximum  Time of Max    Reported
                                   Depth    Depth      HGL   Occurrence   Max Depth
  Node                 Type         Feet     Feet     Feet  days hr:min        Feet
  ---------------------------------------------------------------------------------
  1                    JUNCTION     3.16     3.79     3.04     0  23:59        3.79
  3                    JUNCTION     3.65     4.40     3.00     0  23:59        4.40
  2                    JUNCTION     3.41     4.04     3.04     0  23:59        4.04
  4                    OUTFALL      3.74     4.50     3.00     0  23:59        4.50
  
  
  *******************
  Node Inflow Summary
  *******************
  
  -------------------------------------------------------------------------------------------------
                                  Maximum  Maximum                  Lateral       Total        Flow
                                  Lateral    Total  Time of Max      Inflow      Inflow     Balance
                                   Inflow   Inflow   Occurrence      Volume      Volume       Error
  Node                 Type           CFS      CFS  days hr:min    10^6 gal    10^6 gal     Percent
  -------------------------------------------------------------------------------------------------
  1                    JUNCTION     61.23    61.23     0  12:00        12.5        12.5       0.204
  3                    JUNCTION      0.00    61.42     0  12:38           0        12.4       0.251
  2                    JUNCTION      0.24    66.87     0  12:01      0.0129        12.5       0.233
  4                    OUTFALL       0.00    61.37     0  12:38           0        12.4       0.000
  
  
  **********************
  Node Surcharge Summary
  **********************
  
  Surcharging occurs when water rises above the top of the highest conduit.
  ---------------------------------------------------------------------
                                               Max. Height   Min. Depth
                                   Hours       Above Crown    Below Rim
  Node                 Type      Surcharged           Feet         Feet
  ---------------------------------------------------------------------
  1                    JUNCTION        5.80          0.293        0.457
  2                    JUNCTION        0.49          0.040        0.460
  
  
  *********************
  Node Flooding Summary
  *********************
  
  No nodes were flooded.
  
  
  ***********************
  Outfall Loading Summary
  ***********************
  
  -----------------------------------------------------------
                         Flow       Avg       Max       Total
                         Freq      Flow      Flow      Volume
  Outfall Node           Pcnt       CFS       CFS    10^6 gal
  -----------------------------------------------------------
  4                    100.00     25.26     61.37      12.397
  -----------------------------------------------------------
  System               100.00     25.26     61.37      12.397
  
  
  ********************
  Link Flow Summary
  ********************
  
  -----------------------------------------------------------------------------
                                 Maximum  Time of Max   Maximum    Max/    Max/
                                  |Flow|   Occurrence   |Veloc|    Full    Full
  Link                 Type          CFS  days hr:min    ft/sec    Flow   Depth
  -----------------------------------------------------------------------------
  UpstreamDitch        CHANNEL     66.86     0  12:01      1.07    0.40    1.00
  Culvert              CONDUIT     61.42     0  12:38      4.04    0.54    1.00
  DownstreamDitch      CHANNEL     61.37     0  12:38      1.00    0.23    0.86
  
  
  ***************************
  Flow Classification Summary
  ***************************
  
  -------------------------------------------------------------------------------------
                      Adjusted    ---------- Fraction of Time in Flow Class ---------- 
                       /Actual         Up    Down  Sub   Sup   Up    Down  Norm  Inlet 
  Conduit               Length    Dry  Dry   Dry   Crit  Crit  Crit  Crit  Ltd   Ctrl  
  -------------------------------------------------------------------------------------
  UpstreamDitch           1.00   0.00  0.00  0.00  1.00  0.00  0.00  0.00  0.00  0.00
  Culvert                 1.00   0.00  0.00  0.00  1.00  0.00  0.00  0.00  0.00  0.00
  DownstreamDitch         1.00   0.00  0.00  0.00  1.00  0.00  0.00  0.00  0.00  0.00
  
  
  *************************
  Conduit Surcharge Summary
  *************************
  
  ----------------------------------------------------------------------------
                                                           Hours        Hours 
                         --------- Hours Full --------   Above Full   Capacity
  Conduit                Both Ends  Upstream  Dnstream   Normal Flow   Limited
  ----------------------------------------------------------------------------
  UpstreamDitch               5.79      5.79     11.98      0.01         0.01
  Culvert                     0.49      0.49      4.88      0.01         0.01
  

  Analysis begun on:  Fri Mar  6 14:30:28 2026
  Analysis ended on:  Fri Mar  6 14:30:28 2026
  Total elapsed time: < 1 sec