
  EPA STORM WATER MANAGEMENT MODEL - VERSION 5.2 (Build 5.2.4)
  ------------------------------------------------------------

  Scenario Run :  BASE 
  LID Model 
  
  *************
  Element Count
  *************
  Number of rain gages ...... 1
  Number of subcatchments ... 1
  Number of nodes ........... 3
  Number of links ........... 2
  Number of pollutants ...... 1
  Number of land uses ....... 1
  
  
  *****************
  Pollutant Summary
  *****************
                               Ppt.      GW         Kdecay
  Name                 Units   Concen.   Concen.    1/days    CoPollutant
  -----------------------------------------------------------------------
  SF1                   MG/L      0.00      0.00      0.00
  
  
  ***************
  Landuse Summary
  ***************
                         Sweeping   Maximum      Last
  Name                   Interval   Removal     Swept
  ---------------------------------------------------
  A                          0.00      0.00      0.00
  
  
  ****************
  Raingage Summary
  ****************
                                                      Data       Recording
  Name                 Data Source                    Type       Interval 
  ------------------------------------------------------------------------
  1                    A                              INTENSITY    5 min.
  
  
  ********************
  Subcatchment Summary
  ********************
  Name                       Area     Width   %Imperv    %Slope Rain Gage            Outlet              
  -----------------------------------------------------------------------------------------------------------
  100                        1.00    100.00     50.00    1.0000 1                    1                   


  *******************
  LID Control Summary
  *******************
                                   No. of        Unit        Unit      % Area    % Imperv      % Perv
  Subcatchment     LID Control      Units        Area       Width     Covered     Treated     Treated
  ---------------------------------------------------------------------------------------------------
  100              RAINGARDEN           1     2500.00      100.00       25.00       50.00        0.00
  100              BIO-RETENTION        1     2500.00       10.00       25.00       50.00        0.00
  
  
  ************
  Node Summary
  ************
                                           Invert      Max.    Ponded    External
  Name                 Type                 Elev.     Depth      Area    Inflow  
  -------------------------------------------------------------------------------
  1                    JUNCTION            102.00      7.30   80000.0
  2                    JUNCTION            101.00      4.34       0.0
  3                    OUTFALL             100.00      1.00       0.0
  
  
  ************
  Link Summary
  ************
  Name             From Node        To Node          Type            Length    %Slope Roughness
  ---------------------------------------------------------------------------------------------
  12               1                2                CONDUIT          100.0    1.0001    0.0100
  23               2                3                CONDUIT          100.0    1.0001    0.0100
  
  
  *********************
  Cross Section Summary
  *********************
                                        Full     Full     Hyd.     Max.   No. of     Full
  Conduit          Shape               Depth     Area     Rad.    Width  Barrels     Flow
  ---------------------------------------------------------------------------------------
  12               CIRCULAR             1.00     0.79     0.25     1.00        1     3.12
  23               RECT_CLOSED          1.00     1.60     0.31     1.60        1     7.29
  
  
  ****************
  Analysis Options
  ****************
  Flow Units ............... CMS
  Process Models:
    Rainfall/Runoff ........ YES
    RDII ................... NO
    Snowmelt ............... NO
    Groundwater ............ NO
    Flow Routing ........... YES
    Ponding Allowed ........ YES
    Water Quality .......... YES
  Infiltration Method ...... HORTON
  Flow Routing Method ...... DYNWAVE
  Surcharge Method ......... EXTRAN
  Starting Date ............ 03/22/2017 00:00:00
  Ending Date .............. 03/22/2017 05:00:00
  Antecedent Dry Days ...... 0.0
  Report Time Step ......... 00:05:00
  Wet Time Step ............ 00:05:00
  Dry Time Step ............ 01:00:00
  Routing Time Step ........ 5.00 sec
  Variable Time Step ....... YES
  Maximum Trials ........... 8
  Number of Threads ........ 1
  Head Tolerance ........... 0.001500 m
  
  
  **************************        Volume         Depth
  Runoff Quantity Continuity     hectare-m            mm
  **************************     ---------       -------
  Initial LID Storage ......         0.050        50.000
  Total Precipitation ......         0.100       100.004
  Evaporation Loss .........         0.000         0.174
  Infiltration Loss ........         0.021        20.749
  Surface Runoff ...........         0.000         0.000
  Final Storage ............         0.129       129.140
  Continuity Error (%) .....        -0.039
  
  
  **************************           SF1
  Runoff Quality Continuity             kg
  **************************    ----------
  Initial Buildup ..........        40.000
  Surface Buildup ..........         0.000
  Wet Deposition ...........         0.000
  Sweeping Removal .........         0.000
  Infiltration Loss ........         0.000
  BMP Removal ..............         0.000
  Surface Runoff ...........         0.000
  Remaining Buildup ........         0.000
  Continuity Error (%) .....       100.000
  
  
  **************************        Volume        Volume
  Flow Routing Continuity        hectare-m      10^6 ltr
  **************************     ---------     ---------
  Dry Weather Inflow .......         0.000         0.000
  Wet Weather Inflow .......         0.000         0.000
  Groundwater Inflow .......         0.000         0.000
  RDII Inflow ..............         0.000         0.000
  External Inflow ..........         0.000         0.000
  External Outflow .........         0.000         0.000
  Flooding Loss ............         0.000         0.000
  Evaporation Loss .........         0.000         0.000
  Exfiltration Loss ........         0.000         0.000
  Initial Stored Volume ....         0.000         0.000
  Final Stored Volume ......         0.000         0.000
  Continuity Error (%) .....         0.000
  
  
  **************************           SF1
  Quality Routing Continuity            kg
  **************************    ----------
  Dry Weather Inflow .......         0.000
  Wet Weather Inflow .......         0.000
  Groundwater Inflow .......         0.000
  RDII Inflow ..............         0.000
  External Inflow ..........         0.000
  External Outflow .........         0.000
  Flooding Loss ............         0.000
  Exfiltration Loss ........         0.000
  Mass Reacted .............         0.000
  Initial Stored Mass ......         0.000
  Final Stored Mass ........         0.000
  Continuity Error (%) .....         0.000
  
  
  ***************************
  Time-Step Critical Elements
  ***************************
  None
  
  
  ********************************
  Highest Flow Instability Indexes
  ********************************
  All links are stable.
  
  
  *********************************
  Most Frequent Nonconverging Nodes
  *********************************
  Convergence obtained at all time steps.
  
  
  *************************
  Routing Time Step Summary
  *************************
  Minimum Time Step           :     4.50 sec
  Average Time Step           :     5.00 sec
  Maximum Time Step           :     5.00 sec
  % of Time in Steady State   :     0.00
  Average Iterations per Step :     2.00
  % of Steps Not Converging   :     0.00
  Time Step Frequencies       :
      5.000 -  3.155 sec      :   100.00 %
      3.155 -  1.991 sec      :     0.00 %
      1.991 -  1.256 sec      :     0.00 %
      1.256 -  0.792 sec      :     0.00 %
      0.792 -  0.500 sec      :     0.00 %
  
  
  ***************************
  Subcatchment Runoff Summary
  ***************************
  
  ------------------------------------------------------------------------------------------------------------------------------
                            Total      Total      Total      Total     Imperv       Perv      Total       Total     Peak  Runoff
                           Precip      Runon       Evap      Infil     Runoff     Runoff     Runoff      Runoff   Runoff   Coeff
  Subcatchment                 mm         mm         mm         mm         mm         mm         mm    10^6 ltr      CMS
  ------------------------------------------------------------------------------------------------------------------------------
  100                      100.00       0.00       0.17      20.75      24.89       0.00       0.00        0.00     0.00   0.000
  

  ***********************
  LID Performance Summary
  ***********************

  --------------------------------------------------------------------------------------------------------------------
                                         Total      Evap     Infil   Surface    Drain    Initial     Final  Continuity
                                        Inflow      Loss      Loss   Outflow   Outflow   Storage   Storage       Error
  Subcatchment      LID Control             mm        mm        mm        mm        mm        mm        mm           %
  --------------------------------------------------------------------------------------------------------------------
  100               RAINGARDEN          149.78      0.17      0.00      0.00      0.00    100.00    249.61       -0.00
  100               BIO-RETENTION       149.78      0.17      0.00      0.00      0.00    100.00    249.61       -0.00
  
  ****************************
  Subcatchment Washoff Summary
  ****************************
  
  ----------------------------------
                                 SF1
  Subcatchment                    kg
  ----------------------------------
  100                          0.000
  ----------------------------------
  System                       0.000
  
  
  ******************
  Node Depth Summary
  ******************
  
  ---------------------------------------------------------------------------------
                                 Average  Maximum  Maximum  Time of Max    Reported
                                   Depth    Depth      HGL   Occurrence   Max Depth
  Node                 Type       Meters   Meters   Meters  days hr:min      Meters
  ---------------------------------------------------------------------------------
  1                    JUNCTION     0.00     0.00   102.00     0  01:25        0.00
  2                    JUNCTION     0.00     0.00   101.00     0  00:00        0.00
  3                    OUTFALL      0.00     0.00   100.00     0  00:00        0.00
  
  
  *******************
  Node Inflow Summary
  *******************
  
  -------------------------------------------------------------------------------------------------
                                  Maximum  Maximum                  Lateral       Total        Flow
                                  Lateral    Total  Time of Max      Inflow      Inflow     Balance
                                   Inflow   Inflow   Occurrence      Volume      Volume       Error
  Node                 Type           CMS      CMS  days hr:min    10^6 ltr    10^6 ltr     Percent
  -------------------------------------------------------------------------------------------------
  1                    JUNCTION     0.000    0.000     0  01:20    4.15e-18       1e-17       0.000 ltr
  2                    JUNCTION     0.000    0.000     0  00:00           0           0       0.000 ltr
  3                    OUTFALL      0.000    0.000     0  00:00           0           0       0.000 ltr
  
  
  **********************
  Node Surcharge Summary
  **********************
  
  No nodes were surcharged.
  
  
  *********************
  Node Flooding Summary
  *********************
  
  No nodes were flooded.
  
  
  ***********************
  Outfall Loading Summary
  ***********************
  
  -------------------------------------------------------------------------
                         Flow       Avg       Max       Total         Total
                         Freq      Flow      Flow      Volume           SF1
  Outfall Node           Pcnt       CMS       CMS    10^6 ltr            kg
  -------------------------------------------------------------------------
  3                      0.00     0.000     0.000       0.000         0.000
  -------------------------------------------------------------------------
  System                 0.00     0.000     0.000       0.000         0.000
  
  
  ********************
  Link Flow Summary
  ********************
  
  -----------------------------------------------------------------------------
                                 Maximum  Time of Max   Maximum    Max/    Max/
                                  |Flow|   Occurrence   |Veloc|    Full    Full
  Link                 Type          CMS  days hr:min     m/sec    Flow   Depth
  -----------------------------------------------------------------------------
  12                   CONDUIT     0.000     0  00:00      0.00    0.00    0.00
  23                   CONDUIT     0.000     0  00:00      0.00    0.00    0.00
  
  
  ***************************
  Flow Classification Summary
  ***************************
  
  -------------------------------------------------------------------------------------
                      Adjusted    ---------- Fraction of Time in Flow Class ---------- 
                       /Actual         Up    Down  Sub   Sup   Up    Down  Norm  Inlet 
  Conduit               Length    Dry  Dry   Dry   Crit  Crit  Crit  Crit  Ltd   Ctrl  
  -------------------------------------------------------------------------------------
  12                      1.00   1.00  0.00  0.00  0.00  0.00  0.00  0.00  0.00  0.00
  23                      1.00   1.00  0.00  0.00  0.00  0.00  0.00  0.00  0.00  0.00
  
  
  *************************
  Conduit Surcharge Summary
  *************************
  
  No conduits were surcharged.
  
  
  ***************************
  Link Pollutant Load Summary
  ***************************
  
  ----------------------------------
                                 SF1
  Link                            kg
  ----------------------------------
  12                           0.000
  23                           0.000
  

  Analysis begun on:  Fri Mar  6 14:31:42 2026
  Analysis ended on:  Fri Mar  6 14:31:42 2026
  Total elapsed time: < 1 sec