
  EPA STORM WATER MANAGEMENT MODEL - VERSION 5.2 (Build 5.2.4)
  ------------------------------------------------------------

  WARNING 04: minimum elevation drop used for Conduit 1
  WARNING 04: minimum elevation drop used for Conduit 3
  WARNING 04: minimum elevation drop used for Conduit 4
  WARNING 04: minimum elevation drop used for Conduit 6
  WARNING 04: minimum elevation drop used for Conduit 7
  WARNING 04: minimum elevation drop used for Conduit 8
  WARNING 04: minimum elevation drop used for Conduit 9
  WARNING 04: minimum elevation drop used for Conduit 10
  
  ****************
  Analysis Options
  ****************
  Flow Units ............... CFS
  Process Models:
    Rainfall/Runoff ........ YES
    RDII ................... NO
    Snowmelt ............... NO
    Groundwater ............ NO
    Flow Routing ........... YES
    Ponding Allowed ........ NO
    Water Quality .......... NO
  Infiltration Method ...... HORTON
  Flow Routing Method ...... DYNWAVE
  Surcharge Method ......... EXTRAN
  Starting Date ............ 11/13/2015 00:00:00
  Ending Date .............. 11/13/2015 06:00:00
  Antecedent Dry Days ...... 0.0
  Report Time Step ......... 00:15:00
  Wet Time Step ............ 00:05:00
  Dry Time Step ............ 01:00:00
  Routing Time Step ........ 30.00 sec
  Variable Time Step ....... YES
  Maximum Trials ........... 8
  Number of Threads ........ 1
  Head Tolerance ........... 0.005000 ft
  
  
  **************************        Volume         Depth
  Runoff Quantity Continuity     acre-feet        inches
  **************************     ---------       -------
  Total Precipitation ......         1.353         0.812
  Evaporation Loss .........         0.000         0.000
  Infiltration Loss ........         1.015         0.609
  Surface Runoff ...........         0.324         0.194
  Final Storage ............         0.017         0.010
  Continuity Error (%) .....        -0.150
  
  
  **************************        Volume        Volume
  Flow Routing Continuity        acre-feet      10^6 gal
  **************************     ---------     ---------
  Dry Weather Inflow .......         0.000         0.000
  Wet Weather Inflow .......         0.323         0.105
  Groundwater Inflow .......         0.000         0.000
  RDII Inflow ..............         0.000         0.000
  External Inflow ..........         0.000         0.000
  External Outflow .........         0.274         0.089
  Flooding Loss ............         0.027         0.009
  Evaporation Loss .........         0.000         0.000
  Exfiltration Loss ........         0.000         0.000
  Initial Stored Volume ....         0.000         0.000
  Final Stored Volume ......         0.023         0.008
  Continuity Error (%) .....        -0.259
  
  
  *************************
  Highest Continuity Errors
  *************************
  Node 3 (3.14%)
  Node 2 (2.97%)
  Node 6 (2.27%)
  Node 9 (2.19%)
  Node 4 (1.93%)
  
  
  ***************************
  Time-Step Critical Elements
  ***************************
  Link 3 (13.13%)
  Link 1 (7.21%)
  
  
  ********************************
  Highest Flow Instability Indexes
  ********************************
  All links are stable.
  
  
  *********************************
  Most Frequent Nonconverging Nodes
  *********************************
  Convergence obtained at all time steps.
  
  
  *************************
  Routing Time Step Summary
  *************************
  Minimum Time Step           :     6.51 sec
  Average Time Step           :    27.80 sec
  Maximum Time Step           :    30.00 sec
  % of Time in Steady State   :     0.00
  Average Iterations per Step :     2.00
  % of Steps Not Converging   :     0.00
  Time Step Frequencies       :
     30.000 - 13.228 sec      :    99.10 %
     13.228 -  5.833 sec      :     0.90 %
      5.833 -  2.572 sec      :     0.00 %
      2.572 -  1.134 sec      :     0.00 %
      1.134 -  0.500 sec      :     0.00 %
  
  
  ***************************
  Subcatchment Runoff Summary
  ***************************
  
  ------------------------------------------------------------------------------------------------------------------------------
                            Total      Total      Total      Total     Imperv       Perv      Total       Total     Peak  Runoff
                           Precip      Runon       Evap      Infil     Runoff     Runoff     Runoff      Runoff   Runoff   Coeff
  Subcatchment                 in         in         in         in         in         in         in    10^6 gal      CFS
  ------------------------------------------------------------------------------------------------------------------------------
  PL5                        0.81       0.00       0.00       0.61       0.19       0.00       0.19        0.03     0.54   0.239
  PL4                        0.81       0.00       0.00       0.61       0.19       0.00       0.19        0.03     0.54   0.239
  PL3                        0.81       0.00       0.00       0.61       0.19       0.00       0.19        0.03     0.54   0.239
  PL2                        0.81       0.00       0.00       0.61       0.19       0.00       0.19        0.03     0.54   0.239
  
  
  ******************
  Node Depth Summary
  ******************
  
  ---------------------------------------------------------------------------------
                                 Average  Maximum  Maximum  Time of Max    Reported
                                   Depth    Depth      HGL   Occurrence   Max Depth
  Node                 Type         Feet     Feet     Feet  days hr:min        Feet
  ---------------------------------------------------------------------------------
  2                    JUNCTION     0.62     0.96     0.96     0  04:12        0.95
  3                    JUNCTION     0.68     1.00     1.00     0  01:30        1.00
  4                    JUNCTION     0.71     1.00     1.00     0  01:26        1.00
  5                    JUNCTION     0.72     1.00     1.00     0  01:26        1.00
  Manhole              JUNCTION     0.62     0.96     0.96     0  04:11        0.95
  6                    JUNCTION     0.68     0.99     0.99     0  01:32        0.99
  7                    JUNCTION     0.00     0.00     0.00     0  00:00        0.00
  8                    JUNCTION     0.60     0.91     0.91     0  04:13        0.91
  9                    JUNCTION     0.66     0.98     0.98     0  04:13        0.98
  1                    OUTFALL      0.29     0.45     0.45     0  04:13        0.45
  DetentionPond        STORAGE      0.00     0.00    90.95     0  00:00        0.00
  
  
  *******************
  Node Inflow Summary
  *******************
  
  -------------------------------------------------------------------------------------------------
                                  Maximum  Maximum                  Lateral       Total        Flow
                                  Lateral    Total  Time of Max      Inflow      Inflow     Balance
                                   Inflow   Inflow   Occurrence      Volume      Volume       Error
  Node                 Type           CFS      CFS  days hr:min    10^6 gal    10^6 gal     Percent
  -------------------------------------------------------------------------------------------------
  2                    JUNCTION      0.54     0.54     0  01:30      0.0263      0.0276       3.063
  3                    JUNCTION      0.54     0.54     0  01:30      0.0263      0.0263       3.245
  4                    JUNCTION      0.54     0.92     0  03:50      0.0263      0.0469       1.972
  5                    JUNCTION      0.54     0.54     0  01:30      0.0263      0.0263       1.915
  Manhole              JUNCTION      0.00     0.09     0  03:51           0     0.00179      36.050
  6                    JUNCTION      0.00     0.80     0  03:51           0      0.0432       2.320
  7                    JUNCTION      0.00     0.00     0  00:00           0           0       0.000 gal
  8                    JUNCTION      0.00     1.16     0  04:10           0      0.0905       1.494
  9                    JUNCTION      0.00     0.95     0  01:27           0      0.0669       2.240
  1                    OUTFALL       0.00     1.15     0  04:13           0      0.0891       0.000
  DetentionPond        STORAGE       0.00     0.00     0  00:00           0           0       0.000 gal
  
  
  **********************
  Node Surcharge Summary
  **********************
  
  Surcharging occurs when water rises above the top of the highest conduit.
  ---------------------------------------------------------------------
                                               Max. Height   Min. Depth
                                   Hours       Above Crown    Below Rim
  Node                 Type      Surcharged           Feet         Feet
  ---------------------------------------------------------------------
  3                    JUNCTION        0.30          0.000        0.000
  4                    JUNCTION        0.58          0.000        0.000
  5                    JUNCTION        0.83          0.000        0.000
  7                    JUNCTION        6.00          0.000        0.000
  
  
  *********************
  Node Flooding Summary
  *********************
  
  Flooding refers to all water that overflows a node, whether it ponds or not.
  --------------------------------------------------------------------------
                                                             Total   Maximum
                                 Maximum   Time of Max       Flood    Ponded
                        Hours       Rate    Occurrence      Volume     Depth
  Node                 Flooded       CFS   days hr:min    10^6 gal      Feet
  --------------------------------------------------------------------------
  3                       0.30      0.13      0  04:14       0.001     0.000
  4                       0.58      0.31      0  04:13       0.003     0.000
  5                       0.83      0.42      0  04:20       0.005     0.000
  
  
  **********************
  Storage Volume Summary
  **********************
  
  ------------------------------------------------------------------------------------------------
                         Average    Avg   Evap  Exfil     Maximum    Max    Time of Max    Maximum
                          Volume   Pcnt   Pcnt   Pcnt      Volume   Pcnt     Occurrence    Outflow
  Storage Unit          1000 ftł   Full   Loss   Loss    1000 ftł   Full    days hr:min        CFS
  ------------------------------------------------------------------------------------------------
  DetentionPond            0.000    0.0    0.0    0.0       0.000    0.0       0  00:00       0.00
  
  
  ***********************
  Outfall Loading Summary
  ***********************
  
  -----------------------------------------------------------
                         Flow       Avg       Max       Total
                         Freq      Flow      Flow      Volume
  Outfall Node           Pcnt       CFS       CFS    10^6 gal
  -----------------------------------------------------------
  1                     89.45      0.65      1.15       0.089
  -----------------------------------------------------------
  System                89.45      0.65      1.15       0.089
  
  
  ********************
  Link Flow Summary
  ********************
  
  -----------------------------------------------------------------------------
                                 Maximum  Time of Max   Maximum    Max/    Max/
                                  |Flow|   Occurrence   |Veloc|    Full    Full
  Link                 Type          CFS  days hr:min    ft/sec    Flow   Depth
  -----------------------------------------------------------------------------
  1                    CONDUIT      0.43     0  03:51      0.55    5.92    1.00
  3                    CONDUIT      0.80     0  03:51      1.04   10.94    1.00
  4                    CONDUIT      0.09     0  03:51      0.54    1.17    0.96
  5                    CONDUIT      0.00     0  00:00      0.00    0.00    0.50
  6                    CONDUIT      0.45     0  01:31      0.82    6.12    0.99
  7                    CONDUIT      0.51     0  04:13      0.67    6.98    0.94
  8                    CONDUIT      0.68     0  03:53      0.92    9.32    0.98
  9                    CONDUIT      0.82     0  01:32      1.11   11.15    0.95
  10                   CONDUIT      1.15     0  04:13      2.01   15.66    0.68
  
  
  ***************************
  Flow Classification Summary
  ***************************
  
  -------------------------------------------------------------------------------------
                      Adjusted    ---------- Fraction of Time in Flow Class ---------- 
                       /Actual         Up    Down  Sub   Sup   Up    Down  Norm  Inlet 
  Conduit               Length    Dry  Dry   Dry   Crit  Crit  Crit  Crit  Ltd   Ctrl  
  -------------------------------------------------------------------------------------
  1                       1.00   0.03  0.00  0.00  0.97  0.00  0.00  0.00  0.03  0.00
  3                       1.00   0.03  0.00  0.00  0.97  0.00  0.00  0.00  0.00  0.00
  4                       1.00   0.03  0.00  0.00  0.97  0.00  0.00  0.00  0.00  0.00
  5                       1.00   0.03  0.97  0.00  0.00  0.00  0.00  0.00  0.00  0.00
  6                       1.00   0.03  0.00  0.00  0.97  0.00  0.00  0.00  0.00  0.00
  7                       1.00   0.03  0.00  0.00  0.97  0.00  0.00  0.00  0.00  0.00
  8                       1.00   0.04  0.00  0.00  0.96  0.00  0.00  0.00  0.00  0.00
  9                       1.00   0.04  0.00  0.00  0.96  0.00  0.00  0.00  0.00  0.00
  10                      1.00   0.04  0.00  0.00  0.96  0.00  0.00  0.00  0.00  0.00
  
  
  *************************
  Conduit Surcharge Summary
  *************************
  
  ----------------------------------------------------------------------------
                                                           Hours        Hours 
                         --------- Hours Full --------   Above Full   Capacity
  Conduit                Both Ends  Upstream  Dnstream   Normal Flow   Limited
  ----------------------------------------------------------------------------
  1                           0.58      0.82      0.58      4.21         0.01
  3                           0.01      0.58      0.01      4.94         0.01
  4                           0.01      0.01      0.01      0.05         0.01
  6                           0.01      0.30      0.01      4.60         0.01
  7                           0.01      0.01      0.01      4.66         0.01
  8                           0.01      0.01      0.01      5.10         0.01
  9                           0.01      0.01      0.01      5.16         0.01
  10                          0.01      0.01      0.01      5.08         0.01
  

  Analysis begun on:  Fri Mar  6 14:32:33 2026
  Analysis ended on:  Fri Mar  6 14:32:33 2026
  Total elapsed time: < 1 sec