
  EPA STORM WATER MANAGEMENT MODEL - VERSION 5.2 (Build 5.2.4)
  ------------------------------------------------------------

  Scenario Run :  BASE 
  DNV SWMM 9 Watershed Model. 
  WARNING 02: maximum depth increased for Node DUMMH00596
  WARNING 02: maximum depth increased for Node DUMMH6870
  
  ****************
  Analysis Options
  ****************
  Flow Units ............... CMS
  Process Models:
    Rainfall/Runoff ........ YES
    RDII ................... NO
    Snowmelt ............... NO
    Groundwater ............ YES
    Flow Routing ........... YES
    Ponding Allowed ........ NO
    Water Quality .......... NO
  Infiltration Method ...... GREEN_AMPT
  Flow Routing Method ...... DYNWAVE
  Surcharge Method ......... EXTRAN
  Starting Date ............ 01/03/2001 19:25:00
  Ending Date .............. 01/04/2001 03:00:00
  Antecedent Dry Days ...... 0.0
  Report Time Step ......... 00:01:00
  Wet Time Step ............ 00:05:00
  Dry Time Step ............ 00:05:00
  Routing Time Step ........ 5.00 sec
  Variable Time Step ....... YES
  Maximum Trials ........... 8
  Number of Threads ........ 1
  Head Tolerance ........... 0.001500 m
  
  
  *********************
  Rainfall File Summary
  *********************
  Station    First        Last         Recording   Periods    Periods    Periods
  ID         Date         Date         Frequency  w/Precip    Missing    Malfunc.
  -------------------------------------------------------------------------------
  
  
  ERROR 317: cannot open rainfall data file C:\Users\dickinre\Desktop\SEYMOUR_EXIST_10YR_20161003B.ISDB\JAN01_DN64scale_10yr.dat.

  Analysis begun on:  Fri Mar  6 14:38:26 2026
  Analysis ended on:  Fri Mar  6 14:38:26 2026
  Total elapsed time: < 1 sec