
  EPA STORM WATER MANAGEMENT MODEL - VERSION 5.2 (Build 5.2.4)
  ------------------------------------------------------------

  
  ERROR 211: invalid number ALWAYS at line 132 of [LOSS] section:
  2                0          0          0          NO         ALWAYS    

  
  ERROR 211: invalid number DEFAULT at line 133 of [LOSS] section:
  4                0          0          0          NO         DEFAULT   

  
  ERROR 211: invalid number DEFAULT at line 134 of [LOSS] section:
  6                0          0          0          NO         DEFAULT   

  
  ERROR 211: invalid number DEFAULT at line 135 of [LOSS] section:
  8                0          0          0          NO         DEFAULT   

  
  ERROR 211: invalid number DEFAULT at line 136 of [LOSS] section:
  10               0          0          0          NO         DEFAULT   

  
  ERROR 211: invalid number DEFAULT at line 137 of [LOSS] section:
  12               0          0          0          NO         DEFAULT   

  
  ERROR 211: invalid number DEFAULT at line 138 of [LOSS] section:
  14               0          0          0          NO         DEFAULT   

  
  ERROR 211: invalid number DEFAULT at line 139 of [LOSS] section:
  16               0          0          0          NO         DEFAULT   

  
  ERROR 211: invalid number DEFAULT at line 140 of [LOSS] section:
  18               0          0          0          NO         DEFAULT   

  
  ERROR 211: invalid number DEFAULT at line 141 of [LOSS] section:
  20               0          0          0          NO         DEFAULT   

  
  ERROR 211: invalid number DEFAULT at line 142 of [LOSS] section:
  22               0          0          0          NO         DEFAULT   

  
  ERROR 211: invalid number DEFAULT at line 143 of [LOSS] section:
  24               0          0          0          NO         DEFAULT   

  
  ERROR 211: invalid number DEFAULT at line 144 of [LOSS] section:
  26               0          0          0          NO         DEFAULT   

  
  ERROR 211: invalid number DEFAULT at line 145 of [LOSS] section:
  28               0          0          0          NO         DEFAULT   

  
  ERROR 211: invalid number DEFAULT at line 146 of [LOSS] section:
  30               0          0          0          NO         DEFAULT   

  
  ERROR 211: invalid number DEFAULT at line 147 of [LOSS] section:
  32               0          0          0          NO         DEFAULT   

  
  ERROR 211: invalid number DEFAULT at line 148 of [LOSS] section:
  34               0          0          0          NO         DEFAULT   

  
  ERROR 211: invalid number DEFAULT at line 149 of [LOSS] section:
  36               0          0          0          NO         DEFAULT   

  
  ERROR 211: invalid number DEFAULT at line 150 of [LOSS] section:
  38               0          0          0          NO         DEFAULT   

  
  ERROR 211: invalid number DEFAULT at line 151 of [LOSS] section:
  40               0          0          0          NO         DEFAULT   


  Analysis begun on:  Fri Mar  6 15:34:05 2026
  Analysis ended on:  Fri Mar  6 15:34:05 2026
  Total elapsed time: < 1 sec