1         *************************************************
          *    U.S. Environmental Protection Agency       *
          *    Storm Water Management Model  (SWMM)       *
          *                Version 4.99 CDM Inc           *
          *                                               *
          *  OSU/CDM Hydrology and Hydraulics Discipline  *
          *        Release Date - April 3, 2007           *
          *   CDM Inc. and Oregon State University        *
          *   Chuck Moore, Wayne Huber & Robert Dickinson *
          *   Compiled using Compaq Visual Fortran 6.6B   *
          *************************************************

                           Developed by                    

          *************************************************
          *             Metcalf & Eddy, Inc.              *
          *            University of Florida              *
          * Water Resources Engineers, Inc.(Now CDM Inc.) *
          *              September 1970                   *
          *************************************************

                   Distributed and Maintained by           

          *************************************************
          *      U.S. Environmental Protection Agency     *
          * Center for Exposure Assessment Modeling (CEAM)*
          *    Athens Environmental Research Laboratory   *
          *            960 College Station Road           *
          *            Athens, GA    30605-2720           *
          *************************************************

          *************************************************
          * This is a new release of SWMM. If any problems*
          * occur executing this model, contact either    *
          * Mr. Frank Stancil, U.S. Environmental         *
          * Protection Agency. 706/355-8328 (voice)       *
          *    e-mail: stancil@athens.ath.epa.gov         *
          * Or contact Wayne C. Huber at Oregon St.U.     *
          *    541/737-6150 and wayne.huber@orst.edu or   *
          * Robert Dickinson, CDM Inc. dickinsonre@cdm.com*
          *************************************************

