1         *************************************************
          *    U.S. Environmental Protection Agency       *
          *    Storm Water Management Model  (SWMM)       *
          *                Version 4.99 CDM Inc           *
          *                                               *
          *  OSU/CDM Hydrology and Hydraulics Discipline  *
          *        Release Date - April 3, 2007           *
          *   CDM Inc. and Oregon State University        *
          *   Chuck Moore, Wayne Huber & Robert Dickinson *
          *   Compiled using Compaq Visual Fortran 6.6B   *
          *************************************************

                           Developed by                    

          *************************************************
          *             Metcalf & Eddy, Inc.              *
          *            University of Florida              *
          * Water Resources Engineers, Inc.(Now CDM Inc.) *
          *              September 1970                   *
          *************************************************

                   Distributed and Maintained by           

          *************************************************
          *      U.S. Environmental Protection Agency     *
          * Center for Exposure Assessment Modeling (CEAM)*
          *    Athens Environmental Research Laboratory   *
          *            960 College Station Road           *
          *            Athens, GA    30605-2720           *
          *************************************************

          *************************************************
          * This is a new release of SWMM. If any problems*
          * occur executing this model, contact either    *
          * Mr. Frank Stancil, U.S. Environmental         *
          * Protection Agency. 706/355-8328 (voice)       *
          *    e-mail: stancil@athens.ath.epa.gov         *
          * Or contact Wayne C. Huber at Oregon St.U.     *
          *    541/737-6150 and wayne.huber@orst.edu or   *
          * Robert Dickinson, CDM Inc. dickinsonre@cdm.com*
          *************************************************


     ########################
     # Special Note Section #
     ########################



 *****************************************************
 *                     Conduit Data                  *
 *****************************************************

  INP  CONDUIT                 LENGTH   CONDUIT     AREA   MANNING MAX WIDTH     DEPTH    Sediment       JUNCTIONS                           INVERT HEIGHT     TRAPEZOID
  NUM  Name/Number              (ft)      CLASS   ( ft^2)     COEF.   (ft)         (ft)   Depth(ft)    AT THE ENDS                           ABOVE JUNCTIONS   SIDE SLOPES
 ----  ---------------         -------  --------   -------   ------- ---------     -----  --------- ---------------    ------------       ---------------  ----- -----
   1 3                            100. CIRCULAR      12.57   0.04000      4.00      4.00      0.00  3                        4                       
   2 4                            500. CIRCULAR      12.57   0.04000      4.00      4.00      0.00  1                        4                       
   3 5                            100. CIRCULAR      12.57   0.04000      4.00      4.00      0.00  4                        5                       


 *****************************************************
 *                  Junction Data                    *
 *****************************************************

 INP  JUNCTION                 GROUND    CROWN     INVERT     QINST   INITIAL    CONNECTING CONDUITS
 NUM  Name/Number               ELEV.     ELEV.     ELEV.       cfs  DEPTH(ft)
 ---  -----------             -------   -------    ------  -------   --------     -------------------
     1 1                        200.00    180.00    176.00      0.00      0.00   4                       
     2 2                        190.00    177.00    177.00      0.00      0.00
     3 3                        188.00    179.00    175.00      0.00      0.00   3                       
     4 4                        188.00    178.00    174.00      0.00      0.00   3                        4                        5                       
     5 5                        190.00    177.00    173.00      0.00      0.00   5                       


 *****************************************************
 *           Additional Junction Data                *
 *****************************************************

 SURCHARGE    DWF      Type
 INP  JUNCTION                                                  ELEVATION    Pattern  of DWF      Unit     Unit
 NUM  Name/Number                 XLOC            YLOC(FT)        Number   Pattern     Flow    Value
 ---   ----------                 -------------   ------------  --------     -------  -------   ------   ------
   1 1                                100.00         100.00        0.000         0   Qinst      0.000    0.000
   2 2                                200.00         100.00        0.000         0   Qinst      0.000    0.000
   3 3                                300.00         100.00        0.000         0   Qinst      0.000    0.000
   4 4                                400.00         100.00        0.000         0   Qinst      0.000    0.000
   5 5                                500.00         100.00        0.000         0   Qinst      0.000    0.000

  #####################################
  # WMM Base flow mean =       0.0000 #
  #####################################

